{"C:\\Users\\NicoMendoza\\Documents\\dwla-web-app\\Client\\src\\Root.js": {"path":"C:\\Users\\NicoMendoza\\Documents\\dwla-web-app\\Client\\src\\Root.js","statementMap":{"0":{"start":{"line":15,"column":19},"end":{"line":15,"column":21}},"1":{"start":{"line":17,"column":22},"end":{"line":41,"column":3}},"2":{"start":{"line":19,"column":4},"end":{"line":23,"column":5}},"3":{"start":{"line":20,"column":6},"end":{"line":20,"column":33}},"4":{"start":{"line":22,"column":6},"end":{"line":22,"column":58}},"5":{"start":{"line":24,"column":4},"end":{"line":24,"column":57}},"6":{"start":{"line":25,"column":4},"end":{"line":40,"column":5}},"7":{"start":{"line":26,"column":26},"end":{"line":26,"column":79}},"8":{"start":{"line":27,"column":6},"end":{"line":33,"column":8}},"9":{"start":{"line":30,"column":27},"end":{"line":30,"column":84}},"10":{"start":{"line":34,"column":11},"end":{"line":40,"column":5}},"11":{"start":{"line":35,"column":6},"end":{"line":37,"column":8}},"12":{"start":{"line":38,"column":11},"end":{"line":40,"column":5}},"13":{"start":{"line":39,"column":6},"end":{"line":39,"column":68}},"14":{"start":{"line":39,"column":36},"end":{"line":39,"column":66}},"15":{"start":{"line":43,"column":2},"end":{"line":43,"column":57}},"16":{"start":{"line":43,"column":25},"end":{"line":43,"column":55}},"17":{"start":{"line":46,"column":2},"end":{"line":46,"column":37}},"18":{"start":{"line":55,"column":21},"end":{"line":55,"column":69}},"19":{"start":{"line":56,"column":4},"end":{"line":60,"column":6}}},"fnMap":{"0":{"name":"renderRouteConfigV3","decl":{"start":{"line":13,"column":9},"end":{"line":13,"column":28}},"loc":{"start":{"line":13,"column":50},"end":{"line":47,"column":1}},"line":13},"1":{"name":"(anonymous_1)","decl":{"start":{"line":17,"column":22},"end":{"line":17,"column":23}},"loc":{"start":{"line":17,"column":50},"end":{"line":41,"column":3}},"line":17},"2":{"name":"(anonymous_2)","decl":{"start":{"line":30,"column":18},"end":{"line":30,"column":19}},"loc":{"start":{"line":30,"column":27},"end":{"line":30,"column":84}},"line":30},"3":{"name":"(anonymous_3)","decl":{"start":{"line":39,"column":31},"end":{"line":39,"column":32}},"loc":{"start":{"line":39,"column":36},"end":{"line":39,"column":66}},"line":39},"4":{"name":"(anonymous_4)","decl":{"start":{"line":43,"column":17},"end":{"line":43,"column":18}},"loc":{"start":{"line":43,"column":25},"end":{"line":43,"column":55}},"line":43},"5":{"name":"(anonymous_5)","decl":{"start":{"line":54,"column":2},"end":{"line":54,"column":3}},"loc":{"start":{"line":54,"column":11},"end":{"line":61,"column":3}},"line":54}},"branchMap":{"0":{"loc":{"start":{"line":19,"column":4},"end":{"line":23,"column":5}},"type":"if","locations":[{"start":{"line":19,"column":4},"end":{"line":23,"column":5}},{"start":{"line":19,"column":4},"end":{"line":23,"column":5}}],"line":19},"1":{"loc":{"start":{"line":25,"column":4},"end":{"line":40,"column":5}},"type":"if","locations":[{"start":{"line":25,"column":4},"end":{"line":40,"column":5}},{"start":{"line":25,"column":4},"end":{"line":40,"column":5}}],"line":25},"2":{"loc":{"start":{"line":25,"column":8},"end":{"line":25,"column":42}},"type":"binary-expr","locations":[{"start":{"line":25,"column":8},"end":{"line":25,"column":22}},{"start":{"line":25,"column":26},"end":{"line":25,"column":42}}],"line":25},"3":{"loc":{"start":{"line":34,"column":11},"end":{"line":40,"column":5}},"type":"if","locations":[{"start":{"line":34,"column":11},"end":{"line":40,"column":5}},{"start":{"line":34,"column":11},"end":{"line":40,"column":5}}],"line":34},"4":{"loc":{"start":{"line":38,"column":11},"end":{"line":40,"column":5}},"type":"if","locations":[{"start":{"line":38,"column":11},"end":{"line":40,"column":5}},{"start":{"line":38,"column":11},"end":{"line":40,"column":5}}],"line":38}},"s":{"0":2,"1":2,"2":8,"3":2,"4":6,"5":8,"6":8,"7":1,"8":1,"9":0,"10":7,"11":1,"12":6,"13":2,"14":6,"15":2,"16":2,"17":2,"18":1,"19":1},"f":{"0":2,"1":8,"2":0,"3":6,"4":2,"5":1},"b":{"0":[2,6],"1":[1,7],"2":[8,2],"3":[1,6],"4":[2,4]},"_coverageSchema":"332fd63041d2c1bcb487cc26dd0d5f7d97098a6c","hash":"d2280aeb46c19aba1e935baec221c19c0ee7b81e"}
,"C:\\Users\\NicoMendoza\\Documents\\dwla-web-app\\Client\\src\\index.js": {"path":"C:\\Users\\NicoMendoza\\Documents\\dwla-web-app\\Client\\src\\index.js","statementMap":{"0":{"start":{"line":12,"column":14},"end":{"line":12,"column":27}},"1":{"start":{"line":14,"column":27},"end":{"line":14,"column":28}},"2":{"start":{"line":15,"column":20},"end":{"line":15,"column":22}},"3":{"start":{"line":16,"column":23},"end":{"line":16,"column":24}},"4":{"start":{"line":18,"column":0},"end":{"line":18,"column":34}},"5":{"start":{"line":20,"column":0},"end":{"line":20,"column":79}},"6":{"start":{"line":21,"column":0},"end":{"line":21,"column":65}},"7":{"start":{"line":22,"column":0},"end":{"line":32,"column":3}},"8":{"start":{"line":23,"column":2},"end":{"line":31,"column":5}},"9":{"start":{"line":24,"column":19},"end":{"line":30,"column":19}},"10":{"start":{"line":25,"column":6},"end":{"line":29,"column":7}},"11":{"start":{"line":26,"column":8},"end":{"line":26,"column":27}},"12":{"start":{"line":27,"column":8},"end":{"line":27,"column":32}},"13":{"start":{"line":28,"column":8},"end":{"line":28,"column":24}},"14":{"start":{"line":36,"column":0},"end":{"line":45,"column":2}},"15":{"start":{"line":38,"column":4},"end":{"line":38,"column":57}},"16":{"start":{"line":39,"column":4},"end":{"line":39,"column":37}},"17":{"start":{"line":42,"column":4},"end":{"line":42,"column":57}},"18":{"start":{"line":43,"column":4},"end":{"line":43,"column":33}},"19":{"start":{"line":47,"column":0},"end":{"line":57,"column":1}},"20":{"start":{"line":48,"column":2},"end":{"line":48,"column":38}},"21":{"start":{"line":49,"column":18},"end":{"line":49,"column":51}},"22":{"start":{"line":50,"column":2},"end":{"line":50,"column":50}},"23":{"start":{"line":51,"column":2},"end":{"line":51,"column":46}},"24":{"start":{"line":52,"column":22},"end":{"line":52,"column":39}},"25":{"start":{"line":53,"column":2},"end":{"line":56,"column":3}},"26":{"start":{"line":54,"column":4},"end":{"line":54,"column":41}},"27":{"start":{"line":55,"column":4},"end":{"line":55,"column":36}},"28":{"start":{"line":60,"column":2},"end":{"line":60,"column":78}},"29":{"start":{"line":63,"column":0},"end":{"line":63,"column":60}},"30":{"start":{"line":67,"column":0},"end":{"line":76,"column":1}}},"fnMap":{"0":{"name":"(anonymous_0)","decl":{"start":{"line":22,"column":31},"end":{"line":22,"column":32}},"loc":{"start":{"line":22,"column":48},"end":{"line":32,"column":1}},"line":22},"1":{"name":"(anonymous_1)","decl":{"start":{"line":23,"column":21},"end":{"line":23,"column":22}},"loc":{"start":{"line":23,"column":42},"end":{"line":31,"column":3}},"line":23},"2":{"name":"(anonymous_2)","decl":{"start":{"line":24,"column":31},"end":{"line":24,"column":32}},"loc":{"start":{"line":24,"column":37},"end":{"line":30,"column":5}},"line":24},"3":{"name":"(anonymous_3)","decl":{"start":{"line":37,"column":2},"end":{"line":37,"column":3}},"loc":{"start":{"line":37,"column":21},"end":{"line":40,"column":3}},"line":37},"4":{"name":"(anonymous_4)","decl":{"start":{"line":41,"column":2},"end":{"line":41,"column":3}},"loc":{"start":{"line":41,"column":18},"end":{"line":44,"column":3}},"line":41},"5":{"name":"renderApp","decl":{"start":{"line":59,"column":9},"end":{"line":59,"column":18}},"loc":{"start":{"line":59,"column":24},"end":{"line":61,"column":1}},"line":59}},"branchMap":{"0":{"loc":{"start":{"line":25,"column":6},"end":{"line":29,"column":7}},"type":"if","locations":[{"start":{"line":25,"column":6},"end":{"line":29,"column":7}},{"start":{"line":25,"column":6},"end":{"line":29,"column":7}}],"line":25},"1":{"loc":{"start":{"line":47,"column":0},"end":{"line":57,"column":1}},"type":"if","locations":[{"start":{"line":47,"column":0},"end":{"line":57,"column":1}},{"start":{"line":47,"column":0},"end":{"line":57,"column":1}}],"line":47},"2":{"loc":{"start":{"line":53,"column":2},"end":{"line":56,"column":3}},"type":"if","locations":[{"start":{"line":53,"column":2},"end":{"line":56,"column":3}},{"start":{"line":53,"column":2},"end":{"line":56,"column":3}}],"line":53},"3":{"loc":{"start":{"line":67,"column":0},"end":{"line":76,"column":1}},"type":"if","locations":[{"start":{"line":67,"column":0},"end":{"line":76,"column":1}}],"line":67}},"s":{"0":1,"1":1,"2":1,"3":1,"4":1,"5":1,"6":1,"7":1,"8":0,"9":0,"10":0,"11":0,"12":0,"13":0,"14":1,"15":0,"16":0,"17":0,"18":0,"19":1,"20":0,"21":0,"22":0,"23":0,"24":0,"25":0,"26":0,"27":0,"28":0,"29":0,"30":0},"f":{"0":0,"1":0,"2":0,"3":0,"4":0,"5":0},"b":{"0":[0,0],"1":[0,0],"2":[0,0],"3":[0]},"_coverageSchema":"332fd63041d2c1bcb487cc26dd0d5f7d97098a6c","hash":"f618482170cbd4e2bfe638893aa2db6294a508ba"}
,"C:\\Users\\NicoMendoza\\Documents\\dwla-web-app\\Client\\src\\common\\configStore.js": {"path":"C:\\Users\\NicoMendoza\\Documents\\dwla-web-app\\Client\\src\\common\\configStore.js","statementMap":{"0":{"start":{"line":7,"column":15},"end":{"line":7,"column":40}},"1":{"start":{"line":10,"column":20},"end":{"line":10,"column":35}},"2":{"start":{"line":12,"column":24},"end":{"line":12,"column":30}},"3":{"start":{"line":12,"column":29},"end":{"line":12,"column":30}},"4":{"start":{"line":15,"column":0},"end":{"line":24,"column":1}},"5":{"start":{"line":27,"column":2},"end":{"line":29,"column":10}},"6":{"start":{"line":32,"column":16},"end":{"line":36,"column":3}},"7":{"start":{"line":39,"column":2},"end":{"line":45,"column":3}},"8":{"start":{"line":46,"column":2},"end":{"line":46,"column":15}}},"fnMap":{"0":{"name":"(anonymous_0)","decl":{"start":{"line":12,"column":24},"end":{"line":12,"column":25}},"loc":{"start":{"line":12,"column":29},"end":{"line":12,"column":30}},"line":12},"1":{"name":"configureStore","decl":{"start":{"line":31,"column":24},"end":{"line":31,"column":38}},"loc":{"start":{"line":31,"column":53},"end":{"line":47,"column":1}},"line":31}},"branchMap":{"0":{"loc":{"start":{"line":15,"column":0},"end":{"line":24,"column":1}},"type":"if","locations":[{"start":{"line":15,"column":0},"end":{"line":24,"column":1}}],"line":15},"1":{"loc":{"start":{"line":27,"column":2},"end":{"line":29,"column":10}},"type":"cond-expr","locations":[{"start":{"line":28,"column":6},"end":{"line":28,"column":98}},{"start":{"line":29,"column":6},"end":{"line":29,"column":10}}],"line":27},"2":{"loc":{"start":{"line":28,"column":6},"end":{"line":28,"column":98}},"type":"binary-expr","locations":[{"start":{"line":28,"column":6},"end":{"line":28,"column":49}},{"start":{"line":28,"column":53},"end":{"line":28,"column":98}}],"line":28},"3":{"loc":{"start":{"line":39,"column":2},"end":{"line":45,"column":3}},"type":"if","locations":[{"start":{"line":39,"column":2},"end":{"line":45,"column":3}}],"line":39}},"s":{"0":2,"1":2,"2":2,"3":2,"4":2,"5":2,"6":2,"7":2,"8":2},"f":{"0":2,"1":2},"b":{"0":[2],"1":[0,2],"2":[0,0],"3":[2]},"_coverageSchema":"332fd63041d2c1bcb487cc26dd0d5f7d97098a6c","hash":"6a8e1a5dee8f951908e4dd3e7ee9f51ad13e13a5"}
,"C:\\Users\\NicoMendoza\\Documents\\dwla-web-app\\Client\\src\\common\\history.js": {"path":"C:\\Users\\NicoMendoza\\Documents\\dwla-web-app\\Client\\src\\common\\history.js","statementMap":{"0":{"start":{"line":4,"column":16},"end":{"line":4,"column":31}}},"fnMap":{},"branchMap":{},"s":{"0":2},"f":{},"b":{},"_coverageSchema":"332fd63041d2c1bcb487cc26dd0d5f7d97098a6c","hash":"d6e7c34af9f78e55e8a40539718a3cc0197cc8b6"}
,"C:\\Users\\NicoMendoza\\Documents\\dwla-web-app\\Client\\src\\common\\rootReducer.js": {"path":"C:\\Users\\NicoMendoza\\Documents\\dwla-web-app\\Client\\src\\common\\rootReducer.js","statementMap":{"0":{"start":{"line":11,"column":19},"end":{"line":15,"column":1}}},"fnMap":{},"branchMap":{},"s":{"0":2},"f":{},"b":{},"_coverageSchema":"332fd63041d2c1bcb487cc26dd0d5f7d97098a6c","hash":"d51e1c9f1d85b05eccf1c8d66ab35956c49940b7"}
,"C:\\Users\\NicoMendoza\\Documents\\dwla-web-app\\Client\\src\\common\\routeConfig.js": {"path":"C:\\Users\\NicoMendoza\\Documents\\dwla-web-app\\Client\\src\\common\\routeConfig.js","statementMap":{"0":{"start":{"line":9,"column":20},"end":{"line":9,"column":43}},"1":{"start":{"line":11,"column":15},"end":{"line":20,"column":1}},"2":{"start":{"line":18,"column":18},"end":{"line":18,"column":76}},"3":{"start":{"line":25,"column":2},"end":{"line":27,"column":3}},"4":{"start":{"line":26,"column":4},"end":{"line":26,"column":11}},"5":{"start":{"line":29,"column":21},"end":{"line":29,"column":70}},"6":{"start":{"line":29,"column":56},"end":{"line":29,"column":69}},"7":{"start":{"line":30,"column":2},"end":{"line":36,"column":3}},"8":{"start":{"line":31,"column":18},"end":{"line":31,"column":35}},"9":{"start":{"line":32,"column":4},"end":{"line":32,"column":20}},"10":{"start":{"line":33,"column":4},"end":{"line":33,"column":23}},"11":{"start":{"line":34,"column":4},"end":{"line":34,"column":32}},"12":{"start":{"line":35,"column":4},"end":{"line":35,"column":37}},"13":{"start":{"line":37,"column":2},"end":{"line":37,"column":46}},"14":{"start":{"line":40,"column":0},"end":{"line":40,"column":33}}},"fnMap":{"0":{"name":"(anonymous_0)","decl":{"start":{"line":18,"column":13},"end":{"line":18,"column":14}},"loc":{"start":{"line":18,"column":18},"end":{"line":18,"column":76}},"line":18},"1":{"name":"handleIndexRoute","decl":{"start":{"line":24,"column":9},"end":{"line":24,"column":25}},"loc":{"start":{"line":24,"column":33},"end":{"line":38,"column":1}},"line":24},"2":{"name":"(anonymous_2)","decl":{"start":{"line":29,"column":47},"end":{"line":29,"column":48}},"loc":{"start":{"line":29,"column":56},"end":{"line":29,"column":69}},"line":29}},"branchMap":{"0":{"loc":{"start":{"line":18,"column":18},"end":{"line":18,"column":76}},"type":"binary-expr","locations":[{"start":{"line":18,"column":18},"end":{"line":18,"column":29}},{"start":{"line":18,"column":34},"end":{"line":18,"column":47}},{"start":{"line":18,"column":51},"end":{"line":18,"column":75}}],"line":18},"1":{"loc":{"start":{"line":25,"column":2},"end":{"line":27,"column":3}},"type":"if","locations":[{"start":{"line":25,"column":2},"end":{"line":27,"column":3}},{"start":{"line":25,"column":2},"end":{"line":27,"column":3}}],"line":25},"2":{"loc":{"start":{"line":25,"column":6},"end":{"line":25,"column":53}},"type":"binary-expr","locations":[{"start":{"line":25,"column":6},"end":{"line":25,"column":24}},{"start":{"line":25,"column":28},"end":{"line":25,"column":53}}],"line":25},"3":{"loc":{"start":{"line":30,"column":2},"end":{"line":36,"column":3}},"type":"if","locations":[{"start":{"line":30,"column":2},"end":{"line":36,"column":3}},{"start":{"line":30,"column":2},"end":{"line":36,"column":3}}],"line":30}},"s":{"0":1,"1":1,"2":3,"3":28,"4":26,"5":2,"6":3,"7":2,"8":1,"9":1,"10":1,"11":1,"12":1,"13":2,"14":1},"f":{"0":3,"1":28,"2":3},"b":{"0":[3,2,2],"1":[26,2],"2":[28,2],"3":[1,1]},"_coverageSchema":"332fd63041d2c1bcb487cc26dd0d5f7d97098a6c","hash":"0073415eeb936fb1c522151b260e095e2c7c293f"}
,"C:\\Users\\NicoMendoza\\Documents\\dwla-web-app\\Client\\src\\common\\setAuthToken.js": {"path":"C:\\Users\\NicoMendoza\\Documents\\dwla-web-app\\Client\\src\\common\\setAuthToken.js","statementMap":{"0":{"start":{"line":3,"column":21},"end":{"line":9,"column":1}},"1":{"start":{"line":4,"column":2},"end":{"line":8,"column":3}},"2":{"start":{"line":5,"column":4},"end":{"line":5,"column":59}},"3":{"start":{"line":7,"column":4},"end":{"line":7,"column":58}}},"fnMap":{"0":{"name":"(anonymous_0)","decl":{"start":{"line":3,"column":21},"end":{"line":3,"column":22}},"loc":{"start":{"line":3,"column":30},"end":{"line":9,"column":1}},"line":3}},"branchMap":{"0":{"loc":{"start":{"line":4,"column":2},"end":{"line":8,"column":3}},"type":"if","locations":[{"start":{"line":4,"column":2},"end":{"line":8,"column":3}},{"start":{"line":4,"column":2},"end":{"line":8,"column":3}}],"line":4}},"s":{"0":90,"1":0,"2":0,"3":0},"f":{"0":0},"b":{"0":[0,0]},"_coverageSchema":"332fd63041d2c1bcb487cc26dd0d5f7d97098a6c","hash":"05cbd192e886ff4cee6ef3b6e3183d2e50a79d63"}
,"C:\\Users\\NicoMendoza\\Documents\\dwla-web-app\\Client\\src\\features\\app\\AdminActivateAccount.js": {"path":"C:\\Users\\NicoMendoza\\Documents\\dwla-web-app\\Client\\src\\features\\app\\AdminActivateAccount.js","statementMap":{"0":{"start":{"line":19,"column":4},"end":{"line":19,"column":17}},"1":{"start":{"line":20,"column":4},"end":{"line":28,"column":6}},"2":{"start":{"line":29,"column":4},"end":{"line":29,"column":45}},"3":{"start":{"line":33,"column":4},"end":{"line":35,"column":7}},"4":{"start":{"line":36,"column":4},"end":{"line":36,"column":39}},"5":{"start":{"line":37,"column":4},"end":{"line":52,"column":9}},"6":{"start":{"line":44,"column":8},"end":{"line":44,"column":44}},"7":{"start":{"line":45,"column":8},"end":{"line":48,"column":11}},"8":{"start":{"line":51,"column":8},"end":{"line":51,"column":44}},"9":{"start":{"line":56,"column":4},"end":{"line":59,"column":7}},"10":{"start":{"line":60,"column":4},"end":{"line":60,"column":63}},"11":{"start":{"line":61,"column":4},"end":{"line":72,"column":9}},"12":{"start":{"line":64,"column":8},"end":{"line":64,"column":44}},"13":{"start":{"line":65,"column":8},"end":{"line":68,"column":11}},"14":{"start":{"line":71,"column":8},"end":{"line":71,"column":54}},"15":{"start":{"line":76,"column":4},"end":{"line":76,"column":56}},"16":{"start":{"line":80,"column":4},"end":{"line":80,"column":39}},"17":{"start":{"line":81,"column":4},"end":{"line":92,"column":9}},"18":{"start":{"line":84,"column":8},"end":{"line":84,"column":44}},"19":{"start":{"line":85,"column":8},"end":{"line":88,"column":11}},"20":{"start":{"line":91,"column":8},"end":{"line":91,"column":44}},"21":{"start":{"line":96,"column":4},"end":{"line":96,"column":39}},"22":{"start":{"line":97,"column":4},"end":{"line":108,"column":9}},"23":{"start":{"line":100,"column":8},"end":{"line":100,"column":44}},"24":{"start":{"line":101,"column":8},"end":{"line":104,"column":11}},"25":{"start":{"line":107,"column":8},"end":{"line":107,"column":44}},"26":{"start":{"line":112,"column":24},"end":{"line":112,"column":26}},"27":{"start":{"line":113,"column":4},"end":{"line":149,"column":5}},"28":{"start":{"line":114,"column":6},"end":{"line":148,"column":8}},"29":{"start":{"line":128,"column":33},"end":{"line":128,"column":79}},"30":{"start":{"line":138,"column":33},"end":{"line":138,"column":74}},"31":{"start":{"line":150,"column":4},"end":{"line":198,"column":6}}},"fnMap":{"0":{"name":"(anonymous_0)","decl":{"start":{"line":18,"column":2},"end":{"line":18,"column":3}},"loc":{"start":{"line":18,"column":21},"end":{"line":30,"column":3}},"line":18},"1":{"name":"(anonymous_1)","decl":{"start":{"line":32,"column":13},"end":{"line":32,"column":14}},"loc":{"start":{"line":32,"column":21},"end":{"line":53,"column":3}},"line":32},"2":{"name":"(anonymous_2)","decl":{"start":{"line":43,"column":12},"end":{"line":43,"column":13}},"loc":{"start":{"line":43,"column":19},"end":{"line":49,"column":7}},"line":43},"3":{"name":"(anonymous_3)","decl":{"start":{"line":50,"column":13},"end":{"line":50,"column":14}},"loc":{"start":{"line":50,"column":20},"end":{"line":52,"column":7}},"line":50},"4":{"name":"(anonymous_4)","decl":{"start":{"line":55,"column":2},"end":{"line":55,"column":3}},"loc":{"start":{"line":55,"column":18},"end":{"line":73,"column":3}},"line":55},"5":{"name":"(anonymous_5)","decl":{"start":{"line":63,"column":12},"end":{"line":63,"column":13}},"loc":{"start":{"line":63,"column":19},"end":{"line":69,"column":7}},"line":63},"6":{"name":"(anonymous_6)","decl":{"start":{"line":70,"column":13},"end":{"line":70,"column":14}},"loc":{"start":{"line":70,"column":20},"end":{"line":72,"column":7}},"line":70},"7":{"name":"(anonymous_7)","decl":{"start":{"line":75,"column":2},"end":{"line":75,"column":3}},"loc":{"start":{"line":75,"column":31},"end":{"line":77,"column":3}},"line":75},"8":{"name":"(anonymous_8)","decl":{"start":{"line":79,"column":2},"end":{"line":79,"column":3}},"loc":{"start":{"line":79,"column":30},"end":{"line":93,"column":3}},"line":79},"9":{"name":"(anonymous_9)","decl":{"start":{"line":83,"column":12},"end":{"line":83,"column":13}},"loc":{"start":{"line":83,"column":19},"end":{"line":89,"column":7}},"line":83},"10":{"name":"(anonymous_10)","decl":{"start":{"line":90,"column":13},"end":{"line":90,"column":14}},"loc":{"start":{"line":90,"column":20},"end":{"line":92,"column":7}},"line":90},"11":{"name":"(anonymous_11)","decl":{"start":{"line":95,"column":2},"end":{"line":95,"column":3}},"loc":{"start":{"line":95,"column":23},"end":{"line":109,"column":3}},"line":95},"12":{"name":"(anonymous_12)","decl":{"start":{"line":99,"column":12},"end":{"line":99,"column":13}},"loc":{"start":{"line":99,"column":19},"end":{"line":105,"column":7}},"line":99},"13":{"name":"(anonymous_13)","decl":{"start":{"line":106,"column":13},"end":{"line":106,"column":14}},"loc":{"start":{"line":106,"column":20},"end":{"line":108,"column":7}},"line":106},"14":{"name":"(anonymous_14)","decl":{"start":{"line":111,"column":2},"end":{"line":111,"column":3}},"loc":{"start":{"line":111,"column":11},"end":{"line":199,"column":3}},"line":111},"15":{"name":"(anonymous_15)","decl":{"start":{"line":128,"column":27},"end":{"line":128,"column":28}},"loc":{"start":{"line":128,"column":33},"end":{"line":128,"column":79}},"line":128},"16":{"name":"(anonymous_16)","decl":{"start":{"line":138,"column":27},"end":{"line":138,"column":28}},"loc":{"start":{"line":138,"column":33},"end":{"line":138,"column":74}},"line":138}},"branchMap":{"0":{"loc":{"start":{"line":117,"column":30},"end":{"line":117,"column":96}},"type":"cond-expr","locations":[{"start":{"line":117,"column":55},"end":{"line":117,"column":66}},{"start":{"line":117,"column":69},"end":{"line":117,"column":96}}],"line":117},"1":{"loc":{"start":{"line":123,"column":13},"end":{"line":145,"column":13}},"type":"cond-expr","locations":[{"start":{"line":124,"column":14},"end":{"line":124,"column":16}},{"start":{"line":125,"column":16},"end":{"line":145,"column":13}}],"line":123},"2":{"loc":{"start":{"line":125,"column":16},"end":{"line":145,"column":13}},"type":"cond-expr","locations":[{"start":{"line":126,"column":14},"end":{"line":142,"column":27}},{"start":{"line":144,"column":14},"end":{"line":144,"column":47}}],"line":125},"3":{"loc":{"start":{"line":175,"column":21},"end":{"line":183,"column":21}},"type":"cond-expr","locations":[{"start":{"line":176,"column":22},"end":{"line":176,"column":33}},{"start":{"line":178,"column":22},"end":{"line":182,"column":34}}],"line":175}},"s":{"0":1,"1":1,"2":1,"3":0,"4":0,"5":0,"6":0,"7":0,"8":0,"9":0,"10":0,"11":0,"12":0,"13":0,"14":0,"15":0,"16":0,"17":0,"18":0,"19":0,"20":0,"21":1,"22":1,"23":0,"24":0,"25":0,"26":1,"27":1,"28":0,"29":0,"30":0,"31":1},"f":{"0":1,"1":0,"2":0,"3":0,"4":0,"5":0,"6":0,"7":0,"8":0,"9":0,"10":0,"11":1,"12":0,"13":0,"14":1,"15":0,"16":0},"b":{"0":[0,0],"1":[0,0],"2":[0,0],"3":[0,1]},"_coverageSchema":"332fd63041d2c1bcb487cc26dd0d5f7d97098a6c","hash":"a62d6afd9171bfce26936a0be26d58bd996bc9b0"}
,"C:\\Users\\NicoMendoza\\Documents\\dwla-web-app\\Client\\src\\features\\app\\AdminCreateAccount.js": {"path":"C:\\Users\\NicoMendoza\\Documents\\dwla-web-app\\Client\\src\\features\\app\\AdminCreateAccount.js","statementMap":{"0":{"start":{"line":15,"column":4},"end":{"line":15,"column":17}},"1":{"start":{"line":16,"column":4},"end":{"line":23,"column":6}},"2":{"start":{"line":24,"column":4},"end":{"line":24,"column":45}},"3":{"start":{"line":25,"column":4},"end":{"line":25,"column":45}},"4":{"start":{"line":29,"column":4},"end":{"line":29,"column":27}},"5":{"start":{"line":30,"column":21},"end":{"line":37,"column":5}},"6":{"start":{"line":38,"column":4},"end":{"line":38,"column":47}},"7":{"start":{"line":42,"column":4},"end":{"line":49,"column":7}},"8":{"start":{"line":52,"column":4},"end":{"line":52,"column":52}},"9":{"start":{"line":56,"column":4},"end":{"line":56,"column":63}},"10":{"start":{"line":59,"column":73},"end":{"line":59,"column":83}},"11":{"start":{"line":60,"column":4},"end":{"line":142,"column":6}}},"fnMap":{"0":{"name":"(anonymous_0)","decl":{"start":{"line":14,"column":2},"end":{"line":14,"column":3}},"loc":{"start":{"line":14,"column":21},"end":{"line":26,"column":3}},"line":14},"1":{"name":"(anonymous_1)","decl":{"start":{"line":28,"column":2},"end":{"line":28,"column":3}},"loc":{"start":{"line":28,"column":18},"end":{"line":39,"column":3}},"line":28},"2":{"name":"(anonymous_2)","decl":{"start":{"line":41,"column":2},"end":{"line":41,"column":3}},"loc":{"start":{"line":41,"column":22},"end":{"line":50,"column":3}},"line":41},"3":{"name":"(anonymous_3)","decl":{"start":{"line":51,"column":2},"end":{"line":51,"column":3}},"loc":{"start":{"line":51,"column":39},"end":{"line":53,"column":3}},"line":51},"4":{"name":"(anonymous_4)","decl":{"start":{"line":55,"column":2},"end":{"line":55,"column":3}},"loc":{"start":{"line":55,"column":18},"end":{"line":57,"column":3}},"line":55},"5":{"name":"(anonymous_5)","decl":{"start":{"line":58,"column":2},"end":{"line":58,"column":3}},"loc":{"start":{"line":58,"column":11},"end":{"line":143,"column":3}},"line":58}},"branchMap":{},"s":{"0":1,"1":1,"2":1,"3":1,"4":0,"5":0,"6":0,"7":0,"8":0,"9":0,"10":1,"11":1},"f":{"0":1,"1":0,"2":0,"3":0,"4":0,"5":1},"b":{},"_coverageSchema":"332fd63041d2c1bcb487cc26dd0d5f7d97098a6c","hash":"fc2177bab7a9337b95ca14a2fcb29cf7370f117f"}
,"C:\\Users\\NicoMendoza\\Documents\\dwla-web-app\\Client\\src\\features\\app\\AdminDashboard.js": {"path":"C:\\Users\\NicoMendoza\\Documents\\dwla-web-app\\Client\\src\\features\\app\\AdminDashboard.js","statementMap":{"0":{"start":{"line":18,"column":4},"end":{"line":37,"column":6}}},"fnMap":{"0":{"name":"(anonymous_0)","decl":{"start":{"line":17,"column":2},"end":{"line":17,"column":3}},"loc":{"start":{"line":17,"column":11},"end":{"line":38,"column":3}},"line":17}},"branchMap":{},"s":{"0":1},"f":{"0":1},"b":{},"_coverageSchema":"332fd63041d2c1bcb487cc26dd0d5f7d97098a6c","hash":"4dc732a51fd2a62290aa53c1b4fc2289eb17a169"}
,"C:\\Users\\NicoMendoza\\Documents\\dwla-web-app\\Client\\src\\features\\app\\AdminProfile.js": {"path":"C:\\Users\\NicoMendoza\\Documents\\dwla-web-app\\Client\\src\\features\\app\\AdminProfile.js","statementMap":{"0":{"start":{"line":15,"column":2},"end":{"line":15,"column":76}},"1":{"start":{"line":27,"column":18},"end":{"line":27,"column":47}},"2":{"start":{"line":28,"column":2},"end":{"line":37,"column":4}},"3":{"start":{"line":46,"column":4},"end":{"line":46,"column":17}},"4":{"start":{"line":47,"column":4},"end":{"line":75,"column":6}},"5":{"start":{"line":77,"column":4},"end":{"line":77,"column":45}},"6":{"start":{"line":78,"column":4},"end":{"line":78,"column":45}},"7":{"start":{"line":79,"column":4},"end":{"line":79,"column":53}},"8":{"start":{"line":82,"column":4},"end":{"line":111,"column":9}},"9":{"start":{"line":83,"column":6},"end":{"line":111,"column":9}},"10":{"start":{"line":115,"column":4},"end":{"line":115,"column":63}},"11":{"start":{"line":119,"column":4},"end":{"line":119,"column":40}},"12":{"start":{"line":123,"column":4},"end":{"line":123,"column":27}},"13":{"start":{"line":148,"column":8},"end":{"line":148,"column":18}},"14":{"start":{"line":149,"column":24},"end":{"line":173,"column":5}},"15":{"start":{"line":174,"column":4},"end":{"line":174,"column":29}},"16":{"start":{"line":175,"column":4},"end":{"line":175,"column":59}},"17":{"start":{"line":205,"column":8},"end":{"line":205,"column":18}},"18":{"start":{"line":206,"column":22},"end":{"line":206,"column":52}},"19":{"start":{"line":207,"column":24},"end":{"line":207,"column":47}},"20":{"start":{"line":208,"column":23},"end":{"line":208,"column":37}},"21":{"start":{"line":209,"column":26},"end":{"line":209,"column":31}},"22":{"start":{"line":210,"column":28},"end":{"line":227,"column":5}},"23":{"start":{"line":211,"column":6},"end":{"line":226,"column":7}},"24":{"start":{"line":213,"column":10},"end":{"line":213,"column":33}},"25":{"start":{"line":215,"column":10},"end":{"line":215,"column":28}},"26":{"start":{"line":217,"column":10},"end":{"line":217,"column":29}},"27":{"start":{"line":219,"column":10},"end":{"line":219,"column":27}},"28":{"start":{"line":221,"column":10},"end":{"line":221,"column":27}},"29":{"start":{"line":223,"column":10},"end":{"line":223,"column":28}},"30":{"start":{"line":225,"column":10},"end":{"line":225,"column":20}},"31":{"start":{"line":228,"column":23},"end":{"line":230,"column":5}},"32":{"start":{"line":229,"column":6},"end":{"line":229,"column":76}},"33":{"start":{"line":231,"column":4},"end":{"line":641,"column":6}},"34":{"start":{"line":252,"column":22},"end":{"line":252,"column":58}},"35":{"start":{"line":253,"column":43},"end":{"line":253,"column":57}},"36":{"start":{"line":254,"column":22},"end":{"line":254,"column":57}},"37":{"start":{"line":255,"column":22},"end":{"line":271,"column":27}},"38":{"start":{"line":261,"column":26},"end":{"line":261,"column":42}},"39":{"start":{"line":262,"column":26},"end":{"line":262,"column":63}},"40":{"start":{"line":263,"column":26},"end":{"line":265,"column":29}},"41":{"start":{"line":264,"column":28},"end":{"line":264,"column":62}},"42":{"start":{"line":268,"column":26},"end":{"line":268,"column":40}},"43":{"start":{"line":269,"column":26},"end":{"line":269,"column":63}},"44":{"start":{"line":270,"column":26},"end":{"line":270,"column":58}}},"fnMap":{"0":{"name":"ProfileImage","decl":{"start":{"line":14,"column":9},"end":{"line":14,"column":21}},"loc":{"start":{"line":14,"column":37},"end":{"line":16,"column":1}},"line":14},"1":{"name":"Profile","decl":{"start":{"line":18,"column":9},"end":{"line":18,"column":16}},"loc":{"start":{"line":26,"column":3},"end":{"line":38,"column":1}},"line":26},"2":{"name":"(anonymous_2)","decl":{"start":{"line":45,"column":2},"end":{"line":45,"column":3}},"loc":{"start":{"line":45,"column":21},"end":{"line":80,"column":3}},"line":45},"3":{"name":"(anonymous_3)","decl":{"start":{"line":81,"column":2},"end":{"line":81,"column":3}},"loc":{"start":{"line":81,"column":39},"end":{"line":112,"column":3}},"line":81},"4":{"name":"(anonymous_4)","decl":{"start":{"line":114,"column":2},"end":{"line":114,"column":3}},"loc":{"start":{"line":114,"column":18},"end":{"line":116,"column":3}},"line":114},"5":{"name":"(anonymous_5)","decl":{"start":{"line":118,"column":2},"end":{"line":118,"column":3}},"loc":{"start":{"line":118,"column":22},"end":{"line":120,"column":3}},"line":118},"6":{"name":"(anonymous_6)","decl":{"start":{"line":122,"column":2},"end":{"line":122,"column":3}},"loc":{"start":{"line":122,"column":18},"end":{"line":176,"column":3}},"line":122},"7":{"name":"(anonymous_7)","decl":{"start":{"line":178,"column":2},"end":{"line":178,"column":3}},"loc":{"start":{"line":178,"column":11},"end":{"line":642,"column":3}},"line":178},"8":{"name":"(anonymous_8)","decl":{"start":{"line":210,"column":28},"end":{"line":210,"column":29}},"loc":{"start":{"line":210,"column":40},"end":{"line":227,"column":5}},"line":210},"9":{"name":"(anonymous_9)","decl":{"start":{"line":228,"column":23},"end":{"line":228,"column":24}},"loc":{"start":{"line":228,"column":33},"end":{"line":230,"column":5}},"line":228},"10":{"name":"(anonymous_10)","decl":{"start":{"line":250,"column":35},"end":{"line":250,"column":36}},"loc":{"start":{"line":250,"column":59},"end":{"line":272,"column":21}},"line":250},"11":{"name":"(anonymous_11)","decl":{"start":{"line":260,"column":30},"end":{"line":260,"column":31}},"loc":{"start":{"line":260,"column":37},"end":{"line":266,"column":25}},"line":260},"12":{"name":"(anonymous_12)","decl":{"start":{"line":263,"column":73},"end":{"line":263,"column":74}},"loc":{"start":{"line":263,"column":79},"end":{"line":265,"column":27}},"line":263},"13":{"name":"(anonymous_13)","decl":{"start":{"line":267,"column":31},"end":{"line":267,"column":32}},"loc":{"start":{"line":267,"column":38},"end":{"line":271,"column":25}},"line":267}},"branchMap":{"0":{"loc":{"start":{"line":22,"column":2},"end":{"line":22,"column":16}},"type":"default-arg","locations":[{"start":{"line":22,"column":14},"end":{"line":22,"column":16}}],"line":22},"1":{"loc":{"start":{"line":23,"column":2},"end":{"line":23,"column":17}},"type":"default-arg","locations":[{"start":{"line":23,"column":15},"end":{"line":23,"column":17}}],"line":23},"2":{"loc":{"start":{"line":24,"column":2},"end":{"line":24,"column":20}},"type":"default-arg","locations":[{"start":{"line":24,"column":18},"end":{"line":24,"column":20}}],"line":24},"3":{"loc":{"start":{"line":34,"column":29},"end":{"line":34,"column":44}},"type":"binary-expr","locations":[{"start":{"line":34,"column":29},"end":{"line":34,"column":32}},{"start":{"line":34,"column":36},"end":{"line":34,"column":44}}],"line":34},"4":{"loc":{"start":{"line":82,"column":4},"end":{"line":111,"column":9}},"type":"if","locations":[{"start":{"line":82,"column":4},"end":{"line":111,"column":9}},{"start":{"line":82,"column":4},"end":{"line":111,"column":9}}],"line":82},"5":{"loc":{"start":{"line":82,"column":8},"end":{"line":82,"column":83}},"type":"binary-expr","locations":[{"start":{"line":82,"column":8},"end":{"line":82,"column":34}},{"start":{"line":82,"column":38},"end":{"line":82,"column":83}}],"line":82},"6":{"loc":{"start":{"line":211,"column":6},"end":{"line":226,"column":7}},"type":"switch","locations":[{"start":{"line":212,"column":8},"end":{"line":213,"column":33}},{"start":{"line":214,"column":8},"end":{"line":215,"column":28}},{"start":{"line":216,"column":8},"end":{"line":217,"column":29}},{"start":{"line":218,"column":8},"end":{"line":219,"column":27}},{"start":{"line":220,"column":8},"end":{"line":221,"column":27}},{"start":{"line":222,"column":8},"end":{"line":223,"column":28}},{"start":{"line":224,"column":8},"end":{"line":225,"column":20}}],"line":211},"7":{"loc":{"start":{"line":233,"column":9},"end":{"line":639,"column":9}},"type":"cond-expr","locations":[{"start":{"line":234,"column":10},"end":{"line":234,"column":12}},{"start":{"line":236,"column":10},"end":{"line":638,"column":22}}],"line":233},"8":{"loc":{"start":{"line":243,"column":29},"end":{"line":243,"column":83}},"type":"cond-expr","locations":[{"start":{"line":243,"column":48},"end":{"line":243,"column":59}},{"start":{"line":243,"column":62},"end":{"line":243,"column":83}}],"line":243}},"s":{"0":0,"1":0,"2":0,"3":1,"4":1,"5":1,"6":1,"7":1,"8":0,"9":0,"10":0,"11":0,"12":0,"13":0,"14":0,"15":0,"16":0,"17":1,"18":1,"19":1,"20":1,"21":1,"22":1,"23":0,"24":0,"25":0,"26":0,"27":0,"28":0,"29":0,"30":0,"31":1,"32":0,"33":1,"34":0,"35":0,"36":0,"37":0,"38":0,"39":0,"40":0,"41":0,"42":0,"43":0,"44":0},"f":{"0":0,"1":0,"2":1,"3":0,"4":0,"5":0,"6":0,"7":1,"8":0,"9":0,"10":0,"11":0,"12":0,"13":0},"b":{"0":[0],"1":[0],"2":[0],"3":[0,0],"4":[0,0],"5":[0,0],"6":[0,0,0,0,0,0,0],"7":[1,0],"8":[0,0]},"_coverageSchema":"332fd63041d2c1bcb487cc26dd0d5f7d97098a6c","hash":"16b39db2ae90362fa8f8c9aea121af0f7eb48d26"}
,"C:\\Users\\NicoMendoza\\Documents\\dwla-web-app\\Client\\src\\features\\app\\AdminViewUpdateLog.js": {"path":"C:\\Users\\NicoMendoza\\Documents\\dwla-web-app\\Client\\src\\features\\app\\AdminViewUpdateLog.js","statementMap":{"0":{"start":{"line":18,"column":4},"end":{"line":18,"column":17}},"1":{"start":{"line":19,"column":4},"end":{"line":25,"column":6}},"2":{"start":{"line":29,"column":4},"end":{"line":29,"column":39}},"3":{"start":{"line":30,"column":4},"end":{"line":41,"column":9}},"4":{"start":{"line":33,"column":8},"end":{"line":33,"column":44}},"5":{"start":{"line":34,"column":8},"end":{"line":37,"column":11}},"6":{"start":{"line":40,"column":8},"end":{"line":40,"column":44}},"7":{"start":{"line":45,"column":4},"end":{"line":47,"column":7}},"8":{"start":{"line":48,"column":4},"end":{"line":48,"column":39}},"9":{"start":{"line":49,"column":4},"end":{"line":60,"column":9}},"10":{"start":{"line":52,"column":8},"end":{"line":52,"column":44}},"11":{"start":{"line":53,"column":8},"end":{"line":56,"column":11}},"12":{"start":{"line":59,"column":8},"end":{"line":59,"column":44}},"13":{"start":{"line":64,"column":24},"end":{"line":64,"column":26}},"14":{"start":{"line":65,"column":4},"end":{"line":82,"column":5}},"15":{"start":{"line":66,"column":6},"end":{"line":81,"column":8}},"16":{"start":{"line":83,"column":4},"end":{"line":113,"column":6}}},"fnMap":{"0":{"name":"(anonymous_0)","decl":{"start":{"line":17,"column":2},"end":{"line":17,"column":3}},"loc":{"start":{"line":17,"column":21},"end":{"line":26,"column":3}},"line":17},"1":{"name":"(anonymous_1)","decl":{"start":{"line":28,"column":2},"end":{"line":28,"column":3}},"loc":{"start":{"line":28,"column":23},"end":{"line":42,"column":3}},"line":28},"2":{"name":"(anonymous_2)","decl":{"start":{"line":32,"column":12},"end":{"line":32,"column":13}},"loc":{"start":{"line":32,"column":19},"end":{"line":38,"column":7}},"line":32},"3":{"name":"(anonymous_3)","decl":{"start":{"line":39,"column":13},"end":{"line":39,"column":14}},"loc":{"start":{"line":39,"column":20},"end":{"line":41,"column":7}},"line":39},"4":{"name":"(anonymous_4)","decl":{"start":{"line":44,"column":13},"end":{"line":44,"column":14}},"loc":{"start":{"line":44,"column":21},"end":{"line":61,"column":3}},"line":44},"5":{"name":"(anonymous_5)","decl":{"start":{"line":51,"column":12},"end":{"line":51,"column":13}},"loc":{"start":{"line":51,"column":19},"end":{"line":57,"column":7}},"line":51},"6":{"name":"(anonymous_6)","decl":{"start":{"line":58,"column":13},"end":{"line":58,"column":14}},"loc":{"start":{"line":58,"column":20},"end":{"line":60,"column":7}},"line":58},"7":{"name":"(anonymous_7)","decl":{"start":{"line":63,"column":2},"end":{"line":63,"column":3}},"loc":{"start":{"line":63,"column":11},"end":{"line":114,"column":3}},"line":63}},"branchMap":{"0":{"loc":{"start":{"line":74,"column":13},"end":{"line":78,"column":13}},"type":"binary-expr","locations":[{"start":{"line":74,"column":13},"end":{"line":74,"column":36}},{"start":{"line":75,"column":14},"end":{"line":77,"column":23}}],"line":74}},"s":{"0":1,"1":1,"2":1,"3":1,"4":0,"5":0,"6":0,"7":0,"8":0,"9":0,"10":0,"11":0,"12":0,"13":1,"14":1,"15":0,"16":1},"f":{"0":1,"1":1,"2":0,"3":0,"4":0,"5":0,"6":0,"7":1},"b":{"0":[0,0]},"_coverageSchema":"332fd63041d2c1bcb487cc26dd0d5f7d97098a6c","hash":"433721495b6160813f0d874d4f9bda1e39411390"}
,"C:\\Users\\NicoMendoza\\Documents\\dwla-web-app\\Client\\src\\features\\app\\App.js": {"path":"C:\\Users\\NicoMendoza\\Documents\\dwla-web-app\\Client\\src\\features\\app\\App.js","statementMap":{"0":{"start":{"line":23,"column":28},"end":{"line":23,"column":38}},"1":{"start":{"line":24,"column":4},"end":{"line":32,"column":6}}},"fnMap":{"0":{"name":"(anonymous_0)","decl":{"start":{"line":22,"column":2},"end":{"line":22,"column":3}},"loc":{"start":{"line":22,"column":11},"end":{"line":33,"column":3}},"line":22}},"branchMap":{},"s":{"0":0,"1":0},"f":{"0":0},"b":{},"_coverageSchema":"332fd63041d2c1bcb487cc26dd0d5f7d97098a6c","hash":"db429384ec916d2a384d8e27cea9a966a839e5ca"}
,"C:\\Users\\NicoMendoza\\Documents\\dwla-web-app\\Client\\src\\features\\app\\DashboardView.js": {"path":"C:\\Users\\NicoMendoza\\Documents\\dwla-web-app\\Client\\src\\features\\app\\DashboardView.js","statementMap":{"0":{"start":{"line":16,"column":23},"end":{"line":16,"column":28}},"1":{"start":{"line":17,"column":2},"end":{"line":32,"column":3}},"2":{"start":{"line":19,"column":6},"end":{"line":19,"column":32}},"3":{"start":{"line":21,"column":6},"end":{"line":21,"column":35}},"4":{"start":{"line":23,"column":6},"end":{"line":23,"column":36}},"5":{"start":{"line":25,"column":6},"end":{"line":25,"column":34}},"6":{"start":{"line":27,"column":6},"end":{"line":27,"column":34}},"7":{"start":{"line":29,"column":6},"end":{"line":29,"column":33}},"8":{"start":{"line":31,"column":6},"end":{"line":31,"column":25}},"9":{"start":{"line":42,"column":4},"end":{"line":46,"column":5}},"10":{"start":{"line":43,"column":6},"end":{"line":43,"column":40}},"11":{"start":{"line":45,"column":6},"end":{"line":45,"column":45}},"12":{"start":{"line":50,"column":4},"end":{"line":60,"column":6}}},"fnMap":{"0":{"name":"DashboardComponent","decl":{"start":{"line":15,"column":9},"end":{"line":15,"column":27}},"loc":{"start":{"line":15,"column":35},"end":{"line":33,"column":1}},"line":15},"1":{"name":"(anonymous_1)","decl":{"start":{"line":41,"column":2},"end":{"line":41,"column":3}},"loc":{"start":{"line":41,"column":22},"end":{"line":47,"column":3}},"line":41},"2":{"name":"(anonymous_2)","decl":{"start":{"line":49,"column":2},"end":{"line":49,"column":3}},"loc":{"start":{"line":49,"column":11},"end":{"line":61,"column":3}},"line":49}},"branchMap":{"0":{"loc":{"start":{"line":17,"column":2},"end":{"line":32,"column":3}},"type":"switch","locations":[{"start":{"line":18,"column":4},"end":{"line":19,"column":32}},{"start":{"line":20,"column":4},"end":{"line":21,"column":35}},{"start":{"line":22,"column":4},"end":{"line":23,"column":36}},{"start":{"line":24,"column":4},"end":{"line":25,"column":34}},{"start":{"line":26,"column":4},"end":{"line":27,"column":34}},{"start":{"line":28,"column":4},"end":{"line":29,"column":33}},{"start":{"line":30,"column":4},"end":{"line":31,"column":25}}],"line":17},"1":{"loc":{"start":{"line":42,"column":4},"end":{"line":46,"column":5}},"type":"if","locations":[{"start":{"line":42,"column":4},"end":{"line":46,"column":5}},{"start":{"line":42,"column":4},"end":{"line":46,"column":5}}],"line":42},"2":{"loc":{"start":{"line":52,"column":9},"end":{"line":58,"column":9}},"type":"cond-expr","locations":[{"start":{"line":53,"column":10},"end":{"line":53,"column":12}},{"start":{"line":55,"column":10},"end":{"line":57,"column":19}}],"line":52}},"s":{"0":0,"1":0,"2":0,"3":0,"4":0,"5":0,"6":0,"7":0,"8":0,"9":0,"10":0,"11":0,"12":1},"f":{"0":0,"1":0,"2":1},"b":{"0":[0,0,0,0,0,0,0],"1":[0,0],"2":[0,1]},"_coverageSchema":"332fd63041d2c1bcb487cc26dd0d5f7d97098a6c","hash":"68aa0481529ad60905530e856ecfa09cd892b7db"}
,"C:\\Users\\NicoMendoza\\Documents\\dwla-web-app\\Client\\src\\features\\app\\DirectorDashboard.js": {"path":"C:\\Users\\NicoMendoza\\Documents\\dwla-web-app\\Client\\src\\features\\app\\DirectorDashboard.js","statementMap":{"0":{"start":{"line":14,"column":4},"end":{"line":14,"column":93}}},"fnMap":{"0":{"name":"(anonymous_0)","decl":{"start":{"line":13,"column":2},"end":{"line":13,"column":3}},"loc":{"start":{"line":13,"column":11},"end":{"line":15,"column":3}},"line":13}},"branchMap":{},"s":{"0":1},"f":{"0":1},"b":{},"_coverageSchema":"332fd63041d2c1bcb487cc26dd0d5f7d97098a6c","hash":"b26ebab158bb92024a4d09f4e3285acc2a58e830"}
,"C:\\Users\\NicoMendoza\\Documents\\dwla-web-app\\Client\\src\\features\\app\\DirectorProfile.js": {"path":"C:\\Users\\NicoMendoza\\Documents\\dwla-web-app\\Client\\src\\features\\app\\DirectorProfile.js","statementMap":{"0":{"start":{"line":13,"column":2},"end":{"line":13,"column":76}},"1":{"start":{"line":25,"column":18},"end":{"line":25,"column":47}},"2":{"start":{"line":26,"column":2},"end":{"line":35,"column":4}},"3":{"start":{"line":44,"column":4},"end":{"line":44,"column":17}},"4":{"start":{"line":45,"column":4},"end":{"line":72,"column":6}},"5":{"start":{"line":74,"column":4},"end":{"line":74,"column":45}},"6":{"start":{"line":75,"column":4},"end":{"line":75,"column":45}},"7":{"start":{"line":76,"column":4},"end":{"line":76,"column":53}},"8":{"start":{"line":79,"column":4},"end":{"line":106,"column":7}},"9":{"start":{"line":110,"column":4},"end":{"line":110,"column":63}},"10":{"start":{"line":114,"column":4},"end":{"line":114,"column":40}},"11":{"start":{"line":118,"column":4},"end":{"line":118,"column":27}},"12":{"start":{"line":143,"column":8},"end":{"line":143,"column":18}},"13":{"start":{"line":144,"column":24},"end":{"line":168,"column":5}},"14":{"start":{"line":169,"column":4},"end":{"line":169,"column":29}},"15":{"start":{"line":170,"column":4},"end":{"line":170,"column":58}},"16":{"start":{"line":201,"column":8},"end":{"line":201,"column":18}},"17":{"start":{"line":202,"column":23},"end":{"line":202,"column":37}},"18":{"start":{"line":203,"column":26},"end":{"line":203,"column":31}},"19":{"start":{"line":204,"column":28},"end":{"line":221,"column":5}},"20":{"start":{"line":205,"column":6},"end":{"line":220,"column":7}},"21":{"start":{"line":207,"column":10},"end":{"line":207,"column":33}},"22":{"start":{"line":209,"column":10},"end":{"line":209,"column":28}},"23":{"start":{"line":211,"column":10},"end":{"line":211,"column":29}},"24":{"start":{"line":213,"column":10},"end":{"line":213,"column":27}},"25":{"start":{"line":215,"column":10},"end":{"line":215,"column":27}},"26":{"start":{"line":217,"column":10},"end":{"line":217,"column":28}},"27":{"start":{"line":219,"column":10},"end":{"line":219,"column":20}},"28":{"start":{"line":222,"column":23},"end":{"line":224,"column":5}},"29":{"start":{"line":223,"column":6},"end":{"line":223,"column":76}},"30":{"start":{"line":225,"column":4},"end":{"line":614,"column":6}},"31":{"start":{"line":243,"column":20},"end":{"line":243,"column":56}},"32":{"start":{"line":244,"column":41},"end":{"line":244,"column":55}},"33":{"start":{"line":245,"column":20},"end":{"line":245,"column":55}},"34":{"start":{"line":246,"column":20},"end":{"line":262,"column":25}},"35":{"start":{"line":252,"column":24},"end":{"line":252,"column":40}},"36":{"start":{"line":253,"column":24},"end":{"line":253,"column":61}},"37":{"start":{"line":254,"column":24},"end":{"line":256,"column":27}},"38":{"start":{"line":255,"column":26},"end":{"line":255,"column":60}},"39":{"start":{"line":259,"column":24},"end":{"line":259,"column":38}},"40":{"start":{"line":260,"column":24},"end":{"line":260,"column":61}},"41":{"start":{"line":261,"column":24},"end":{"line":261,"column":56}}},"fnMap":{"0":{"name":"ProfileImage","decl":{"start":{"line":12,"column":9},"end":{"line":12,"column":21}},"loc":{"start":{"line":12,"column":37},"end":{"line":14,"column":1}},"line":12},"1":{"name":"Profile","decl":{"start":{"line":16,"column":9},"end":{"line":16,"column":16}},"loc":{"start":{"line":24,"column":3},"end":{"line":36,"column":1}},"line":24},"2":{"name":"(anonymous_2)","decl":{"start":{"line":43,"column":2},"end":{"line":43,"column":3}},"loc":{"start":{"line":43,"column":21},"end":{"line":77,"column":3}},"line":43},"3":{"name":"(anonymous_3)","decl":{"start":{"line":78,"column":2},"end":{"line":78,"column":3}},"loc":{"start":{"line":78,"column":39},"end":{"line":107,"column":3}},"line":78},"4":{"name":"(anonymous_4)","decl":{"start":{"line":109,"column":2},"end":{"line":109,"column":3}},"loc":{"start":{"line":109,"column":18},"end":{"line":111,"column":3}},"line":109},"5":{"name":"(anonymous_5)","decl":{"start":{"line":113,"column":2},"end":{"line":113,"column":3}},"loc":{"start":{"line":113,"column":22},"end":{"line":115,"column":3}},"line":113},"6":{"name":"(anonymous_6)","decl":{"start":{"line":117,"column":2},"end":{"line":117,"column":3}},"loc":{"start":{"line":117,"column":18},"end":{"line":171,"column":3}},"line":117},"7":{"name":"(anonymous_7)","decl":{"start":{"line":173,"column":2},"end":{"line":173,"column":3}},"loc":{"start":{"line":173,"column":11},"end":{"line":615,"column":3}},"line":173},"8":{"name":"(anonymous_8)","decl":{"start":{"line":204,"column":28},"end":{"line":204,"column":29}},"loc":{"start":{"line":204,"column":40},"end":{"line":221,"column":5}},"line":204},"9":{"name":"(anonymous_9)","decl":{"start":{"line":222,"column":23},"end":{"line":222,"column":24}},"loc":{"start":{"line":222,"column":33},"end":{"line":224,"column":5}},"line":222},"10":{"name":"(anonymous_10)","decl":{"start":{"line":241,"column":33},"end":{"line":241,"column":34}},"loc":{"start":{"line":241,"column":57},"end":{"line":263,"column":19}},"line":241},"11":{"name":"(anonymous_11)","decl":{"start":{"line":251,"column":28},"end":{"line":251,"column":29}},"loc":{"start":{"line":251,"column":35},"end":{"line":257,"column":23}},"line":251},"12":{"name":"(anonymous_12)","decl":{"start":{"line":254,"column":71},"end":{"line":254,"column":72}},"loc":{"start":{"line":254,"column":77},"end":{"line":256,"column":25}},"line":254},"13":{"name":"(anonymous_13)","decl":{"start":{"line":258,"column":29},"end":{"line":258,"column":30}},"loc":{"start":{"line":258,"column":36},"end":{"line":262,"column":23}},"line":258}},"branchMap":{"0":{"loc":{"start":{"line":20,"column":2},"end":{"line":20,"column":16}},"type":"default-arg","locations":[{"start":{"line":20,"column":14},"end":{"line":20,"column":16}}],"line":20},"1":{"loc":{"start":{"line":21,"column":2},"end":{"line":21,"column":17}},"type":"default-arg","locations":[{"start":{"line":21,"column":15},"end":{"line":21,"column":17}}],"line":21},"2":{"loc":{"start":{"line":22,"column":2},"end":{"line":22,"column":20}},"type":"default-arg","locations":[{"start":{"line":22,"column":18},"end":{"line":22,"column":20}}],"line":22},"3":{"loc":{"start":{"line":32,"column":29},"end":{"line":32,"column":44}},"type":"binary-expr","locations":[{"start":{"line":32,"column":29},"end":{"line":32,"column":32}},{"start":{"line":32,"column":36},"end":{"line":32,"column":44}}],"line":32},"4":{"loc":{"start":{"line":205,"column":6},"end":{"line":220,"column":7}},"type":"switch","locations":[{"start":{"line":206,"column":8},"end":{"line":207,"column":33}},{"start":{"line":208,"column":8},"end":{"line":209,"column":28}},{"start":{"line":210,"column":8},"end":{"line":211,"column":29}},{"start":{"line":212,"column":8},"end":{"line":213,"column":27}},{"start":{"line":214,"column":8},"end":{"line":215,"column":27}},{"start":{"line":216,"column":8},"end":{"line":217,"column":28}},{"start":{"line":218,"column":8},"end":{"line":219,"column":20}}],"line":205}},"s":{"0":0,"1":0,"2":0,"3":1,"4":1,"5":1,"6":1,"7":1,"8":0,"9":0,"10":0,"11":0,"12":0,"13":0,"14":0,"15":0,"16":1,"17":1,"18":1,"19":1,"20":1,"21":0,"22":0,"23":0,"24":0,"25":0,"26":0,"27":1,"28":1,"29":2,"30":1,"31":0,"32":0,"33":0,"34":0,"35":0,"36":0,"37":0,"38":0,"39":0,"40":0,"41":0},"f":{"0":0,"1":0,"2":1,"3":0,"4":0,"5":0,"6":0,"7":1,"8":1,"9":2,"10":0,"11":0,"12":0,"13":0},"b":{"0":[0],"1":[0],"2":[0],"3":[0,0],"4":[0,0,0,0,0,0,1]},"_coverageSchema":"332fd63041d2c1bcb487cc26dd0d5f7d97098a6c","hash":"2fa5d084aeddb904bc0483541465077130dec744"}
,"C:\\Users\\NicoMendoza\\Documents\\dwla-web-app\\Client\\src\\features\\app\\HomeView.js": {"path":"C:\\Users\\NicoMendoza\\Documents\\dwla-web-app\\Client\\src\\features\\app\\HomeView.js","statementMap":{"0":{"start":{"line":17,"column":4},"end":{"line":21,"column":5}},"1":{"start":{"line":18,"column":6},"end":{"line":18,"column":40}},"2":{"start":{"line":20,"column":6},"end":{"line":20,"column":44}},"3":{"start":{"line":25,"column":4},"end":{"line":25,"column":49}}},"fnMap":{"0":{"name":"(anonymous_0)","decl":{"start":{"line":16,"column":2},"end":{"line":16,"column":3}},"loc":{"start":{"line":16,"column":22},"end":{"line":22,"column":3}},"line":16},"1":{"name":"(anonymous_1)","decl":{"start":{"line":24,"column":2},"end":{"line":24,"column":3}},"loc":{"start":{"line":24,"column":11},"end":{"line":26,"column":3}},"line":24}},"branchMap":{"0":{"loc":{"start":{"line":17,"column":4},"end":{"line":21,"column":5}},"type":"if","locations":[{"start":{"line":17,"column":4},"end":{"line":21,"column":5}},{"start":{"line":17,"column":4},"end":{"line":21,"column":5}}],"line":17}},"s":{"0":0,"1":0,"2":0,"3":1},"f":{"0":0,"1":1},"b":{"0":[0,0]},"_coverageSchema":"332fd63041d2c1bcb487cc26dd0d5f7d97098a6c","hash":"fcc6b1c01b7d8714e9ad790ea55e97bc6aa3e3bb"}
,"C:\\Users\\NicoMendoza\\Documents\\dwla-web-app\\Client\\src\\features\\app\\Login.js": {"path":"C:\\Users\\NicoMendoza\\Documents\\dwla-web-app\\Client\\src\\features\\app\\Login.js","statementMap":{"0":{"start":{"line":11,"column":2},"end":{"line":24,"column":4}},"1":{"start":{"line":34,"column":4},"end":{"line":34,"column":17}},"2":{"start":{"line":35,"column":4},"end":{"line":35,"column":57}},"3":{"start":{"line":36,"column":4},"end":{"line":36,"column":45}},"4":{"start":{"line":37,"column":4},"end":{"line":37,"column":45}},"5":{"start":{"line":41,"column":4},"end":{"line":41,"column":63}},"6":{"start":{"line":45,"column":4},"end":{"line":45,"column":27}},"7":{"start":{"line":46,"column":21},"end":{"line":49,"column":5}},"8":{"start":{"line":50,"column":4},"end":{"line":50,"column":43}},"9":{"start":{"line":54,"column":4},"end":{"line":56,"column":5}},"10":{"start":{"line":55,"column":6},"end":{"line":55,"column":44}},"11":{"start":{"line":60,"column":4},"end":{"line":62,"column":5}},"12":{"start":{"line":61,"column":6},"end":{"line":61,"column":44}},"13":{"start":{"line":63,"column":4},"end":{"line":65,"column":5}},"14":{"start":{"line":64,"column":6},"end":{"line":64,"column":54}},"15":{"start":{"line":69,"column":23},"end":{"line":69,"column":37}},"16":{"start":{"line":70,"column":4},"end":{"line":97,"column":6}}},"fnMap":{"0":{"name":"StandaloneFormPage","decl":{"start":{"line":10,"column":9},"end":{"line":10,"column":27}},"loc":{"start":{"line":10,"column":35},"end":{"line":25,"column":1}},"line":10},"1":{"name":"(anonymous_1)","decl":{"start":{"line":33,"column":2},"end":{"line":33,"column":3}},"loc":{"start":{"line":33,"column":21},"end":{"line":38,"column":3}},"line":33},"2":{"name":"(anonymous_2)","decl":{"start":{"line":40,"column":2},"end":{"line":40,"column":3}},"loc":{"start":{"line":40,"column":18},"end":{"line":42,"column":3}},"line":40},"3":{"name":"(anonymous_3)","decl":{"start":{"line":44,"column":2},"end":{"line":44,"column":3}},"loc":{"start":{"line":44,"column":18},"end":{"line":51,"column":3}},"line":44},"4":{"name":"(anonymous_4)","decl":{"start":{"line":53,"column":2},"end":{"line":53,"column":3}},"loc":{"start":{"line":53,"column":22},"end":{"line":57,"column":3}},"line":53},"5":{"name":"(anonymous_5)","decl":{"start":{"line":59,"column":2},"end":{"line":59,"column":3}},"loc":{"start":{"line":59,"column":39},"end":{"line":66,"column":3}},"line":59},"6":{"name":"(anonymous_6)","decl":{"start":{"line":68,"column":2},"end":{"line":68,"column":3}},"loc":{"start":{"line":68,"column":11},"end":{"line":98,"column":3}},"line":68}},"branchMap":{"0":{"loc":{"start":{"line":54,"column":4},"end":{"line":56,"column":5}},"type":"if","locations":[{"start":{"line":54,"column":4},"end":{"line":56,"column":5}},{"start":{"line":54,"column":4},"end":{"line":56,"column":5}}],"line":54},"1":{"loc":{"start":{"line":60,"column":4},"end":{"line":62,"column":5}},"type":"if","locations":[{"start":{"line":60,"column":4},"end":{"line":62,"column":5}},{"start":{"line":60,"column":4},"end":{"line":62,"column":5}}],"line":60},"2":{"loc":{"start":{"line":63,"column":4},"end":{"line":65,"column":5}},"type":"if","locations":[{"start":{"line":63,"column":4},"end":{"line":65,"column":5}},{"start":{"line":63,"column":4},"end":{"line":65,"column":5}}],"line":63}},"s":{"0":0,"1":1,"2":1,"3":1,"4":1,"5":0,"6":0,"7":0,"8":0,"9":0,"10":0,"11":0,"12":0,"13":0,"14":0,"15":1,"16":1},"f":{"0":0,"1":1,"2":0,"3":0,"4":0,"5":0,"6":1},"b":{"0":[0,0],"1":[0,0],"2":[0,0]},"_coverageSchema":"332fd63041d2c1bcb487cc26dd0d5f7d97098a6c","hash":"c617c969a31f9046f9658e63fc7c0d5e3e9d2aff"}
,"C:\\Users\\NicoMendoza\\Documents\\dwla-web-app\\Client\\src\\features\\app\\NavBar.js": {"path":"C:\\Users\\NicoMendoza\\Documents\\dwla-web-app\\Client\\src\\features\\app\\NavBar.js","statementMap":{"0":{"start":{"line":15,"column":24},"end":{"line":163,"column":1}},"1":{"start":{"line":16,"column":2},"end":{"line":162,"column":3}},"2":{"start":{"line":19,"column":6},"end":{"line":25,"column":8}},"3":{"start":{"line":28,"column":6},"end":{"line":34,"column":8}},"4":{"start":{"line":37,"column":6},"end":{"line":96,"column":8}},"5":{"start":{"line":99,"column":6},"end":{"line":132,"column":8}},"6":{"start":{"line":135,"column":6},"end":{"line":141,"column":8}},"7":{"start":{"line":144,"column":6},"end":{"line":150,"column":8}},"8":{"start":{"line":153,"column":6},"end":{"line":159,"column":8}},"9":{"start":{"line":161,"column":6},"end":{"line":161,"column":16}},"10":{"start":{"line":170,"column":4},"end":{"line":170,"column":17}},"11":{"start":{"line":171,"column":4},"end":{"line":181,"column":6}},"12":{"start":{"line":182,"column":4},"end":{"line":182,"column":51}},"13":{"start":{"line":183,"column":4},"end":{"line":183,"column":45}},"14":{"start":{"line":184,"column":4},"end":{"line":184,"column":53}},"15":{"start":{"line":185,"column":4},"end":{"line":185,"column":53}},"16":{"start":{"line":186,"column":4},"end":{"line":186,"column":57}},"17":{"start":{"line":190,"column":4},"end":{"line":194,"column":7}},"18":{"start":{"line":198,"column":4},"end":{"line":198,"column":63}},"19":{"start":{"line":201,"column":4},"end":{"line":209,"column":5}},"20":{"start":{"line":202,"column":6},"end":{"line":208,"column":9}},"21":{"start":{"line":213,"column":4},"end":{"line":219,"column":7}},"22":{"start":{"line":223,"column":4},"end":{"line":229,"column":7}},"23":{"start":{"line":230,"column":4},"end":{"line":230,"column":37}},"24":{"start":{"line":234,"column":4},"end":{"line":237,"column":7}},"25":{"start":{"line":241,"column":4},"end":{"line":241,"column":76}},"26":{"start":{"line":245,"column":23},"end":{"line":247,"column":5}},"27":{"start":{"line":246,"column":6},"end":{"line":246,"column":76}},"28":{"start":{"line":248,"column":46},"end":{"line":248,"column":56}},"29":{"start":{"line":249,"column":25},"end":{"line":249,"column":35}},"30":{"start":{"line":250,"column":23},"end":{"line":250,"column":37}},"31":{"start":{"line":251,"column":28},"end":{"line":270,"column":5}},"32":{"start":{"line":252,"column":6},"end":{"line":269,"column":7}},"33":{"start":{"line":254,"column":10},"end":{"line":254,"column":32}},"34":{"start":{"line":256,"column":10},"end":{"line":256,"column":28}},"35":{"start":{"line":258,"column":10},"end":{"line":258,"column":29}},"36":{"start":{"line":260,"column":10},"end":{"line":260,"column":27}},"37":{"start":{"line":262,"column":10},"end":{"line":262,"column":27}},"38":{"start":{"line":264,"column":10},"end":{"line":264,"column":28}},"39":{"start":{"line":266,"column":10},"end":{"line":266,"column":27}},"40":{"start":{"line":268,"column":10},"end":{"line":268,"column":20}},"41":{"start":{"line":271,"column":33},"end":{"line":293,"column":5}},"42":{"start":{"line":295,"column":4},"end":{"line":378,"column":6}}},"fnMap":{"0":{"name":"(anonymous_0)","decl":{"start":{"line":15,"column":24},"end":{"line":15,"column":25}},"loc":{"start":{"line":15,"column":36},"end":{"line":163,"column":1}},"line":15},"1":{"name":"(anonymous_1)","decl":{"start":{"line":169,"column":2},"end":{"line":169,"column":3}},"loc":{"start":{"line":169,"column":21},"end":{"line":187,"column":3}},"line":169},"2":{"name":"(anonymous_2)","decl":{"start":{"line":189,"column":2},"end":{"line":189,"column":3}},"loc":{"start":{"line":189,"column":19},"end":{"line":195,"column":3}},"line":189},"3":{"name":"(anonymous_3)","decl":{"start":{"line":197,"column":2},"end":{"line":197,"column":3}},"loc":{"start":{"line":197,"column":18},"end":{"line":199,"column":3}},"line":197},"4":{"name":"(anonymous_4)","decl":{"start":{"line":200,"column":2},"end":{"line":200,"column":3}},"loc":{"start":{"line":200,"column":23},"end":{"line":210,"column":3}},"line":200},"5":{"name":"(anonymous_5)","decl":{"start":{"line":212,"column":2},"end":{"line":212,"column":3}},"loc":{"start":{"line":212,"column":39},"end":{"line":220,"column":3}},"line":212},"6":{"name":"(anonymous_6)","decl":{"start":{"line":222,"column":2},"end":{"line":222,"column":3}},"loc":{"start":{"line":222,"column":17},"end":{"line":231,"column":3}},"line":222},"7":{"name":"(anonymous_7)","decl":{"start":{"line":233,"column":2},"end":{"line":233,"column":3}},"loc":{"start":{"line":233,"column":17},"end":{"line":238,"column":3}},"line":233},"8":{"name":"(anonymous_8)","decl":{"start":{"line":240,"column":2},"end":{"line":240,"column":3}},"loc":{"start":{"line":240,"column":16},"end":{"line":242,"column":3}},"line":240},"9":{"name":"(anonymous_9)","decl":{"start":{"line":244,"column":2},"end":{"line":244,"column":3}},"loc":{"start":{"line":244,"column":11},"end":{"line":379,"column":3}},"line":244},"10":{"name":"(anonymous_10)","decl":{"start":{"line":245,"column":23},"end":{"line":245,"column":24}},"loc":{"start":{"line":245,"column":33},"end":{"line":247,"column":5}},"line":245},"11":{"name":"(anonymous_11)","decl":{"start":{"line":251,"column":28},"end":{"line":251,"column":29}},"loc":{"start":{"line":251,"column":40},"end":{"line":270,"column":5}},"line":251}},"branchMap":{"0":{"loc":{"start":{"line":16,"column":2},"end":{"line":162,"column":3}},"type":"switch","locations":[{"start":{"line":17,"column":4},"end":{"line":25,"column":8}},{"start":{"line":26,"column":4},"end":{"line":34,"column":8}},{"start":{"line":35,"column":4},"end":{"line":96,"column":8}},{"start":{"line":97,"column":4},"end":{"line":132,"column":8}},{"start":{"line":133,"column":4},"end":{"line":141,"column":8}},{"start":{"line":142,"column":4},"end":{"line":150,"column":8}},{"start":{"line":151,"column":4},"end":{"line":159,"column":8}},{"start":{"line":160,"column":4},"end":{"line":161,"column":16}}],"line":16},"1":{"loc":{"start":{"line":201,"column":4},"end":{"line":209,"column":5}},"type":"if","locations":[{"start":{"line":201,"column":4},"end":{"line":209,"column":5}},{"start":{"line":201,"column":4},"end":{"line":209,"column":5}}],"line":201},"2":{"loc":{"start":{"line":252,"column":6},"end":{"line":269,"column":7}},"type":"switch","locations":[{"start":{"line":253,"column":8},"end":{"line":254,"column":32}},{"start":{"line":255,"column":8},"end":{"line":256,"column":28}},{"start":{"line":257,"column":8},"end":{"line":258,"column":29}},{"start":{"line":259,"column":8},"end":{"line":260,"column":27}},{"start":{"line":261,"column":8},"end":{"line":262,"column":27}},{"start":{"line":263,"column":8},"end":{"line":264,"column":28}},{"start":{"line":265,"column":8},"end":{"line":266,"column":27}},{"start":{"line":267,"column":8},"end":{"line":268,"column":20}}],"line":252},"3":{"loc":{"start":{"line":272,"column":17},"end":{"line":272,"column":72}},"type":"cond-expr","locations":[{"start":{"line":272,"column":37},"end":{"line":272,"column":48}},{"start":{"line":272,"column":51},"end":{"line":272,"column":72}}],"line":272},"4":{"loc":{"start":{"line":297,"column":9},"end":{"line":376,"column":9}},"type":"cond-expr","locations":[{"start":{"line":298,"column":10},"end":{"line":298,"column":12}},{"start":{"line":300,"column":10},"end":{"line":375,"column":16}}],"line":297}},"s":{"0":21,"1":0,"2":0,"3":0,"4":0,"5":0,"6":0,"7":0,"8":0,"9":0,"10":1,"11":1,"12":1,"13":1,"14":1,"15":1,"16":1,"17":0,"18":0,"19":1,"20":0,"21":0,"22":0,"23":0,"24":0,"25":0,"26":0,"27":0,"28":0,"29":0,"30":0,"31":0,"32":0,"33":0,"34":0,"35":0,"36":0,"37":0,"38":0,"39":0,"40":0,"41":0,"42":0},"f":{"0":0,"1":1,"2":0,"3":0,"4":1,"5":0,"6":0,"7":0,"8":0,"9":0,"10":0,"11":0},"b":{"0":[0,0,0,0,0,0,0,0],"1":[0,0],"2":[0,0,0,0,0,0,0,0],"3":[0,0],"4":[0,0]},"_coverageSchema":"332fd63041d2c1bcb487cc26dd0d5f7d97098a6c","hash":"b6c9de96f1ed601c037f8ed727058effe74c766c"}
,"C:\\Users\\NicoMendoza\\Documents\\dwla-web-app\\Client\\src\\features\\app\\Page401.js": {"path":"C:\\Users\\NicoMendoza\\Documents\\dwla-web-app\\Client\\src\\features\\app\\Page401.js","statementMap":{"0":{"start":{"line":6,"column":2},"end":{"line":19,"column":4}},"1":{"start":{"line":26,"column":4},"end":{"line":30,"column":6}}},"fnMap":{"0":{"name":"StandaloneFormPage","decl":{"start":{"line":5,"column":9},"end":{"line":5,"column":27}},"loc":{"start":{"line":5,"column":35},"end":{"line":20,"column":1}},"line":5},"1":{"name":"(anonymous_1)","decl":{"start":{"line":25,"column":2},"end":{"line":25,"column":3}},"loc":{"start":{"line":25,"column":11},"end":{"line":31,"column":3}},"line":25}},"branchMap":{},"s":{"0":0,"1":1},"f":{"0":0,"1":1},"b":{},"_coverageSchema":"332fd63041d2c1bcb487cc26dd0d5f7d97098a6c","hash":"841f7b43d3b3f2f7b637b177b9f09418334535e7"}
,"C:\\Users\\NicoMendoza\\Documents\\dwla-web-app\\Client\\src\\features\\app\\Page404.js": {"path":"C:\\Users\\NicoMendoza\\Documents\\dwla-web-app\\Client\\src\\features\\app\\Page404.js","statementMap":{"0":{"start":{"line":6,"column":2},"end":{"line":19,"column":4}},"1":{"start":{"line":26,"column":4},"end":{"line":30,"column":6}}},"fnMap":{"0":{"name":"StandaloneFormPage","decl":{"start":{"line":5,"column":9},"end":{"line":5,"column":27}},"loc":{"start":{"line":5,"column":35},"end":{"line":20,"column":1}},"line":5},"1":{"name":"(anonymous_1)","decl":{"start":{"line":25,"column":2},"end":{"line":25,"column":3}},"loc":{"start":{"line":25,"column":11},"end":{"line":31,"column":3}},"line":25}},"branchMap":{},"s":{"0":0,"1":1},"f":{"0":0,"1":1},"b":{},"_coverageSchema":"332fd63041d2c1bcb487cc26dd0d5f7d97098a6c","hash":"5d8b121efedee808f667b68047dc85cf27cb4d2b"}
,"C:\\Users\\NicoMendoza\\Documents\\dwla-web-app\\Client\\src\\features\\app\\ParentDashboard.js": {"path":"C:\\Users\\NicoMendoza\\Documents\\dwla-web-app\\Client\\src\\features\\app\\ParentDashboard.js","statementMap":{"0":{"start":{"line":14,"column":4},"end":{"line":18,"column":6}}},"fnMap":{"0":{"name":"(anonymous_0)","decl":{"start":{"line":13,"column":2},"end":{"line":13,"column":3}},"loc":{"start":{"line":13,"column":11},"end":{"line":19,"column":3}},"line":13}},"branchMap":{},"s":{"0":1},"f":{"0":1},"b":{},"_coverageSchema":"332fd63041d2c1bcb487cc26dd0d5f7d97098a6c","hash":"ae30617b15355fc45a6d88d88c6daca554220f49"}
,"C:\\Users\\NicoMendoza\\Documents\\dwla-web-app\\Client\\src\\features\\app\\ParentProfile.js": {"path":"C:\\Users\\NicoMendoza\\Documents\\dwla-web-app\\Client\\src\\features\\app\\ParentProfile.js","statementMap":{"0":{"start":{"line":13,"column":2},"end":{"line":13,"column":76}},"1":{"start":{"line":17,"column":18},"end":{"line":17,"column":47}},"2":{"start":{"line":18,"column":2},"end":{"line":27,"column":4}},"3":{"start":{"line":36,"column":4},"end":{"line":36,"column":17}},"4":{"start":{"line":37,"column":4},"end":{"line":64,"column":6}},"5":{"start":{"line":66,"column":4},"end":{"line":66,"column":45}},"6":{"start":{"line":67,"column":4},"end":{"line":67,"column":45}},"7":{"start":{"line":68,"column":4},"end":{"line":68,"column":53}},"8":{"start":{"line":71,"column":4},"end":{"line":98,"column":7}},"9":{"start":{"line":102,"column":4},"end":{"line":102,"column":63}},"10":{"start":{"line":106,"column":4},"end":{"line":106,"column":40}},"11":{"start":{"line":110,"column":4},"end":{"line":110,"column":27}},"12":{"start":{"line":135,"column":8},"end":{"line":135,"column":18}},"13":{"start":{"line":136,"column":24},"end":{"line":160,"column":5}},"14":{"start":{"line":161,"column":4},"end":{"line":161,"column":29}},"15":{"start":{"line":162,"column":4},"end":{"line":162,"column":56}},"16":{"start":{"line":193,"column":8},"end":{"line":193,"column":18}},"17":{"start":{"line":194,"column":23},"end":{"line":194,"column":37}},"18":{"start":{"line":195,"column":26},"end":{"line":195,"column":31}},"19":{"start":{"line":196,"column":28},"end":{"line":213,"column":5}},"20":{"start":{"line":197,"column":6},"end":{"line":212,"column":7}},"21":{"start":{"line":199,"column":10},"end":{"line":199,"column":33}},"22":{"start":{"line":201,"column":10},"end":{"line":201,"column":28}},"23":{"start":{"line":203,"column":10},"end":{"line":203,"column":29}},"24":{"start":{"line":205,"column":10},"end":{"line":205,"column":27}},"25":{"start":{"line":207,"column":10},"end":{"line":207,"column":27}},"26":{"start":{"line":209,"column":10},"end":{"line":209,"column":28}},"27":{"start":{"line":211,"column":10},"end":{"line":211,"column":20}},"28":{"start":{"line":214,"column":23},"end":{"line":216,"column":5}},"29":{"start":{"line":215,"column":6},"end":{"line":215,"column":76}},"30":{"start":{"line":217,"column":4},"end":{"line":606,"column":6}},"31":{"start":{"line":235,"column":20},"end":{"line":235,"column":56}},"32":{"start":{"line":236,"column":41},"end":{"line":236,"column":55}},"33":{"start":{"line":237,"column":20},"end":{"line":237,"column":55}},"34":{"start":{"line":238,"column":20},"end":{"line":254,"column":25}},"35":{"start":{"line":244,"column":24},"end":{"line":244,"column":40}},"36":{"start":{"line":245,"column":24},"end":{"line":245,"column":61}},"37":{"start":{"line":246,"column":24},"end":{"line":248,"column":27}},"38":{"start":{"line":247,"column":26},"end":{"line":247,"column":60}},"39":{"start":{"line":251,"column":24},"end":{"line":251,"column":38}},"40":{"start":{"line":252,"column":24},"end":{"line":252,"column":61}},"41":{"start":{"line":253,"column":24},"end":{"line":253,"column":56}}},"fnMap":{"0":{"name":"ProfileImage","decl":{"start":{"line":12,"column":9},"end":{"line":12,"column":21}},"loc":{"start":{"line":12,"column":37},"end":{"line":14,"column":1}},"line":12},"1":{"name":"Profile","decl":{"start":{"line":16,"column":9},"end":{"line":16,"column":16}},"loc":{"start":{"line":16,"column":89},"end":{"line":28,"column":1}},"line":16},"2":{"name":"(anonymous_2)","decl":{"start":{"line":35,"column":2},"end":{"line":35,"column":3}},"loc":{"start":{"line":35,"column":21},"end":{"line":69,"column":3}},"line":35},"3":{"name":"(anonymous_3)","decl":{"start":{"line":70,"column":2},"end":{"line":70,"column":3}},"loc":{"start":{"line":70,"column":39},"end":{"line":99,"column":3}},"line":70},"4":{"name":"(anonymous_4)","decl":{"start":{"line":101,"column":2},"end":{"line":101,"column":3}},"loc":{"start":{"line":101,"column":18},"end":{"line":103,"column":3}},"line":101},"5":{"name":"(anonymous_5)","decl":{"start":{"line":105,"column":2},"end":{"line":105,"column":3}},"loc":{"start":{"line":105,"column":22},"end":{"line":107,"column":3}},"line":105},"6":{"name":"(anonymous_6)","decl":{"start":{"line":109,"column":2},"end":{"line":109,"column":3}},"loc":{"start":{"line":109,"column":18},"end":{"line":163,"column":3}},"line":109},"7":{"name":"(anonymous_7)","decl":{"start":{"line":165,"column":2},"end":{"line":165,"column":3}},"loc":{"start":{"line":165,"column":11},"end":{"line":607,"column":3}},"line":165},"8":{"name":"(anonymous_8)","decl":{"start":{"line":196,"column":28},"end":{"line":196,"column":29}},"loc":{"start":{"line":196,"column":40},"end":{"line":213,"column":5}},"line":196},"9":{"name":"(anonymous_9)","decl":{"start":{"line":214,"column":23},"end":{"line":214,"column":24}},"loc":{"start":{"line":214,"column":33},"end":{"line":216,"column":5}},"line":214},"10":{"name":"(anonymous_10)","decl":{"start":{"line":233,"column":33},"end":{"line":233,"column":34}},"loc":{"start":{"line":233,"column":57},"end":{"line":255,"column":19}},"line":233},"11":{"name":"(anonymous_11)","decl":{"start":{"line":243,"column":28},"end":{"line":243,"column":29}},"loc":{"start":{"line":243,"column":35},"end":{"line":249,"column":23}},"line":243},"12":{"name":"(anonymous_12)","decl":{"start":{"line":246,"column":71},"end":{"line":246,"column":72}},"loc":{"start":{"line":246,"column":77},"end":{"line":248,"column":25}},"line":246},"13":{"name":"(anonymous_13)","decl":{"start":{"line":250,"column":29},"end":{"line":250,"column":30}},"loc":{"start":{"line":250,"column":36},"end":{"line":254,"column":23}},"line":250}},"branchMap":{"0":{"loc":{"start":{"line":16,"column":46},"end":{"line":16,"column":60}},"type":"default-arg","locations":[{"start":{"line":16,"column":58},"end":{"line":16,"column":60}}],"line":16},"1":{"loc":{"start":{"line":16,"column":62},"end":{"line":16,"column":80}},"type":"default-arg","locations":[{"start":{"line":16,"column":78},"end":{"line":16,"column":80}}],"line":16},"2":{"loc":{"start":{"line":24,"column":29},"end":{"line":24,"column":44}},"type":"binary-expr","locations":[{"start":{"line":24,"column":29},"end":{"line":24,"column":32}},{"start":{"line":24,"column":36},"end":{"line":24,"column":44}}],"line":24},"3":{"loc":{"start":{"line":197,"column":6},"end":{"line":212,"column":7}},"type":"switch","locations":[{"start":{"line":198,"column":8},"end":{"line":199,"column":33}},{"start":{"line":200,"column":8},"end":{"line":201,"column":28}},{"start":{"line":202,"column":8},"end":{"line":203,"column":29}},{"start":{"line":204,"column":8},"end":{"line":205,"column":27}},{"start":{"line":206,"column":8},"end":{"line":207,"column":27}},{"start":{"line":208,"column":8},"end":{"line":209,"column":28}},{"start":{"line":210,"column":8},"end":{"line":211,"column":20}}],"line":197}},"s":{"0":0,"1":0,"2":0,"3":1,"4":1,"5":1,"6":1,"7":1,"8":0,"9":0,"10":0,"11":0,"12":0,"13":0,"14":0,"15":0,"16":1,"17":1,"18":1,"19":1,"20":1,"21":0,"22":0,"23":0,"24":0,"25":0,"26":0,"27":1,"28":1,"29":2,"30":1,"31":0,"32":0,"33":0,"34":0,"35":0,"36":0,"37":0,"38":0,"39":0,"40":0,"41":0},"f":{"0":0,"1":0,"2":1,"3":0,"4":0,"5":0,"6":0,"7":1,"8":1,"9":2,"10":0,"11":0,"12":0,"13":0},"b":{"0":[0],"1":[0],"2":[0,0],"3":[0,0,0,0,0,0,1]},"_coverageSchema":"332fd63041d2c1bcb487cc26dd0d5f7d97098a6c","hash":"44ae2c686f5fdb7f1932641a735ac18bd0c3630d"}
,"C:\\Users\\NicoMendoza\\Documents\\dwla-web-app\\Client\\src\\features\\app\\ProfileView.js": {"path":"C:\\Users\\NicoMendoza\\Documents\\dwla-web-app\\Client\\src\\features\\app\\ProfileView.js","statementMap":{"0":{"start":{"line":15,"column":23},"end":{"line":15,"column":28}},"1":{"start":{"line":16,"column":2},"end":{"line":31,"column":3}},"2":{"start":{"line":18,"column":6},"end":{"line":18,"column":30}},"3":{"start":{"line":20,"column":6},"end":{"line":20,"column":33}},"4":{"start":{"line":22,"column":6},"end":{"line":22,"column":34}},"5":{"start":{"line":24,"column":6},"end":{"line":24,"column":32}},"6":{"start":{"line":26,"column":6},"end":{"line":26,"column":32}},"7":{"start":{"line":28,"column":6},"end":{"line":28,"column":31}},"8":{"start":{"line":30,"column":6},"end":{"line":30,"column":25}},"9":{"start":{"line":40,"column":4},"end":{"line":42,"column":5}},"10":{"start":{"line":41,"column":6},"end":{"line":41,"column":40}},"11":{"start":{"line":46,"column":4},"end":{"line":48,"column":5}},"12":{"start":{"line":47,"column":6},"end":{"line":47,"column":40}},"13":{"start":{"line":52,"column":4},"end":{"line":58,"column":6}}},"fnMap":{"0":{"name":"ProfileComponent","decl":{"start":{"line":14,"column":9},"end":{"line":14,"column":25}},"loc":{"start":{"line":14,"column":33},"end":{"line":32,"column":1}},"line":14},"1":{"name":"(anonymous_1)","decl":{"start":{"line":39,"column":2},"end":{"line":39,"column":3}},"loc":{"start":{"line":39,"column":22},"end":{"line":43,"column":3}},"line":39},"2":{"name":"(anonymous_2)","decl":{"start":{"line":45,"column":2},"end":{"line":45,"column":3}},"loc":{"start":{"line":45,"column":39},"end":{"line":49,"column":3}},"line":45},"3":{"name":"(anonymous_3)","decl":{"start":{"line":51,"column":2},"end":{"line":51,"column":3}},"loc":{"start":{"line":51,"column":11},"end":{"line":59,"column":3}},"line":51}},"branchMap":{"0":{"loc":{"start":{"line":16,"column":2},"end":{"line":31,"column":3}},"type":"switch","locations":[{"start":{"line":17,"column":4},"end":{"line":18,"column":30}},{"start":{"line":19,"column":4},"end":{"line":20,"column":33}},{"start":{"line":21,"column":4},"end":{"line":22,"column":34}},{"start":{"line":23,"column":4},"end":{"line":24,"column":32}},{"start":{"line":25,"column":4},"end":{"line":26,"column":32}},{"start":{"line":27,"column":4},"end":{"line":28,"column":31}},{"start":{"line":29,"column":4},"end":{"line":30,"column":25}}],"line":16},"1":{"loc":{"start":{"line":40,"column":4},"end":{"line":42,"column":5}},"type":"if","locations":[{"start":{"line":40,"column":4},"end":{"line":42,"column":5}},{"start":{"line":40,"column":4},"end":{"line":42,"column":5}}],"line":40},"2":{"loc":{"start":{"line":46,"column":4},"end":{"line":48,"column":5}},"type":"if","locations":[{"start":{"line":46,"column":4},"end":{"line":48,"column":5}},{"start":{"line":46,"column":4},"end":{"line":48,"column":5}}],"line":46}},"s":{"0":0,"1":0,"2":0,"3":0,"4":0,"5":0,"6":0,"7":0,"8":0,"9":0,"10":0,"11":0,"12":0,"13":1},"f":{"0":0,"1":0,"2":0,"3":1},"b":{"0":[0,0,0,0,0,0,0],"1":[0,0],"2":[0,0]},"_coverageSchema":"332fd63041d2c1bcb487cc26dd0d5f7d97098a6c","hash":"9f7be816ab364ff075c7b90339262fb0df28dabd"}
,"C:\\Users\\NicoMendoza\\Documents\\dwla-web-app\\Client\\src\\features\\app\\RegistrarAddNewLoad.js": {"path":"C:\\Users\\NicoMendoza\\Documents\\dwla-web-app\\Client\\src\\features\\app\\RegistrarAddNewLoad.js","statementMap":{"0":{"start":{"line":22,"column":19},"end":{"line":22,"column":25}},"1":{"start":{"line":31,"column":4},"end":{"line":31,"column":17}},"2":{"start":{"line":32,"column":4},"end":{"line":53,"column":6}},"3":{"start":{"line":55,"column":4},"end":{"line":55,"column":65}},"4":{"start":{"line":56,"column":4},"end":{"line":56,"column":59}},"5":{"start":{"line":57,"column":4},"end":{"line":57,"column":59}},"6":{"start":{"line":58,"column":4},"end":{"line":58,"column":55}},"7":{"start":{"line":59,"column":4},"end":{"line":59,"column":55}},"8":{"start":{"line":60,"column":4},"end":{"line":60,"column":53}},"9":{"start":{"line":61,"column":4},"end":{"line":61,"column":45}},"10":{"start":{"line":62,"column":4},"end":{"line":62,"column":49}},"11":{"start":{"line":66,"column":14},"end":{"line":66,"column":36}},"12":{"start":{"line":67,"column":14},"end":{"line":67,"column":83}},"13":{"start":{"line":67,"column":47},"end":{"line":67,"column":82}},"14":{"start":{"line":68,"column":4},"end":{"line":73,"column":5}},"15":{"start":{"line":68,"column":29},"end":{"line":68,"column":62}},"16":{"start":{"line":69,"column":6},"end":{"line":69,"column":20}},"17":{"start":{"line":70,"column":6},"end":{"line":70,"column":42}},"18":{"start":{"line":72,"column":6},"end":{"line":72,"column":51}},"19":{"start":{"line":77,"column":4},"end":{"line":77,"column":40}},"20":{"start":{"line":81,"column":4},"end":{"line":81,"column":39}},"21":{"start":{"line":82,"column":4},"end":{"line":85,"column":7}},"22":{"start":{"line":86,"column":4},"end":{"line":100,"column":9}},"23":{"start":{"line":89,"column":8},"end":{"line":93,"column":9}},"24":{"start":{"line":90,"column":10},"end":{"line":90,"column":63}},"25":{"start":{"line":92,"column":10},"end":{"line":92,"column":81}},"26":{"start":{"line":96,"column":8},"end":{"line":99,"column":11}},"27":{"start":{"line":104,"column":18},"end":{"line":104,"column":77}},"28":{"start":{"line":104,"column":60},"end":{"line":104,"column":76}},"29":{"start":{"line":105,"column":4},"end":{"line":109,"column":5}},"30":{"start":{"line":106,"column":16},"end":{"line":106,"column":38}},"31":{"start":{"line":107,"column":6},"end":{"line":107,"column":27}},"32":{"start":{"line":108,"column":6},"end":{"line":108,"column":42}},"33":{"start":{"line":113,"column":4},"end":{"line":113,"column":44}},"34":{"start":{"line":114,"column":4},"end":{"line":125,"column":9}},"35":{"start":{"line":121,"column":8},"end":{"line":121,"column":84}},"36":{"start":{"line":124,"column":8},"end":{"line":124,"column":66}},"37":{"start":{"line":129,"column":4},"end":{"line":129,"column":46}},"38":{"start":{"line":131,"column":6},"end":{"line":133,"column":12}},"39":{"start":{"line":132,"column":47},"end":{"line":132,"column":69}},"40":{"start":{"line":134,"column":4},"end":{"line":134,"column":35}},"41":{"start":{"line":138,"column":4},"end":{"line":138,"column":46}},"42":{"start":{"line":140,"column":6},"end":{"line":142,"column":12}},"43":{"start":{"line":141,"column":47},"end":{"line":141,"column":69}},"44":{"start":{"line":143,"column":4},"end":{"line":143,"column":35}},"45":{"start":{"line":147,"column":4},"end":{"line":147,"column":39}},"46":{"start":{"line":148,"column":4},"end":{"line":148,"column":41}},"47":{"start":{"line":149,"column":4},"end":{"line":149,"column":70}},"48":{"start":{"line":150,"column":4},"end":{"line":165,"column":9}},"49":{"start":{"line":153,"column":8},"end":{"line":153,"column":51}},"50":{"start":{"line":154,"column":8},"end":{"line":154,"column":64}},"51":{"start":{"line":155,"column":8},"end":{"line":155,"column":48}},"52"
[...]
,"C:\\Users\\NicoMendoza\\Documents\\dwla-web-app\\Client\\src\\features\\app\\redux\\updateAdminProfile.js": {"path":"C:\\Users\\NicoMendoza\\Documents\\dwla-web-app\\Client\\src\\features\\app\\redux\\updateAdminProfile.js","statementMap":{"0":{"start":{"line":10,"column":34},"end":{"line":30,"column":1}},"1":{"start":{"line":10,"column":42},"end":{"line":30,"column":1}},"2":{"start":{"line":11,"column":2},"end":{"line":11,"column":37}},"3":{"start":{"line":12,"column":2},"end":{"line":26,"column":7}},"4":{"start":{"line":15,"column":6},"end":{"line":15,"column":68}},"5":{"start":{"line":16,"column":6},"end":{"line":16,"column":42}},"6":{"start":{"line":17,"column":6},"end":{"line":17,"column":44}},"7":{"start":{"line":18,"column":6},"end":{"line":18,"column":54}},"8":{"start":{"line":21,"column":6},"end":{"line":24,"column":9}},"9":{"start":{"line":25,"column":6},"end":{"line":25,"column":42}},"10":{"start":{"line":27,"column":2},"end":{"line":29,"column":4}},"11":{"start":{"line":33,"column":2},"end":{"line":41,"column":3}},"12":{"start":{"line":35,"column":6},"end":{"line":37,"column":8}},"13":{"start":{"line":40,"column":6},"end":{"line":40,"column":19}}},"fnMap":{"0":{"name":"(anonymous_0)","decl":{"start":{"line":10,"column":34},"end":{"line":10,"column":35}},"loc":{"start":{"line":10,"column":42},"end":{"line":30,"column":1}},"line":10},"1":{"name":"(anonymous_1)","decl":{"start":{"line":10,"column":42},"end":{"line":10,"column":43}},"loc":{"start":{"line":10,"column":54},"end":{"line":30,"column":1}},"line":10},"2":{"name":"(anonymous_2)","decl":{"start":{"line":14,"column":10},"end":{"line":14,"column":11}},"loc":{"start":{"line":14,"column":17},"end":{"line":19,"column":5}},"line":14},"3":{"name":"(anonymous_3)","decl":{"start":{"line":20,"column":11},"end":{"line":20,"column":12}},"loc":{"start":{"line":20,"column":18},"end":{"line":26,"column":5}},"line":20},"4":{"name":"reducer","decl":{"start":{"line":32,"column":16},"end":{"line":32,"column":23}},"loc":{"start":{"line":32,"column":39},"end":{"line":42,"column":1}},"line":32}},"branchMap":{"0":{"loc":{"start":{"line":33,"column":2},"end":{"line":41,"column":3}},"type":"switch","locations":[{"start":{"line":34,"column":4},"end":{"line":37,"column":8}},{"start":{"line":39,"column":4},"end":{"line":40,"column":19}}],"line":33}},"s":{"0":90,"1":1,"2":0,"3":0,"4":0,"5":0,"6":0,"7":0,"8":0,"9":0,"10":0,"11":7,"12":1,"13":6},"f":{"0":1,"1":0,"2":0,"3":0,"4":7},"b":{"0":[1,6]},"_coverageSchema":"332fd63041d2c1bcb487cc26dd0d5f7d97098a6c","hash":"cee299b6814e1171de2ce13f0447d34ce7699a3e"}
,"C:\\Users\\NicoMendoza\\Documents\\dwla-web-app\\Client\\src\\features\\app\\redux\\updateDirectorProfile.js": {"path":"C:\\Users\\NicoMendoza\\Documents\\dwla-web-app\\Client\\src\\features\\app\\redux\\updateDirectorProfile.js","statementMap":{"0":{"start":{"line":10,"column":37},"end":{"line":30,"column":1}},"1":{"start":{"line":10,"column":45},"end":{"line":30,"column":1}},"2":{"start":{"line":11,"column":2},"end":{"line":11,"column":37}},"3":{"start":{"line":12,"column":2},"end":{"line":26,"column":7}},"4":{"start":{"line":15,"column":6},"end":{"line":15,"column":69}},"5":{"start":{"line":16,"column":6},"end":{"line":16,"column":42}},"6":{"start":{"line":17,"column":6},"end":{"line":17,"column":44}},"7":{"start":{"line":18,"column":6},"end":{"line":18,"column":54}},"8":{"start":{"line":21,"column":6},"end":{"line":24,"column":9}},"9":{"start":{"line":25,"column":6},"end":{"line":25,"column":42}},"10":{"start":{"line":27,"column":2},"end":{"line":29,"column":4}},"11":{"start":{"line":33,"column":2},"end":{"line":41,"column":3}},"12":{"start":{"line":35,"column":6},"end":{"line":37,"column":8}},"13":{"start":{"line":40,"column":6},"end":{"line":40,"column":19}}},"fnMap":{"0":{"name":"(anonymous_0)","decl":{"start":{"line":10,"column":37},"end":{"line":10,"column":38}},"loc":{"start":{"line":10,"column":45},"end":{"line":30,"column":1}},"line":10},"1":{"name":"(anonymous_1)","decl":{"start":{"line":10,"column":45},"end":{"line":10,"column":46}},"loc":{"start":{"line":10,"column":57},"end":{"line":30,"column":1}},"line":10},"2":{"name":"(anonymous_2)","decl":{"start":{"line":14,"column":10},"end":{"line":14,"column":11}},"loc":{"start":{"line":14,"column":17},"end":{"line":19,"column":5}},"line":14},"3":{"name":"(anonymous_3)","decl":{"start":{"line":20,"column":11},"end":{"line":20,"column":12}},"loc":{"start":{"line":20,"column":18},"end":{"line":26,"column":5}},"line":20},"4":{"name":"reducer","decl":{"start":{"line":32,"column":16},"end":{"line":32,"column":23}},"loc":{"start":{"line":32,"column":39},"end":{"line":42,"column":1}},"line":32}},"branchMap":{"0":{"loc":{"start":{"line":33,"column":2},"end":{"line":41,"column":3}},"type":"switch","locations":[{"start":{"line":34,"column":4},"end":{"line":37,"column":8}},{"start":{"line":39,"column":4},"end":{"line":40,"column":19}}],"line":33}},"s":{"0":90,"1":1,"2":0,"3":0,"4":0,"5":0,"6":0,"7":0,"8":0,"9":0,"10":0,"11":7,"12":1,"13":6},"f":{"0":1,"1":0,"2":0,"3":0,"4":7},"b":{"0":[1,6]},"_coverageSchema":"332fd63041d2c1bcb487cc26dd0d5f7d97098a6c","hash":"964a8fa60a8e01945cbe69eb671f9fc42d286709"}
,"C:\\Users\\NicoMendoza\\Documents\\dwla-web-app\\Client\\src\\features\\app\\redux\\updateParentProfile.js": {"path":"C:\\Users\\NicoMendoza\\Documents\\dwla-web-app\\Client\\src\\features\\app\\redux\\updateParentProfile.js","statementMap":{"0":{"start":{"line":10,"column":35},"end":{"line":27,"column":1}},"1":{"start":{"line":10,"column":43},"end":{"line":27,"column":1}},"2":{"start":{"line":11,"column":2},"end":{"line":11,"column":37}},"3":{"start":{"line":12,"column":2},"end":{"line":23,"column":7}},"4":{"start":{"line":15,"column":6},"end":{"line":15,"column":69}},"5":{"start":{"line":16,"column":6},"end":{"line":16,"column":42}},"6":{"start":{"line":17,"column":6},"end":{"line":17,"column":44}},"7":{"start":{"line":18,"column":6},"end":{"line":18,"column":54}},"8":{"start":{"line":21,"column":6},"end":{"line":21,"column":69}},"9":{"start":{"line":22,"column":6},"end":{"line":22,"column":42}},"10":{"start":{"line":24,"column":2},"end":{"line":26,"column":4}},"11":{"start":{"line":30,"column":2},"end":{"line":38,"column":3}},"12":{"start":{"line":32,"column":6},"end":{"line":34,"column":8}},"13":{"start":{"line":37,"column":6},"end":{"line":37,"column":19}}},"fnMap":{"0":{"name":"(anonymous_0)","decl":{"start":{"line":10,"column":35},"end":{"line":10,"column":36}},"loc":{"start":{"line":10,"column":43},"end":{"line":27,"column":1}},"line":10},"1":{"name":"(anonymous_1)","decl":{"start":{"line":10,"column":43},"end":{"line":10,"column":44}},"loc":{"start":{"line":10,"column":55},"end":{"line":27,"column":1}},"line":10},"2":{"name":"(anonymous_2)","decl":{"start":{"line":14,"column":10},"end":{"line":14,"column":11}},"loc":{"start":{"line":14,"column":17},"end":{"line":19,"column":5}},"line":14},"3":{"name":"(anonymous_3)","decl":{"start":{"line":20,"column":11},"end":{"line":20,"column":12}},"loc":{"start":{"line":20,"column":18},"end":{"line":23,"column":5}},"line":20},"4":{"name":"reducer","decl":{"start":{"line":29,"column":16},"end":{"line":29,"column":23}},"loc":{"start":{"line":29,"column":39},"end":{"line":39,"column":1}},"line":29}},"branchMap":{"0":{"loc":{"start":{"line":30,"column":2},"end":{"line":38,"column":3}},"type":"switch","locations":[{"start":{"line":31,"column":4},"end":{"line":34,"column":8}},{"start":{"line":36,"column":4},"end":{"line":37,"column":19}}],"line":30}},"s":{"0":90,"1":1,"2":0,"3":0,"4":0,"5":0,"6":0,"7":0,"8":0,"9":0,"10":0,"11":7,"12":1,"13":6},"f":{"0":1,"1":0,"2":0,"3":0,"4":7},"b":{"0":[1,6]},"_coverageSchema":"332fd63041d2c1bcb487cc26dd0d5f7d97098a6c","hash":"70112d5a857252081f7abf2adad97eb157123f77"}
,"C:\\Users\\NicoMendoza\\Documents\\dwla-web-app\\Client\\src\\features\\app\\redux\\updateRegistrarProfile.js": {"path":"C:\\Users\\NicoMendoza\\Documents\\dwla-web-app\\Client\\src\\features\\app\\redux\\updateRegistrarProfile.js","statementMap":{"0":{"start":{"line":10,"column":38},"end":{"line":30,"column":1}},"1":{"start":{"line":10,"column":46},"end":{"line":30,"column":1}},"2":{"start":{"line":11,"column":2},"end":{"line":11,"column":37}},"3":{"start":{"line":12,"column":2},"end":{"line":26,"column":7}},"4":{"start":{"line":15,"column":6},"end":{"line":15,"column":69}},"5":{"start":{"line":16,"column":6},"end":{"line":16,"column":42}},"6":{"start":{"line":17,"column":6},"end":{"line":17,"column":44}},"7":{"start":{"line":18,"column":6},"end":{"line":18,"column":54}},"8":{"start":{"line":21,"column":6},"end":{"line":24,"column":9}},"9":{"start":{"line":25,"column":6},"end":{"line":25,"column":42}},"10":{"start":{"line":27,"column":2},"end":{"line":29,"column":4}},"11":{"start":{"line":33,"column":2},"end":{"line":41,"column":3}},"12":{"start":{"line":35,"column":6},"end":{"line":37,"column":8}},"13":{"start":{"line":40,"column":6},"end":{"line":40,"column":19}}},"fnMap":{"0":{"name":"(anonymous_0)","decl":{"start":{"line":10,"column":38},"end":{"line":10,"column":39}},"loc":{"start":{"line":10,"column":46},"end":{"line":30,"column":1}},"line":10},"1":{"name":"(anonymous_1)","decl":{"start":{"line":10,"column":46},"end":{"line":10,"column":47}},"loc":{"start":{"line":10,"column":58},"end":{"line":30,"column":1}},"line":10},"2":{"name":"(anonymous_2)","decl":{"start":{"line":14,"column":10},"end":{"line":14,"column":11}},"loc":{"start":{"line":14,"column":17},"end":{"line":19,"column":5}},"line":14},"3":{"name":"(anonymous_3)","decl":{"start":{"line":20,"column":11},"end":{"line":20,"column":12}},"loc":{"start":{"line":20,"column":18},"end":{"line":26,"column":5}},"line":20},"4":{"name":"reducer","decl":{"start":{"line":32,"column":16},"end":{"line":32,"column":23}},"loc":{"start":{"line":32,"column":39},"end":{"line":42,"column":1}},"line":32}},"branchMap":{"0":{"loc":{"start":{"line":33,"column":2},"end":{"line":41,"column":3}},"type":"switch","locations":[{"start":{"line":34,"column":4},"end":{"line":37,"column":8}},{"start":{"line":39,"column":4},"end":{"line":40,"column":19}}],"line":33}},"s":{"0":90,"1":1,"2":0,"3":0,"4":0,"5":0,"6":0,"7":0,"8":0,"9":0,"10":0,"11":7,"12":1,"13":6},"f":{"0":1,"1":0,"2":0,"3":0,"4":7},"b":{"0":[1,6]},"_coverageSchema":"332fd63041d2c1bcb487cc26dd0d5f7d97098a6c","hash":"644d2b5fb491f48cc084d6bfb4e441c62c512e28"}
,"C:\\Users\\NicoMendoza\\Documents\\dwla-web-app\\Client\\src\\features\\app\\redux\\updateTeacherProfile.js": {"path":"C:\\Users\\NicoMendoza\\Documents\\dwla-web-app\\Client\\src\\features\\app\\redux\\updateTeacherProfile.js","statementMap":{"0":{"start":{"line":10,"column":36},"end":{"line":27,"column":1}},"1":{"start":{"line":10,"column":44},"end":{"line":27,"column":1}},"2":{"start":{"line":11,"column":2},"end":{"line":11,"column":37}},"3":{"start":{"line":12,"column":2},"end":{"line":23,"column":7}},"4":{"start":{"line":15,"column":6},"end":{"line":15,"column":69}},"5":{"start":{"line":16,"column":6},"end":{"line":16,"column":42}},"6":{"start":{"line":17,"column":6},"end":{"line":17,"column":44}},"7":{"start":{"line":18,"column":6},"end":{"line":18,"column":54}},"8":{"start":{"line":21,"column":6},"end":{"line":21,"column":69}},"9":{"start":{"line":22,"column":6},"end":{"line":22,"column":42}},"10":{"start":{"line":24,"column":2},"end":{"line":26,"column":4}},"11":{"start":{"line":30,"column":2},"end":{"line":38,"column":3}},"12":{"start":{"line":32,"column":6},"end":{"line":34,"column":8}},"13":{"start":{"line":37,"column":6},"end":{"line":37,"column":19}}},"fnMap":{"0":{"name":"(anonymous_0)","decl":{"start":{"line":10,"column":36},"end":{"line":10,"column":37}},"loc":{"start":{"line":10,"column":44},"end":{"line":27,"column":1}},"line":10},"1":{"name":"(anonymous_1)","decl":{"start":{"line":10,"column":44},"end":{"line":10,"column":45}},"loc":{"start":{"line":10,"column":56},"end":{"line":27,"column":1}},"line":10},"2":{"name":"(anonymous_2)","decl":{"start":{"line":14,"column":10},"end":{"line":14,"column":11}},"loc":{"start":{"line":14,"column":17},"end":{"line":19,"column":5}},"line":14},"3":{"name":"(anonymous_3)","decl":{"start":{"line":20,"column":11},"end":{"line":20,"column":12}},"loc":{"start":{"line":20,"column":18},"end":{"line":23,"column":5}},"line":20},"4":{"name":"reducer","decl":{"start":{"line":29,"column":16},"end":{"line":29,"column":23}},"loc":{"start":{"line":29,"column":39},"end":{"line":39,"column":1}},"line":29}},"branchMap":{"0":{"loc":{"start":{"line":30,"column":2},"end":{"line":38,"column":3}},"type":"switch","locations":[{"start":{"line":31,"column":4},"end":{"line":34,"column":8}},{"start":{"line":36,"column":4},"end":{"line":37,"column":19}}],"line":30}},"s":{"0":90,"1":1,"2":0,"3":0,"4":0,"5":0,"6":0,"7":0,"8":0,"9":0,"10":0,"11":7,"12":1,"13":6},"f":{"0":1,"1":0,"2":0,"3":0,"4":7},"b":{"0":[1,6]},"_coverageSchema":"332fd63041d2c1bcb487cc26dd0d5f7d97098a6c","hash":"4cf373f3fa74b1924ac960b624700eaaeb24d444"}
,"C:\\Users\\NicoMendoza\\Documents\\dwla-web-app\\Client\\src\\features\\common\\PageNotFound.js": {"path":"C:\\Users\\NicoMendoza\\Documents\\dwla-web-app\\Client\\src\\features\\common\\PageNotFound.js","statementMap":{"0":{"start":{"line":7,"column":4},"end":{"line":7,"column":28}}},"fnMap":{"0":{"name":"(anonymous_0)","decl":{"start":{"line":6,"column":2},"end":{"line":6,"column":3}},"loc":{"start":{"line":6,"column":11},"end":{"line":8,"column":3}},"line":6}},"branchMap":{},"s":{"0":1},"f":{"0":1},"b":{},"_coverageSchema":"332fd63041d2c1bcb487cc26dd0d5f7d97098a6c","hash":"5431cb2e49275166fe0477743483d7e8bdc1c929"}
,"C:\\Users\\NicoMendoza\\Documents\\dwla-web-app\\Client\\src\\features\\common\\index.js": {"path":"C:\\Users\\NicoMendoza\\Documents\\dwla-web-app\\Client\\src\\features\\common\\index.js","statementMap":{},"fnMap":{},"branchMap":{},"s":{},"f":{},"b":{},"_coverageSchema":"332fd63041d2c1bcb487cc26dd0d5f7d97098a6c","hash":"2f4f1da1d92db50862f3913a4c55acb0e54934c9"}
,"C:\\Users\\NicoMendoza\\Documents\\dwla-web-app\\Client\\src\\features\\common\\route.js": {"path":"C:\\Users\\NicoMendoza\\Documents\\dwla-web-app\\Client\\src\\features\\common\\route.js","statementMap":{},"fnMap":{},"branchMap":{},"s":{},"f":{},"b":{},"_coverageSchema":"332fd63041d2c1bcb487cc26dd0d5f7d97098a6c","hash":"09997a339d76a9fc00d71683ed8edb007b39c48c"}
,"C:\\Users\\NicoMendoza\\Documents\\dwla-web-app\\Client\\src\\features\\common\\redux\\actions.js": {"path":"C:\\Users\\NicoMendoza\\Documents\\dwla-web-app\\Client\\src\\features\\common\\redux\\actions.js","statementMap":{"0":{"start":{"line":1,"column":33},"end":{"line":1,"column":144}},"1":{"start":{"line":1,"column":134},"end":{"line":1,"column":143}}},"fnMap":{"0":{"name":"(anonymous_0)","decl":{"start":{"line":1,"column":120},"end":{"line":1,"column":121}},"loc":{"start":{"line":1,"column":133},"end":{"line":1,"column":144}},"line":1}},"branchMap":{"0":{"loc":{"start":{"line":1,"column":33},"end":{"line":1,"column":144}},"type":"cond-expr","locations":[{"start":{"line":1,"column":79},"end":{"line":1,"column":117}},{"start":{"line":1,"column":120},"end":{"line":1,"column":144}}],"line":1}},"s":{"0":0,"1":0},"f":{"0":0},"b":{"0":[0,0]}}
,"C:\\Users\\NicoMendoza\\Documents\\dwla-web-app\\Client\\src\\features\\common\\redux\\constants.js": {"path":"C:\\Users\\NicoMendoza\\Documents\\dwla-web-app\\Client\\src\\features\\common\\redux\\constants.js","statementMap":{"0":{"start":{"line":1,"column":33},"end":{"line":1,"column":144}},"1":{"start":{"line":1,"column":134},"end":{"line":1,"column":143}}},"fnMap":{"0":{"name":"(anonymous_0)","decl":{"start":{"line":1,"column":120},"end":{"line":1,"column":121}},"loc":{"start":{"line":1,"column":133},"end":{"line":1,"column":144}},"line":1}},"branchMap":{"0":{"loc":{"start":{"line":1,"column":33},"end":{"line":1,"column":144}},"type":"cond-expr","locations":[{"start":{"line":1,"column":79},"end":{"line":1,"column":117}},{"start":{"line":1,"column":120},"end":{"line":1,"column":144}}],"line":1}},"s":{"0":0,"1":0},"f":{"0":0},"b":{"0":[0,0]}}
,"C:\\Users\\NicoMendoza\\Documents\\dwla-web-app\\Client\\src\\features\\common\\redux\\initialState.js": {"path":"C:\\Users\\NicoMendoza\\Documents\\dwla-web-app\\Client\\src\\features\\common\\redux\\initialState.js","statementMap":{"0":{"start":{"line":9,"column":21},"end":{"line":10,"column":1}}},"fnMap":{},"branchMap":{},"s":{"0":2},"f":{},"b":{},"_coverageSchema":"332fd63041d2c1bcb487cc26dd0d5f7d97098a6c","hash":"095f4b356a1fd83acc5b977168b9d8b797abb2d4"}
,"C:\\Users\\NicoMendoza\\Documents\\dwla-web-app\\Client\\src\\features\\common\\redux\\reducer.js": {"path":"C:\\Users\\NicoMendoza\\Documents\\dwla-web-app\\Client\\src\\features\\common\\redux\\reducer.js","statementMap":{"0":{"start":{"line":11,"column":17},"end":{"line":12,"column":1}},"1":{"start":{"line":16,"column":2},"end":{"line":21,"column":3}},"2":{"start":{"line":19,"column":6},"end":{"line":19,"column":23}},"3":{"start":{"line":20,"column":6},"end":{"line":20,"column":12}}},"fnMap":{"0":{"name":"reducer","decl":{"start":{"line":14,"column":24},"end":{"line":14,"column":31}},"loc":{"start":{"line":14,"column":62},"end":{"line":24,"column":1}},"line":14}},"branchMap":{"0":{"loc":{"start":{"line":14,"column":32},"end":{"line":14,"column":52}},"type":"default-arg","locations":[{"start":{"line":14,"column":40},"end":{"line":14,"column":52}}],"line":14},"1":{"loc":{"start":{"line":16,"column":2},"end":{"line":21,"column":3}},"type":"switch","locations":[{"start":{"line":18,"column":4},"end":{"line":20,"column":12}}],"line":16}},"s":{"0":2,"1":6,"2":6,"3":6},"f":{"0":6},"b":{"0":[6],"1":[6]},"_coverageSchema":"332fd63041d2c1bcb487cc26dd0d5f7d97098a6c","hash":"05b7165ffb5c643d3ecf5cdb8d995cb970074b11"}
,"C:\\Users\\NicoMendoza\\Documents\\dwla-web-app\\Client\\src\\utils\\index.js": {"path":"C:\\Users\\NicoMendoza\\Documents\\dwla-web-app\\Client\\src\\utils\\index.js","statementMap":{"0":{"start":{"line":3,"column":24},"end":{"line":3,"column":47}},"1":{"start":{"line":4,"column":27},"end":{"line":6,"column":1}},"2":{"start":{"line":5,"column":2},"end":{"line":5,"column":35}}},"fnMap":{"0":{"name":"(anonymous_0)","decl":{"start":{"line":4,"column":27},"end":{"line":4,"column":28}},"loc":{"start":{"line":4,"column":39},"end":{"line":6,"column":1}},"line":4}},"branchMap":{},"s":{"0":43,"1":43,"2":2},"f":{"0":2},"b":{},"_coverageSchema":"332fd63041d2c1bcb487cc26dd0d5f7d97098a6c","hash":"eabc8511c3f21ede560a0fa32ff0ac5683fda10b"}
}
