TN:
SF:C:\Users\NicoMendoza\Documents\dwla-web-app\Client\src\Root.js
FN:13,renderRouteConfigV3
FN:17,(anonymous_1)
FN:30,(anonymous_2)
FN:39,(anonymous_3)
FN:43,(anonymous_4)
FN:54,(anonymous_5)
FNF:6
FNH:5
FNDA:2,renderRouteConfigV3
FNDA:8,(anonymous_1)
FNDA:0,(anonymous_2)
FNDA:6,(anonymous_3)
FNDA:2,(anonymous_4)
FNDA:1,(anonymous_5)
DA:15,2
DA:17,2
DA:19,8
DA:20,2
DA:22,6
DA:24,8
DA:25,8
DA:26,1
DA:27,1
DA:30,0
DA:34,7
DA:35,1
DA:38,6
DA:39,6
DA:43,2
DA:46,2
DA:55,1
DA:56,1
LF:18
LH:17
BRDA:19,0,0,2
BRDA:19,0,1,6
BRDA:25,1,0,1
BRDA:25,1,1,7
BRDA:25,2,0,8
BRDA:25,2,1,2
BRDA:34,3,0,1
BRDA:34,3,1,6
BRDA:38,4,0,2
BRDA:38,4,1,4
BRF:10
BRH:10
end_of_record
TN:
SF:C:\Users\NicoMendoza\Documents\dwla-web-app\Client\src\index.js
FN:22,(anonymous_0)
FN:23,(anonymous_1)
FN:24,(anonymous_2)
FN:37,(anonymous_3)
FN:41,(anonymous_4)
FN:59,renderApp
FNF:6
FNH:0
FNDA:0,(anonymous_0)
FNDA:0,(anonymous_1)
FNDA:0,(anonymous_2)
FNDA:0,(anonymous_3)
FNDA:0,(anonymous_4)
FNDA:0,renderApp
DA:12,1
DA:14,1
DA:15,1
DA:16,1
DA:18,1
DA:20,1
DA:21,1
DA:22,1
DA:23,0
DA:24,0
DA:25,0
DA:26,0
DA:27,0
DA:28,0
DA:36,1
DA:38,0
DA:39,0
DA:42,0
DA:43,0
DA:47,1
DA:48,0
DA:49,0
DA:50,0
DA:51,0
DA:52,0
DA:53,0
DA:54,0
DA:55,0
DA:60,0
DA:63,0
DA:67,0
LF:31
LH:10
BRDA:25,0,0,0
BRDA:25,0,1,0
BRDA:47,1,0,0
BRDA:47,1,1,0
BRDA:53,2,0,0
BRDA:53,2,1,0
BRDA:67,3,0,0
BRF:7
BRH:0
end_of_record
TN:
SF:C:\Users\NicoMendoza\Documents\dwla-web-app\Client\src\common\configStore.js
FN:12,(anonymous_0)
FN:31,configureStore
FNF:2
FNH:2
FNDA:2,(anonymous_0)
FNDA:2,configureStore
DA:7,2
DA:10,2
DA:12,2
DA:15,2
DA:27,2
DA:32,2
DA:39,2
DA:46,2
LF:8
LH:8
BRDA:15,0,0,2
BRDA:27,1,0,0
BRDA:27,1,1,2
BRDA:28,2,0,0
BRDA:28,2,1,0
BRDA:39,3,0,2
BRF:6
BRH:3
end_of_record
TN:
SF:C:\Users\NicoMendoza\Documents\dwla-web-app\Client\src\common\history.js
FNF:0
FNH:0
DA:4,2
LF:1
LH:1
BRF:0
BRH:0
end_of_record
TN:
SF:C:\Users\NicoMendoza\Documents\dwla-web-app\Client\src\common\rootReducer.js
FNF:0
FNH:0
DA:11,2
LF:1
LH:1
BRF:0
BRH:0
end_of_record
TN:
SF:C:\Users\NicoMendoza\Documents\dwla-web-app\Client\src\common\routeConfig.js
FN:18,(anonymous_0)
FN:24,handleIndexRoute
FN:29,(anonymous_2)
FNF:3
FNH:3
FNDA:3,(anonymous_0)
FNDA:28,handleIndexRoute
FNDA:3,(anonymous_2)
DA:9,1
DA:11,1
DA:18,3
DA:25,28
DA:26,26
DA:29,3
DA:30,2
DA:31,1
DA:32,1
DA:33,1
DA:34,1
DA:35,1
DA:37,2
DA:40,1
LF:14
LH:14
BRDA:18,0,0,3
BRDA:18,0,1,2
BRDA:18,0,2,2
BRDA:25,1,0,26
BRDA:25,1,1,2
BRDA:25,2,0,28
BRDA:25,2,1,2
BRDA:30,3,0,1
BRDA:30,3,1,1
BRF:9
BRH:9
end_of_record
TN:
SF:C:\Users\NicoMendoza\Documents\dwla-web-app\Client\src\common\setAuthToken.js
FN:3,(anonymous_0)
FNF:1
FNH:0
FNDA:0,(anonymous_0)
DA:3,90
DA:4,0
DA:5,0
DA:7,0
LF:4
LH:1
BRDA:4,0,0,0
BRDA:4,0,1,0
BRF:2
BRH:0
end_of_record
TN:
SF:C:\Users\NicoMendoza\Documents\dwla-web-app\Client\src\features\app\AdminActivateAccount.js
FN:18,(anonymous_0)
FN:32,(anonymous_1)
FN:43,(anonymous_2)
FN:50,(anonymous_3)
FN:55,(anonymous_4)
FN:63,(anonymous_5)
FN:70,(anonymous_6)
FN:75,(anonymous_7)
FN:79,(anonymous_8)
FN:83,(anonymous_9)
FN:90,(anonymous_10)
FN:95,(anonymous_11)
FN:99,(anonymous_12)
FN:106,(anonymous_13)
FN:111,(anonymous_14)
FN:128,(anonymous_15)
FN:138,(anonymous_16)
FNF:17
FNH:3
FNDA:1,(anonymous_0)
FNDA:0,(anonymous_1)
FNDA:0,(anonymous_2)
FNDA:0,(anonymous_3)
FNDA:0,(anonymous_4)
FNDA:0,(anonymous_5)
FNDA:0,(anonymous_6)
FNDA:0,(anonymous_7)
FNDA:0,(anonymous_8)
FNDA:0,(anonymous_9)
FNDA:0,(anonymous_10)
FNDA:1,(anonymous_11)
FNDA:0,(anonymous_12)
FNDA:0,(anonymous_13)
FNDA:1,(anonymous_14)
FNDA:0,(anonymous_15)
FNDA:0,(anonymous_16)
DA:19,1
DA:20,1
DA:29,1
DA:33,0
DA:36,0
DA:37,0
DA:44,0
DA:45,0
DA:51,0
DA:56,0
DA:60,0
DA:61,0
DA:64,0
DA:65,0
DA:71,0
DA:76,0
DA:80,0
DA:81,0
DA:84,0
DA:85,0
DA:91,0
DA:96,1
DA:97,1
DA:100,0
DA:101,0
DA:107,0
DA:112,1
DA:113,1
DA:114,0
DA:128,0
DA:138,0
DA:150,1
LF:32
LH:8
BRDA:117,0,0,0
BRDA:117,0,1,0
BRDA:123,1,0,0
BRDA:123,1,1,0
BRDA:125,2,0,0
BRDA:125,2,1,0
BRDA:175,3,0,0
BRDA:175,3,1,1
BRF:8
BRH:1
end_of_record
TN:
SF:C:\Users\NicoMendoza\Documents\dwla-web-app\Client\src\features\app\AdminCreateAccount.js
FN:14,(anonymous_0)
FN:28,(anonymous_1)
FN:41,(anonymous_2)
FN:51,(anonymous_3)
FN:55,(anonymous_4)
FN:58,(anonymous_5)
FNF:6
FNH:2
FNDA:1,(anonymous_0)
FNDA:0,(anonymous_1)
FNDA:0,(anonymous_2)
FNDA:0,(anonymous_3)
FNDA:0,(anonymous_4)
FNDA:1,(anonymous_5)
DA:15,1
DA:16,1
DA:24,1
DA:25,1
DA:29,0
DA:30,0
DA:38,0
DA:42,0
DA:52,0
DA:56,0
DA:59,1
DA:60,1
LF:12
LH:6
BRF:0
BRH:0
end_of_record
TN:
SF:C:\Users\NicoMendoza\Documents\dwla-web-app\Client\src\features\app\AdminDashboard.js
FN:17,(anonymous_0)
FNF:1
FNH:1
FNDA:1,(anonymous_0)
DA:18,1
LF:1
LH:1
BRF:0
BRH:0
end_of_record
TN:
SF:C:\Users\NicoMendoza\Documents\dwla-web-app\Client\src\features\app\AdminProfile.js
FN:14,ProfileImage
FN:18,Profile
FN:45,(anonymous_2)
FN:81,(anonymous_3)
FN:114,(anonymous_4)
FN:118,(anonymous_5)
FN:122,(anonymous_6)
FN:178,(anonymous_7)
FN:210,(anonymous_8)
FN:228,(anonymous_9)
FN:250,(anonymous_10)
FN:260,(anonymous_11)
FN:263,(anonymous_12)
FN:267,(anonymous_13)
FNF:14
FNH:2
FNDA:0,ProfileImage
FNDA:0,Profile
FNDA:1,(anonymous_2)
FNDA:0,(anonymous_3)
FNDA:0,(anonymous_4)
FNDA:0,(anonymous_5)
FNDA:0,(anonymous_6)
FNDA:1,(anonymous_7)
FNDA:0,(anonymous_8)
FNDA:0,(anonymous_9)
FNDA:0,(anonymous_10)
FNDA:0,(anonymous_11)
FNDA:0,(anonymous_12)
FNDA:0,(anonymous_13)
DA:15,0
DA:27,0
DA:28,0
DA:46,1
DA:47,1
DA:77,1
DA:78,1
DA:79,1
DA:82,0
DA:83,0
DA:115,0
DA:119,0
DA:123,0
DA:148,0
DA:149,0
DA:174,0
DA:175,0
DA:205,1
DA:206,1
DA:207,1
DA:208,1
DA:209,1
DA:210,1
DA:211,0
DA:213,0
DA:215,0
DA:217,0
DA:219,0
DA:221,0
DA:223,0
DA:225,0
DA:228,1
DA:229,0
DA:231,1
DA:252,0
DA:253,0
DA:254,0
DA:255,0
DA:261,0
DA:262,0
DA:263,0
DA:264,0
DA:268,0
DA:269,0
DA:270,0
LF:45
LH:13
BRDA:22,0,0,0
BRDA:23,1,0,0
BRDA:24,2,0,0
BRDA:34,3,0,0
BRDA:34,3,1,0
BRDA:82,4,0,0
BRDA:82,4,1,0
BRDA:82,5,0,0
BRDA:82,5,1,0
BRDA:211,6,0,0
BRDA:211,6,1,0
BRDA:211,6,2,0
BRDA:211,6,3,0
BRDA:211,6,4,0
BRDA:211,6,5,0
BRDA:211,6,6,0
BRDA:233,7,0,1
BRDA:233,7,1,0
BRDA:243,8,0,0
BRDA:243,8,1,0
BRF:20
BRH:1
end_of_record
TN:
SF:C:\Users\NicoMendoza\Documents\dwla-web-app\Client\src\features\app\AdminViewUpdateLog.js
FN:17,(anonymous_0)
FN:28,(anonymous_1)
FN:32,(anonymous_2)
FN:39,(anonymous_3)
FN:44,(anonymous_4)
FN:51,(anonymous_5)
FN:58,(anonymous_6)
FN:63,(anonymous_7)
FNF:8
FNH:3
FNDA:1,(anonymous_0)
FNDA:1,(anonymous_1)
FNDA:0,(anonymous_2)
FNDA:0,(anonymous_3)
FNDA:0,(anonymous_4)
FNDA:0,(anonymous_5)
FNDA:0,(anonymous_6)
FNDA:1,(anonymous_7)
DA:18,1
DA:19,1
DA:29,1
DA:30,1
DA:33,0
DA:34,0
DA:40,0
DA:45,0
DA:48,0
DA:49,0
DA:52,0
DA:53,0
DA:59,0
DA:64,1
DA:65,1
DA:66,0
DA:83,1
LF:17
LH:7
BRDA:74,0,0,0
BRDA:74,0,1,0
BRF:2
BRH:0
end_of_record
TN:
SF:C:\Users\NicoMendoza\Documents\dwla-web-app\Client\src\features\app\App.js
FN:22,(anonymous_0)
FNF:1
FNH:0
FNDA:0,(anonymous_0)
DA:23,0
DA:24,0
LF:2
LH:0
BRF:0
BRH:0
end_of_record
TN:
SF:C:\Users\NicoMendoza\Documents\dwla-web-app\Client\src\features\app\DashboardView.js
FN:15,DashboardComponent
FN:41,(anonymous_1)
FN:49,(anonymous_2)
FNF:3
FNH:1
FNDA:0,DashboardComponent
FNDA:0,(anonymous_1)
FNDA:1,(anonymous_2)
DA:16,0
DA:17,0
DA:19,0
DA:21,0
DA:23,0
DA:25,0
DA:27,0
DA:29,0
DA:31,0
DA:42,0
DA:43,0
DA:45,0
DA:50,1
LF:13
LH:1
BRDA:17,0,0,0
BRDA:17,0,1,0
BRDA:17,0,2,0
BRDA:17,0,3,0
BRDA:17,0,4,0
BRDA:17,0,5,0
BRDA:17,0,6,0
BRDA:42,1,0,0
BRDA:42,1,1,0
BRDA:52,2,0,0
BRDA:52,2,1,1
BRF:11
BRH:1
end_of_record
TN:
SF:C:\Users\NicoMendoza\Documents\dwla-web-app\Client\src\features\app\DirectorDashboard.js
FN:13,(anonymous_0)
FNF:1
FNH:1
FNDA:1,(anonymous_0)
DA:14,1
LF:1
LH:1
BRF:0
BRH:0
end_of_record
TN:
SF:C:\Users\NicoMendoza\Documents\dwla-web-app\Client\src\features\app\DirectorProfile.js
FN:12,ProfileImage
FN:16,Profile
FN:43,(anonymous_2)
FN:78,(anonymous_3)
FN:109,(anonymous_4)
FN:113,(anonymous_5)
FN:117,(anonymous_6)
FN:173,(anonymous_7)
FN:204,(anonymous_8)
FN:222,(anonymous_9)
FN:241,(anonymous_10)
FN:251,(anonymous_11)
FN:254,(anonymous_12)
FN:258,(anonymous_13)
FNF:14
FNH:4
FNDA:0,ProfileImage
FNDA:0,Profile
FNDA:1,(anonymous_2)
FNDA:0,(anonymous_3)
FNDA:0,(anonymous_4)
FNDA:0,(anonymous_5)
FNDA:0,(anonymous_6)
FNDA:1,(anonymous_7)
FNDA:1,(anonymous_8)
FNDA:2,(anonymous_9)
FNDA:0,(anonymous_10)
FNDA:0,(anonymous_11)
FNDA:0,(anonymous_12)
FNDA:0,(anonymous_13)
DA:13,0
DA:25,0
DA:26,0
DA:44,1
DA:45,1
DA:74,1
DA:75,1
DA:76,1
DA:79,0
DA:110,0
DA:114,0
DA:118,0
DA:143,0
DA:144,0
DA:169,0
DA:170,0
DA:201,1
DA:202,1
DA:203,1
DA:204,1
DA:205,1
DA:207,0
DA:209,0
DA:211,0
DA:213,0
DA:215,0
DA:217,0
DA:219,1
DA:222,1
DA:223,2
DA:225,1
DA:243,0
DA:244,0
DA:245,0
DA:246,0
DA:252,0
DA:253,0
DA:254,0
DA:255,0
DA:259,0
DA:260,0
DA:261,0
LF:42
LH:14
BRDA:20,0,0,0
BRDA:21,1,0,0
BRDA:22,2,0,0
BRDA:32,3,0,0
BRDA:32,3,1,0
BRDA:205,4,0,0
BRDA:205,4,1,0
BRDA:205,4,2,0
BRDA:205,4,3,0
BRDA:205,4,4,0
BRDA:205,4,5,0
BRDA:205,4,6,1
BRF:12
BRH:1
end_of_record
TN:
SF:C:\Users\NicoMendoza\Documents\dwla-web-app\Client\src\features\app\HomeView.js
FN:16,(anonymous_0)
FN:24,(anonymous_1)
FNF:2
FNH:1
FNDA:0,(anonymous_0)
FNDA:1,(anonymous_1)
DA:17,0
DA:18,0
DA:20,0
DA:25,1
LF:4
LH:1
BRDA:17,0,0,0
BRDA:17,0,1,0
BRF:2
BRH:0
end_of_record
TN:
SF:C:\Users\NicoMendoza\Documents\dwla-web-app\Client\src\features\app\Login.js
FN:10,StandaloneFormPage
FN:33,(anonymous_1)
FN:40,(anonymous_2)
FN:44,(anonymous_3)
FN:53,(anonymous_4)
FN:59,(anonymous_5)
FN:68,(anonymous_6)
FNF:7
FNH:2
FNDA:0,StandaloneFormPage
FNDA:1,(anonymous_1)
FNDA:0,(anonymous_2)
FNDA:0,(anonymous_3)
FNDA:0,(anonymous_4)
FNDA:0,(anonymous_5)
FNDA:1,(anonymous_6)
DA:11,0
DA:34,1
DA:35,1
DA:36,1
DA:37,1
DA:41,0
DA:45,0
DA:46,0
DA:50,0
DA:54,0
DA:55,0
DA:60,0
DA:61,0
DA:63,0
DA:64,0
DA:69,1
DA:70,1
LF:17
LH:6
BRDA:54,0,0,0
BRDA:54,0,1,0
BRDA:60,1,0,0
BRDA:60,1,1,0
BRDA:63,2,0,0
BRDA:63,2,1,0
BRF:6
BRH:0
end_of_record
TN:
SF:C:\Users\NicoMendoza\Documents\dwla-web-app\Client\src\features\app\NavBar.js
FN:15,(anonymous_0)
FN:169,(anonymous_1)
FN:189,(anonymous_2)
FN:197,(anonymous_3)
FN:200,(anonymous_4)
FN:212,(anonymous_5)
FN:222,(anonymous_6)
FN:233,(anonymous_7)
FN:240,(anonymous_8)
FN:244,(anonymous_9)
FN:245,(anonymous_10)
FN:251,(anonymous_11)
FNF:12
FNH:2
FNDA:0,(anonymous_0)
FNDA:1,(anonymous_1)
FNDA:0,(anonymous_2)
FNDA:0,(anonymous_3)
FNDA:1,(anonymous_4)
FNDA:0,(anonymous_5)
FNDA:0,(anonymous_6)
FNDA:0,(anonymous_7)
FNDA:0,(anonymous_8)
FNDA:0,(anonymous_9)
FNDA:0,(anonymous_10)
FNDA:0,(anonymous_11)
DA:15,21
DA:16,0
DA:19,0
DA:28,0
DA:37,0
DA:99,0
DA:135,0
DA:144,0
DA:153,0
DA:161,0
DA:170,1
DA:171,1
DA:182,1
DA:183,1
DA:184,1
DA:185,1
DA:186,1
DA:190,0
DA:198,0
DA:201,1
DA:202,0
DA:213,0
DA:223,0
DA:230,0
DA:234,0
DA:241,0
DA:245,0
DA:246,0
DA:248,0
DA:249,0
DA:250,0
DA:251,0
DA:252,0
DA:254,0
DA:256,0
DA:258,0
DA:260,0
DA:262,0
DA:264,0
DA:266,0
DA:268,0
DA:271,0
DA:295,0
LF:43
LH:9
BRDA:16,0,0,0
BRDA:16,0,1,0
BRDA:16,0,2,0
BRDA:16,0,3,0
BRDA:16,0,4,0
BRDA:16,0,5,0
BRDA:16,0,6,0
BRDA:16,0,7,0
BRDA:201,1,0,0
BRDA:201,1,1,0
BRDA:252,2,0,0
BRDA:252,2,1,0
BRDA:252,2,2,0
BRDA:252,2,3,0
BRDA:252,2,4,0
BRDA:252,2,5,0
BRDA:252,2,6,0
BRDA:252,2,7,0
BRDA:272,3,0,0
BRDA:272,3,1,0
BRDA:297,4,0,0
BRDA:297,4,1,0
BRF:22
BRH:0
end_of_record
TN:
SF:C:\Users\NicoMendoza\Documents\dwla-web-app\Client\src\features\app\Page401.js
FN:5,StandaloneFormPage
FN:25,(anonymous_1)
FNF:2
FNH:1
FNDA:0,StandaloneFormPage
FNDA:1,(anonymous_1)
DA:6,0
DA:26,1
LF:2
LH:1
BRF:0
BRH:0
end_of_record
TN:
SF:C:\Users\NicoMendoza\Documents\dwla-web-app\Client\src\features\app\Page404.js
FN:5,StandaloneFormPage
FN:25,(anonymous_1)
FNF:2
FNH:1
FNDA:0,StandaloneFormPage
FNDA:1,(anonymous_1)
DA:6,0
DA:26,1
LF:2
LH:1
BRF:0
BRH:0
end_of_record
TN:
SF:C:\Users\NicoMendoza\Documents\dwla-web-app\Client\src\features\app\ParentDashboard.js
FN:13,(anonymous_0)
FNF:1
FNH:1
FNDA:1,(anonymous_0)
DA:14,1
LF:1
LH:1
BRF:0
BRH:0
end_of_record
TN:
SF:C:\Users\NicoMendoza\Documents\dwla-web-app\Client\src\features\app\ParentProfile.js
FN:12,ProfileImage
FN:16,Profile
FN:35,(anonymous_2)
FN:70,(anonymous_3)
FN:101,(anonymous_4)
FN:105,(anonymous_5)
FN:109,(anonymous_6)
FN:165,(anonymous_7)
FN:196,(anonymous_8)
FN:214,(anonymous_9)
FN:233,(anonymous_10)
FN:243,(anonymous_11)
FN:246,(anonymous_12)
FN:250,(anonymous_13)
FNF:14
FNH:4
FNDA:0,ProfileImage
FNDA:0,Profile
FNDA:1,(anonymous_2)
FNDA:0,(anonymous_3)
FNDA:0,(anonymous_4)
FNDA:0,(anonymous_5)
FNDA:0,(anonymous_6)
FNDA:1,(anonymous_7)
FNDA:1,(anonymous_8)
FNDA:2,(anonymous_9)
FNDA:0,(anonymous_10)
FNDA:0,(anonymous_11)
FNDA:0,(anonymous_12)
FNDA:0,(anonymous_13)
DA:13,0
DA:17,0
DA:18,0
DA:36,1
DA:37,1
DA:66,1
DA:67,1
DA:68,1
DA:71,0
DA:102,0
DA:106,0
DA:110,0
DA:135,0
DA:136,0
DA:161,0
DA:162,0
DA:193,1
DA:194,1
DA:195,1
DA:196,1
DA:197,1
DA:199,0
DA:201,0
DA:203,0
DA:205,0
DA:207,0
DA:209,0
DA:211,1
DA:214,1
DA:215,2
DA:217,1
DA:235,0
DA:236,0
DA:237,0
DA:238,0
DA:244,0
DA:245,0
DA:246,0
DA:247,0
DA:251,0
DA:252,0
DA:253,0
LF:42
LH:14
BRDA:16,0,0,0
BRDA:16,1,0,0
BRDA:24,2,0,0
BRDA:24,2,1,0
BRDA:197,3,0,0
BRDA:197,3,1,0
BRDA:197,3,2,0
BRDA:197,3,3,0
BRDA:197,3,4,0
BRDA:197,3,5,0
BRDA:197,3,6,1
BRF:11
BRH:1
end_of_record
TN:
SF:C:\Users\NicoMendoza\Documents\dwla-web-app\Client\src\features\app\ProfileView.js
FN:14,ProfileComponent
FN:39,(anonymous_1)
FN:45,(anonymous_2)
FN:51,(anonymous_3)
FNF:4
FNH:1
FNDA:0,ProfileComponent
FNDA:0,(anonymous_1)
FNDA:0,(anonymous_2)
FNDA:1,(anonymous_3)
DA:15,0
DA:16,0
DA:18,0
DA:20,0
DA:22,0
DA:24,0
DA:26,0
DA:28,0
DA:30,0
DA:40,0
DA:41,0
DA:46,0
DA:47,0
DA:52,1
LF:14
LH:1
BRDA:16,0,0,0
BRDA:16,0,1,0
BRDA:16,0,2,0
BRDA:16,0,3,0
BRDA:16,0,4,0
BRDA:16,0,5,0
BRDA:16,0,6,0
BRDA:40,1,0,0
BRDA:40,1,1,0
BRDA:46,2,0,0
BRDA:46,2,1,0
BRF:11
BRH:0
end_of_record
TN:
SF:C:\Users\NicoMendoza\Documents\dwla-web-app\Client\src\features\app\RegistrarAddNewLoad.js
FN:30,(anonymous_0)
FN:65,(anonymous_1)
FN:67,(anonymous_2)
FN:68,(anonymous_3)
FN:76,(anonymous_4)
FN:80,(anonymous_5)
FN:88,(anonymous_6)
FN:95,(anonymous_7)
FN:103,(anonymous_8)
FN:104,(anonymous_9)
FN:112,(anonymous_10)
FN:120,(anonymous_11)
FN:123,(anonymous_12)
FN:128,(anonymous_13)
FN:132,(anonymous_14)
FN:137,(anonymous_15)
FN:141,(anonymous_16)
FN:146,(anonymous_17)
FN:152,(anonymous_18)
FN:159,(anonymous_19)
FN:168,(anonymous_20)
FN:175,(anonymous_21)
FN:184,(anonymous_22)
FN:187,(anonymous_23)
FN:194,(anonymous_24)
FN:203,(anonymous_25)
FN:210,(anonymous_26)
FN:219,(anonymous_27)
FN:220,(anonymous_28)
FN:291,(anonymous_29)
FN:447,(anonymous_30)
FN:482,(anonymous_31)
FNF:32
FNH:3
FNDA:1,(anonymous_0)
FNDA:0,(anonymous_1)
FNDA:0,(anonymous_2)
FNDA:0,(anonymous_3)
FNDA:0,(anonymous_4)
FNDA:0,(anonymous_5)
FNDA:0,(anonymous_6)
FNDA:0,(anonymous_7)
FNDA:0,(anonymous_8)
FNDA:0,(anonymous_9)
FNDA:0,(anonymous_10)
FNDA:0,(anonymous_11)
FNDA:0,(anonymous_12)
FNDA:0,(anonymous_13)
FNDA:0,(anonymous_14)
FNDA:0,(anonymous_15)
FNDA:0,(anonymous_16)
FNDA:0,(anonymous_17)
FNDA:0,(anonymous_18)
FNDA:0,(anonymous_19)
FNDA:0,(anonymous_20)
FNDA:0,(anonymous_21)
FNDA:0,(anonymous_22)
FNDA:0,(anonymous_23)
FNDA:0,(anonymous_24)
FNDA:0,(anonymous_25)
FNDA:0,(anonymous_26)
FNDA:1,(anonymous_27)
FNDA:1,(anonymous_28)
FNDA:0,(anonymous_29)
FNDA:0,(anonymous_30)
FNDA:0,(anonymous_31)
DA:22,12
DA:31,1
DA:32,1
DA:55,1
DA:56,1
DA:57,1
DA:58,1
DA:59,1
DA:60,1
DA:61,1
DA:62,1
DA:66,0
DA:67,0
DA:68,0
DA:69,0
DA:70,0
DA:72,0
DA:77,0
DA:81,0
DA:82,0
DA:86,0
DA:89,0
DA:90,0
DA:92,0
DA:96,0
DA:104,0
DA:105,0
DA:106,0
DA:107,0
DA:108,0
DA:113,0
DA:114,0
DA:121,0
DA:124,0
DA:129,0
DA:131,0
DA:132,0
DA:134,0
DA:138,0
DA:140,0
DA:141,0
DA:143,0
DA:147,0
DA:148,0
DA:149,0
DA:150,0
DA:153,0
DA:154,0
DA:155,0
DA:156,0
DA:157,0
DA:160,0
DA:161,0
DA:162,0
DA:163,0
DA:164,0
DA:166,0
DA:169,0
DA:170,0
DA:171,0
DA:172,0
DA:173,0
DA:176,0
DA:177,0
DA:178,0
DA:179,0
DA:180,0
DA:185,0
DA:188,0
DA:189,0
DA:190,0
DA:191,0
DA:192,0
DA:195,0
DA:196,0
DA:197,0
DA:198,0
DA:199,0
DA:201,0
DA:204,0
DA:205,0
DA:206,0
DA:207,0
DA:208,0
DA:211,0
DA:212,0
DA:213,0
DA:214,0
DA:215,0
DA:220,1
DA:221,1
DA:223,1
DA:225,0
DA:227,0
DA:229,0
DA:231,0
DA:233,0
DA:235,0
DA:237,0
DA:239,0
DA:241,0
DA:243,0
DA:245,0
DA:247,0
DA:249,0
DA:251,0
DA:253,0
DA:256,1
DA:257,1
DA:258,1
DA:259,1
DA:260,1
DA:261,0
DA:263,1
DA:264,0
DA:266,1
DA:267,0
DA:276,1
DA:277,0
DA:291,0
DA:297,1
DA:298,1
DA:300,1
DA:301,1
DA:303,1
DA:304,1
DA:313,1
DA:314,0
DA:322,1
DA:323,1
DA:330,1
DA:447,0
DA:483,0
LF:133
LH:32
BRDA:68,0,0,0
BRDA:68,0,1,0
BRDA:89,1,0,0
BRDA:89,1,1,0
BRDA:105,2,0,0
BRDA:105,2,1,0
BRDA:131,3,0,0
BRDA:131,3,1,0
BRDA:140,4,0,0
BRDA:140,4,1,0
BRDA:221,5,0,1
BRDA:221,5,1,0
BRDA:221,5,2,0
BRDA:221,5,3,0
BRDA:221,5,4,0
BRDA:221,5,5,0
BRDA:221,5,6,0
BRDA:221,5,7,0
BRDA:221,5,8,0
BRDA:221,5,9,0
BRDA:221,5,10,0
BRDA:221,5,11,0
BRDA:221,5,12,0
BRDA:221,5,13,0
BRDA:221,5,14,0
BRDA:221,5,15,0
BRDA:270,6,0,0
BRDA:270,6,1,0
BRDA:280,7,0,0
BRDA:280,7,1,0
BRDA:297,8,0,1
BRDA:297,8,1,0
BRDA:300,9,0,1
BRDA:300,9,1,0
BRDA:303,10,0,1
BRDA:303,10,1,0
BRDA:313,11,0,0
BRDA:313,11,1,1
BRDA:322,12,0,1
BRDA:322,12,1,0
BRDA:475,13,0,1
BRDA:475,13,1,1
BRDA:475,13,2,0
BRF:43
BRH:8
end_of_record
TN:
SF:C:\Users\NicoMendoza\Documents\dwla-web-app\Client\src\features\app\RegistrarAssignAdvisorySection.js
FN:20,(anonymous_0)
FN:50,(anonymous_1)
FN:62,(anonymous_2)
FN:70,(anonymous_3)
FN:84,(anonymous_4)
FN:88,(anonymous_5)
FN:101,(anonymous_6)
FN:112,(anonymous_7)
FN:115,(anonymous_8)
FN:120,(anonymous_9)
FN:124,(anonymous_10)
FN:126,(anonymous_11)
FN:135,(anonymous_12)
FN:142,(anonymous_13)
FN:148,(anonymous_14)
FN:150,(anonymous_15)
FN:159,(anonymous_16)
FN:166,(anonymous_17)
FN:172,(anonymous_18)
FN:181,(anonymous_19)
FN:188,(anonymous_20)
FN:194,(anonymous_21)
FN:203,(anonymous_22)
FN:210,(anonymous_23)
FN:216,(anonymous_24)
FN:220,(anonymous_25)
FN:222,(anonymous_26)
FN:271,(anonymous_27)
FN:287,(anonymous_28)
FNF:29
FNH:2
FNDA:1,(anonymous_0)
FNDA:0,(anonymous_1)
FNDA:0,(anonymous_2)
FNDA:0,(anonymous_3)
FNDA:0,(anonymous_4)
FNDA:0,(anonymous_5)
FNDA:0,(anonymous_6)
FNDA:0,(anonymous_7)
FNDA:0,(anonymous_8)
FNDA:0,(anonymous_9)
FNDA:0,(anonymous_10)
FNDA:0,(anonymous_11)
FNDA:0,(anonymous_12)
FNDA:0,(anonymous_13)
FNDA:0,(anonymous_14)
FNDA:0,(anonymous_15)
FNDA:0,(anonymous_16)
FNDA:0,(anonymous_17)
FNDA:0,(anonymous_18)
FNDA:0,(anonymous_19)
FNDA:0,(anonymous_20)
FNDA:0,(anonymous_21)
FNDA:0,(anonymous_22)
FNDA:0,(anonymous_23)
FNDA:0,(anonymous_24)
FNDA:1,(anonymous_25)
FNDA:0,(anonymous_26)
FNDA:0,(anonymous_27)
FNDA:0,(anonymous_28)
DA:12,5
DA:21,1
DA:22,1
DA:41,1
DA:42,1
DA:43,1
DA:44,1
DA:45,1
DA:46,1
DA:47,1
DA:51,0
DA:52,0
DA:54,0
DA:63,0
DA:71,0
DA:72,0
DA:73,0
DA:82,0
DA:85,0
DA:86,0
DA:88,0
DA:89,0
DA:98,0
DA:102,0
DA:113,0
DA:115,0
DA:121,0
DA:125,0
DA:126,0
DA:127,0
DA:128,0
DA:129,0
DA:136,0
DA:143,0
DA:149,0
DA:150,0
DA:151,0
DA:152,0
DA:153,0
DA:160,0
DA:167,0
DA:173,0
DA:174,0
DA:175,0
DA:182,0
DA:189,0
DA:190,0
DA:195,0
DA:196,0
DA:197,0
DA:204,0
DA:211,0
DA:212,0
DA:217,0
DA:221,1
DA:222,1
DA:223,0
DA:225,0
DA:227,0
DA:229,0
DA:231,0
DA:233,0
DA:235,0
DA:237,0
DA:239,0
DA:241,0
DA:243,0
DA:245,0
DA:247,0
DA:249,0
DA:251,0
DA:253,0
DA:255,0
DA:258,1
DA:259,1
DA:260,0
DA:272,0
DA:288,0
DA:302,1
LF:79
LH:15
BRDA:51,0,0,0
BRDA:51,0,1,0
BRDA:85,1,0,0
BRDA:85,1,1,0
BRDA:92,2,0,0
BRDA:92,2,1,0
BRDA:223,3,0,0
BRDA:223,3,1,0
BRDA:223,3,2,0
BRDA:223,3,3,0
BRDA:223,3,4,0
BRDA:223,3,5,0
BRDA:223,3,6,0
BRDA:223,3,7,0
BRDA:223,3,8,0
BRDA:223,3,9,0
BRDA:223,3,10,0
BRDA:223,3,11,0
BRDA:223,3,12,0
BRDA:223,3,13,0
BRDA:223,3,14,0
BRDA:223,3,15,0
BRDA:266,4,0,0
BRDA:266,4,1,0
BRDA:331,5,0,1
BRDA:331,5,1,0
BRDA:369,6,0,1
BRDA:369,6,1,0
BRF:28
BRH:2
end_of_record
TN:
SF:C:\Users\NicoMendoza\Documents\dwla-web-app\Client\src\features\app\RegistrarAssignAdvisorySectionView.js
FN:19,(anonymous_0)
FN:27,(anonymous_1)
FN:37,(anonymous_2)
FN:40,(anonymous_3)
FN:43,(anonymous_4)
FN:48,(anonymous_5)
FNF:6
FNH:3
FNDA:1,(anonymous_0)
FNDA:0,(anonymous_1)
FNDA:1,(anonymous_2)
FNDA:0,(anonymous_3)
FNDA:0,(anonymous_4)
FNDA:1,(anonymous_5)
DA:20,1
DA:21,1
DA:28,0
DA:29,0
DA:31,0
DA:32,0
DA:38,1
DA:41,0
DA:44,0
DA:49,1
LF:10
LH:4
BRDA:28,0,0,0
BRDA:28,0,1,0
BRDA:31,1,0,0
BRDA:31,1,1,0
BRDA:51,2,0,1
BRDA:51,2,1,0
BRDA:53,3,0,0
BRDA:53,3,1,0
BRF:8
BRH:1
end_of_record
TN:
SF:C:\Users\NicoMendoza\Documents\dwla-web-app\Client\src\features\app\RegistrarAssignSubjectLoad.js
FN:19,(anonymous_0)
FN:36,(anonymous_1)
FN:45,(anonymous_2)
FN:52,(anonymous_3)
FN:57,(anonymous_4)
FN:66,(anonymous_5)
FN:73,(anonymous_6)
FN:78,(anonymous_7)
FN:80,(anonymous_8)
FN:89,(anonymous_9)
FN:96,(anonymous_10)
FN:102,(anonymous_11)
FNF:12
FNH:2
FNDA:1,(anonymous_0)
FNDA:0,(anonymous_1)
FNDA:0,(anonymous_2)
FNDA:0,(anonymous_3)
FNDA:0,(anonymous_4)
FNDA:0,(anonymous_5)
FNDA:0,(anonymous_6)
FNDA:0,(anonymous_7)
FNDA:0,(anonymous_8)
FNDA:0,(anonymous_9)
FNDA:0,(anonymous_10)
FNDA:1,(anonymous_11)
DA:20,1
DA:21,1
DA:33,1
DA:37,0
DA:38,0
DA:39,0
DA:46,0
DA:53,0
DA:58,0
DA:59,0
DA:60,0
DA:67,0
DA:74,0
DA:79,0
DA:80,0
DA:81,0
DA:82,0
DA:83,0
DA:90,0
DA:97,0
DA:103,1
DA:104,1
DA:105,0
DA:122,1
LF:24
LH:6
BRDA:108,0,0,0
BRDA:108,0,1,0
BRDA:125,1,0,1
BRDA:125,1,1,0
BRDA:162,2,0,1
BRDA:162,2,1,0
BRF:6
BRH:2
end_of_record
TN:
SF:C:\Users\NicoMendoza\Documents\dwla-web-app\Client\src\features\app\RegistrarAssignSubjectLoadView.js
FN:19,(anonymous_0)
FN:27,(anonymous_1)
FN:37,(anonymous_2)
FN:40,(anonymous_3)
FN:43,(anonymous_4)
FN:48,(anonymous_5)
FNF:6
FNH:3
FNDA:1,(anonymous_0)
FNDA:0,(anonymous_1)
FNDA:1,(anonymous_2)
FNDA:0,(anonymous_3)
FNDA:0,(anonymous_4)
FNDA:1,(anonymous_5)
DA:20,1
DA:21,1
DA:28,0
DA:29,0
DA:31,0
DA:32,0
DA:38,1
DA:41,0
DA:44,0
DA:49,1
LF:10
LH:4
BRDA:28,0,0,0
BRDA:28,0,1,0
BRDA:31,1,0,0
BRDA:31,1,1,0
BRDA:51,2,0,1
BRDA:51,2,1,0
BRDA:53,3,0,0
BRDA:53,3,1,0
BRF:8
BRH:1
end_of_record
TN:
SF:C:\Users\NicoMendoza\Documents\dwla-web-app\Client\src\features\app\RegistrarDashboard.js
FN:12,ProfileImage
FN:16,Profile
FN:44,(anonymous_2)
FN:76,(anonymous_3)
FN:107,(anonymous_4)
FN:140,(anonymous_5)
FN:171,(anonymous_6)
FN:192,(anonymous_7)
FN:199,(anonymous_8)
FNF:9
FNH:4
FNDA:0,ProfileImage
FNDA:0,Profile
FNDA:1,(anonymous_2)
FNDA:0,(anonymous_3)
FNDA:0,(anonymous_4)
FNDA:1,(anonymous_5)
FNDA:2,(anonymous_6)
FNDA:0,(anonymous_7)
FNDA:2,(anonymous_8)
DA:13,0
DA:25,0
DA:26,0
DA:45,1
DA:46,1
DA:77,0
DA:108,0
DA:109,0
DA:167,1
DA:168,1
DA:169,1
DA:170,1
DA:171,1
DA:172,2
DA:174,0
DA:176,0
DA:178,0
DA:180,0
DA:182,0
DA:184,0
DA:186,0
DA:188,2
DA:192,1
DA:193,0
DA:194,0
DA:195,0
DA:196,0
DA:197,0
DA:199,1
DA:200,2
DA:202,1
LF:31
LH:13
BRDA:20,0,0,0
BRDA:21,1,0,0
BRDA:22,2,0,0
BRDA:32,3,0,0
BRDA:32,3,1,0
BRDA:108,4,0,0
BRDA:108,4,1,0
BRDA:172,5,0,0
BRDA:172,5,1,0
BRDA:172,5,2,0
BRDA:172,5,3,0
BRDA:172,5,4,0
BRDA:172,5,5,0
BRDA:172,5,6,0
BRDA:172,5,7,2
BRDA:192,6,0,0
BRDA:193,7,0,0
BRDA:193,7,1,0
BRDA:212,8,0,0
BRDA:212,8,1,1
BRF:20
BRH:2
end_of_record
TN:
SF:C:\Users\NicoMendoza\Documents\dwla-web-app\Client\src\features\app\RegistrarEditSubjectLoad.js
FN:27,ProfileImage
FN:31,Profile
FN:51,(anonymous_2)
FN:74,(anonymous_3)
FN:81,(anonymous_4)
FN:85,(anonymous_5)
FN:89,(anonymous_6)
FN:97,(anonymous_7)
FN:104,(anonymous_8)
FN:112,(anonymous_9)
FN:113,(anonymous_10)
FN:119,(anonymous_11)
FN:132,(anonymous_12)
FN:134,(anonymous_13)
FN:145,(anonymous_14)
FN:146,(anonymous_15)
FN:207,(anonymous_16)
FN:319,(anonymous_17)
FNF:18
FNH:3
FNDA:0,ProfileImage
FNDA:0,Profile
FNDA:1,(anonymous_2)
FNDA:0,(anonymous_3)
FNDA:0,(anonymous_4)
FNDA:0,(anonymous_5)
FNDA:0,(anonymous_6)
FNDA:0,(anonymous_7)
FNDA:0,(anonymous_8)
FNDA:0,(anonymous_9)
FNDA:0,(anonymous_10)
FNDA:0,(anonymous_11)
FNDA:0,(anonymous_12)
FNDA:0,(anonymous_13)
FNDA:1,(anonymous_14)
FNDA:1,(anonymous_15)
FNDA:0,(anonymous_16)
FNDA:0,(anonymous_17)
DA:25,5
DA:28,0
DA:32,0
DA:33,0
DA:52,1
DA:53,1
DA:69,1
DA:70,1
DA:71,1
DA:75,0
DA:82,0
DA:86,0
DA:90,0
DA:91,0
DA:95,0
DA:98,0
DA:99,0
DA:101,0
DA:105,0
DA:113,0
DA:114,0
DA:119,0
DA:120,0
DA:133,0
DA:134,0
DA:135,0
DA:146,1
DA:147,1
DA:149,1
DA:151,0
DA:153,0
DA:155,0
DA:157,0
DA:159,0
DA:161,0
DA:163,0
DA:165,0
DA:167,0
DA:169,0
DA:171,0
DA:173,0
DA:175,0
DA:177,0
DA:179,0
DA:182,1
DA:183,1
DA:184,1
DA:185,0
DA:194,1
DA:195,0
DA:207,0
DA:217,1
DA:218,1
DA:226,1
DA:227,0
DA:235,1
DA:236,1
DA:243,1
DA:319,0
LF:59
LH:19
BRDA:31,0,0,0
BRDA:31,1,0,0
BRDA:39,2,0,0
BRDA:39,2,1,0
BRDA:98,3,0,0
BRDA:98,3,1,0
BRDA:147,4,0,1
BRDA:147,4,1,0
BRDA:147,4,2,0
BRDA:147,4,3,0
BRDA:147,4,4,0
BRDA:147,4,5,0
BRDA:147,4,6,0
BRDA:147,4,7,0
BRDA:147,4,8,0
BRDA:147,4,9,0
BRDA:147,4,10,0
BRDA:147,4,11,0
BRDA:147,4,12,0
BRDA:147,4,13,0
BRDA:147,4,14,0
BRDA:147,4,15,0
BRDA:188,5,0,0
BRDA:188,5,1,0
BRDA:198,6,0,0
BRDA:198,6,1,0
BRDA:217,7,0,1
BRDA:217,7,1,0
BRDA:226,8,0,0
BRDA:226,8,1,1
BRDA:235,9,0,1
BRDA:235,9,1,0
BRDA:248,10,0,1
BRDA:248,10,1,0
BRDA:256,11,0,0
BRDA:256,11,1,0
BRDA:265,12,0,1
BRDA:265,12,1,0
BRF:38
BRH:6
end_of_record
TN:
SF:C:\Users\NicoMendoza\Documents\dwla-web-app\Client\src\features\app\RegistrarEditSubjectLoadView.js
FN:19,(anonymous_0)
FN:27,(anonymous_1)
FN:36,(anonymous_2)
FN:39,(anonymous_3)
FN:42,(anonymous_4)
FN:47,(anonymous_5)
FNF:6
FNH:3
FNDA:1,(anonymous_0)
FNDA:0,(anonymous_1)
FNDA:1,(anonymous_2)
FNDA:0,(anonymous_3)
FNDA:0,(anonymous_4)
FNDA:1,(anonymous_5)
DA:20,1
DA:21,1
DA:28,0
DA:29,0
DA:31,0
DA:32,0
DA:37,1
DA:40,0
DA:43,0
DA:48,1
LF:10
LH:4
BRDA:28,0,0,0
BRDA:28,0,1,0
BRDA:31,1,0,0
BRDA:31,1,1,0
BRDA:50,2,0,1
BRDA:50,2,1,0
BRDA:52,3,0,0
BRDA:52,3,1,0
BRF:8
BRH:1
end_of_record
TN:
SF:C:\Users\NicoMendoza\Documents\dwla-web-app\Client\src\features\app\RegistrarListSections.js
FN:13,(anonymous_0)
FNF:1
FNH:1
FNDA:1,(anonymous_0)
DA:14,1
LF:1
LH:1
BRF:0
BRH:0
end_of_record
TN:
SF:C:\Users\NicoMendoza\Documents\dwla-web-app\Client\src\features\app\RegistrarManageStudents.js
FN:16,(anonymous_0)
FN:31,(anonymous_1)
FN:40,(anonymous_2)
FN:44,(anonymous_3)
FN:50,(anonymous_4)
FN:61,(anonymous_5)
FN:68,(anonymous_6)
FN:73,(anonymous_7)
FN:77,(anonymous_8)
FN:81,(anonymous_9)
FN:86,(anonymous_10)
FN:94,(anonymous_11)
FN:98,(anonymous_12)
FN:103,(anonymous_13)
FN:104,(anonymous_14)
FNF:15
FNH:0
FNDA:0,(anonymous_0)
FNDA:0,(anonymous_1)
FNDA:0,(anonymous_2)
FNDA:0,(anonymous_3)
FNDA:0,(anonymous_4)
FNDA:0,(anonymous_5)
FNDA:0,(anonymous_6)
FNDA:0,(anonymous_7)
FNDA:0,(anonymous_8)
FNDA:0,(anonymous_9)
FNDA:0,(anonymous_10)
FNDA:0,(anonymous_11)
FNDA:0,(anonymous_12)
FNDA:0,(anonymous_13)
FNDA:0,(anonymous_14)
DA:17,0
DA:18,0
DA:28,0
DA:32,0
DA:33,0
DA:34,0
DA:41,0
DA:42,0
DA:45,0
DA:46,0
DA:51,0
DA:54,0
DA:55,0
DA:62,0
DA:63,0
DA:69,0
DA:74,0
DA:75,0
DA:78,0
DA:79,0
DA:82,0
DA:87,0
DA:88,0
DA:95,0
DA:96,0
DA:99,0
DA:104,0
DA:105,0
DA:107,0
DA:109,0
DA:111,0
DA:113,0
DA:115,0
DA:117,0
DA:119,0
DA:121,0
DA:123,0
DA:125,0
DA:127,0
DA:129,0
DA:131,0
DA:133,0
DA:135,0
DA:137,0
DA:140,0
DA:141,0
DA:142,0
DA:143,0
DA:157,0
LF:49
LH:0
BRDA:105,0,0,0
BRDA:105,0,1,0
BRDA:105,0,2,0
BRDA:105,0,3,0
BRDA:105,0,4,0
BRDA:105,0,5,0
BRDA:105,0,6,0
BRDA:105,0,7,0
BRDA:105,0,8,0
BRDA:105,0,9,0
BRDA:105,0,10,0
BRDA:105,0,11,0
BRDA:105,0,12,0
BRDA:105,0,13,0
BRDA:105,0,14,0
BRDA:105,0,15,0
BRDA:191,1,0,0
BRDA:191,1,1,0
BRF:18
BRH:0
end_of_record
TN:
SF:C:\Users\NicoMendoza\Documents\dwla-web-app\Client\src\features\app\RegistrarManageStudentsView.js
FN:19,(anonymous_0)
FN:27,(anonymous_1)
FN:37,(anonymous_2)
FN:40,(anonymous_3)
FN:43,(anonymous_4)
FN:48,(anonymous_5)
FNF:6
FNH:0
FNDA:0,(anonymous_0)
FNDA:0,(anonymous_1)
FNDA:0,(anonymous_2)
FNDA:0,(anonymous_3)
FNDA:0,(anonymous_4)
FNDA:0,(anonymous_5)
DA:20,0
DA:21,0
DA:28,0
DA:29,0
DA:31,0
DA:32,0
DA:38,0
DA:41,0
DA:44,0
DA:49,0
LF:10
LH:0
BRDA:28,0,0,0
BRDA:28,0,1,0
BRDA:31,1,0,0
BRDA:31,1,1,0
BRDA:51,2,0,0
BRDA:51,2,1,0
BRDA:53,3,0,0
BRDA:53,3,1,0
BRF:8
BRH:0
end_of_record
TN:
SF:C:\Users\NicoMendoza\Documents\dwla-web-app\Client\src\features\app\RegistrarProfile.js
FN:14,ProfileImage
FN:18,Profile
FN:45,(anonymous_2)
FN:81,(anonymous_3)
FN:114,(anonymous_4)
FN:118,(anonymous_5)
FN:122,(anonymous_6)
FN:178,(anonymous_7)
FN:210,(anonymous_8)
FN:228,(anonymous_9)
FN:250,(anonymous_10)
FN:260,(anonymous_11)
FN:263,(anonymous_12)
FN:267,(anonymous_13)
FNF:14
FNH:2
FNDA:0,ProfileImage
FNDA:0,Profile
FNDA:1,(anonymous_2)
FNDA:0,(anonymous_3)
FNDA:0,(anonymous_4)
FNDA:0,(anonymous_5)
FNDA:0,(anonymous_6)
FNDA:1,(anonymous_7)
FNDA:0,(anonymous_8)
FNDA:0,(anonymous_9)
FNDA:0,(anonymous_10)
FNDA:0,(anonymous_11)
FNDA:0,(anonymous_12)
FNDA:0,(anonymous_13)
DA:15,0
DA:27,0
DA:28,0
DA:46,1
DA:47,1
DA:77,1
DA:78,1
DA:79,1
DA:82,0
DA:83,0
DA:115,0
DA:119,0
DA:123,0
DA:148,0
DA:149,0
DA:174,0
DA:175,0
DA:205,1
DA:206,1
DA:207,1
DA:208,1
DA:209,1
DA:210,1
DA:211,0
DA:213,0
DA:215,0
DA:217,0
DA:219,0
DA:221,0
DA:223,0
DA:225,0
DA:228,1
DA:229,0
DA:231,1
DA:252,0
DA:253,0
DA:254,0
DA:255,0
DA:261,0
DA:262,0
DA:263,0
DA:264,0
DA:268,0
DA:269,0
DA:270,0
LF:45
LH:13
BRDA:22,0,0,0
BRDA:23,1,0,0
BRDA:24,2,0,0
BRDA:34,3,0,0
BRDA:34,3,1,0
BRDA:82,4,0,0
BRDA:82,4,1,0
BRDA:82,5,0,0
BRDA:82,5,1,0
BRDA:211,6,0,0
BRDA:211,6,1,0
BRDA:211,6,2,0
BRDA:211,6,3,0
BRDA:211,6,4,0
BRDA:211,6,5,0
BRDA:211,6,6,0
BRDA:233,7,0,1
BRDA:233,7,1,0
BRDA:243,8,0,0
BRDA:243,8,1,0
BRF:20
BRH:1
end_of_record
TN:
SF:C:\Users\NicoMendoza\Documents\dwla-web-app\Client\src\features\app\RegistrarSectionsList.js
FN:17,(anonymous_0)
FN:46,(anonymous_1)
FN:49,(anonymous_2)
FN:50,(anonymous_3)
FN:56,(anonymous_4)
FN:64,(anonymous_5)
FN:74,(anonymous_6)
FN:78,(anonymous_7)
FN:87,(anonymous_8)
FN:92,(anonymous_9)
FN:96,(anonymous_10)
FN:105,(anonymous_11)
FN:109,(anonymous_12)
FN:115,(anonymous_13)
FN:122,(anonymous_14)
FN:133,(anonymous_15)
FN:140,(anonymous_16)
FN:145,(anonymous_17)
FN:149,(anonymous_18)
FN:153,(anonymous_19)
FN:158,(anonymous_20)
FN:166,(anonymous_21)
FN:170,(anonymous_22)
FN:176,(anonymous_23)
FN:177,(anonymous_24)
FN:227,(anonymous_25)
FN:242,(anonymous_26)
FNF:27
FNH:0
FNDA:0,(anonymous_0)
FNDA:0,(anonymous_1)
FNDA:0,(anonymous_2)
FNDA:0,(anonymous_3)
FNDA:0,(anonymous_4)
FNDA:0,(anonymous_5)
FNDA:0,(anonymous_6)
FNDA:0,(anonymous_7)
FNDA:0,(anonymous_8)
FNDA:0,(anonymous_9)
FNDA:0,(anonymous_10)
FNDA:0,(anonymous_11)
FNDA:0,(anonymous_12)
FNDA:0,(anonymous_13)
FNDA:0,(anonymous_14)
FNDA:0,(anonymous_15)
FNDA:0,(anonymous_16)
FNDA:0,(anonymous_17)
FNDA:0,(anonymous_18)
FNDA:0,(anonymous_19)
FNDA:0,(anonymous_20)
FNDA:0,(anonymous_21)
FNDA:0,(anonymous_22)
FNDA:0,(anonymous_23)
FNDA:0,(anonymous_24)
FNDA:0,(anonymous_25)
FNDA:0,(anonymous_26)
DA:18,0
DA:19,0
DA:36,0
DA:37,0
DA:38,0
DA:39,0
DA:40,0
DA:41,0
DA:42,0
DA:43,0
DA:47,0
DA:49,0
DA:50,0
DA:57,0
DA:65,0
DA:75,0
DA:79,0
DA:88,0
DA:89,0
DA:93,0
DA:97,0
DA:98,0
DA:99,0
DA:106,0
DA:107,0
DA:110,0
DA:111,0
DA:116,0
DA:123,0
DA:126,0
DA:127,0
DA:134,0
DA:135,0
DA:141,0
DA:146,0
DA:147,0
DA:150,0
DA:151,0
DA:154,0
DA:159,0
DA:160,0
DA:167,0
DA:168,0
DA:171,0
DA:172,0
DA:177,0
DA:178,0
DA:180,0
DA:182,0
DA:184,0
DA:186,0
DA:188,0
DA:190,0
DA:192,0
DA:194,0
DA:196,0
DA:198,0
DA:200,0
DA:202,0
DA:204,0
DA:206,0
DA:208,0
DA:210,0
DA:213,0
DA:214,0
DA:215,0
DA:216,0
DA:227,0
DA:243,0
DA:252,0
LF:70
LH:0
BRDA:178,0,0,0
BRDA:178,0,1,0
BRDA:178,0,2,0
BRDA:178,0,3,0
BRDA:178,0,4,0
BRDA:178,0,5,0
BRDA:178,0,6,0
BRDA:178,0,7,0
BRDA:178,0,8,0
BRDA:178,0,9,0
BRDA:178,0,10,0
BRDA:178,0,11,0
BRDA:178,0,12,0
BRDA:178,0,13,0
BRDA:178,0,14,0
BRDA:178,0,15,0
BRDA:401,1,0,0
BRDA:401,1,1,0
BRF:18
BRH:0
end_of_record
TN:
SF:C:\Users\NicoMendoza\Documents\dwla-web-app\Client\src\features\app\RegistrarSectionsListView.js
FN:20,(anonymous_0)
FN:28,(anonymous_1)
FN:38,(anonymous_2)
FN:41,(anonymous_3)
FN:44,(anonymous_4)
FN:49,(anonymous_5)
FNF:6
FNH:0
FNDA:0,(anonymous_0)
FNDA:0,(anonymous_1)
FNDA:0,(anonymous_2)
FNDA:0,(anonymous_3)
FNDA:0,(anonymous_4)
FNDA:0,(anonymous_5)
DA:21,0
DA:22,0
DA:29,0
DA:30,0
DA:32,0
DA:33,0
DA:39,0
DA:42,0
DA:45,0
DA:50,0
LF:10
LH:0
BRDA:29,0,0,0
BRDA:29,0,1,0
BRDA:32,1,0,0
BRDA:32,1,1,0
BRDA:52,2,0,0
BRDA:52,2,1,0
BRDA:54,3,0,0
BRDA:54,3,1,0
BRF:8
BRH:0
end_of_record
TN:
SF:C:\Users\NicoMendoza\Documents\dwla-web-app\Client\src\features\app\RegistrarSetSubmissionDeadline.js
FN:13,(anonymous_0)
FNF:1
FNH:1
FNDA:1,(anonymous_0)
DA:14,1
LF:1
LH:1
BRF:0
BRH:0
end_of_record
TN:
SF:C:\Users\NicoMendoza\Documents\dwla-web-app\Client\src\features\app\RegistrarViewEnrolled.js
FN:22,(anonymous_0)
FN:48,(anonymous_1)
FN:60,(anonymous_2)
FN:68,(anonymous_3)
FN:72,(anonymous_4)
FN:76,(anonymous_5)
FN:82,(anonymous_6)
FN:83,(anonymous_7)
FN:84,(anonymous_8)
FN:95,(anonymous_9)
FN:101,(anonymous_10)
FN:108,(anonymous_11)
FN:119,(anonymous_12)
FN:126,(anonymous_13)
FN:131,(anonymous_14)
FN:144,(anonymous_15)
FN:148,(anonymous_16)
FN:161,(anonymous_17)
FN:172,(anonymous_18)
FN:176,(anonymous_19)
FN:203,(anonymous_20)
FNF:21
FNH:2
FNDA:1,(anonymous_0)
FNDA:0,(anonymous_1)
FNDA:0,(anonymous_2)
FNDA:0,(anonymous_3)
FNDA:0,(anonymous_4)
FNDA:0,(anonymous_5)
FNDA:0,(anonymous_6)
FNDA:0,(anonymous_7)
FNDA:0,(anonymous_8)
FNDA:0,(anonymous_9)
FNDA:0,(anonymous_10)
FNDA:0,(anonymous_11)
FNDA:0,(anonymous_12)
FNDA:0,(anonymous_13)
FNDA:0,(anonymous_14)
FNDA:0,(anonymous_15)
FNDA:0,(anonymous_16)
FNDA:0,(anonymous_17)
FNDA:0,(anonymous_18)
FNDA:1,(anonymous_19)
FNDA:0,(anonymous_20)
DA:14,5
DA:23,1
DA:24,1
DA:42,1
DA:43,1
DA:44,1
DA:45,1
DA:49,0
DA:50,0
DA:52,0
DA:61,0
DA:69,0
DA:70,0
DA:73,0
DA:74,0
DA:77,0
DA:78,0
DA:83,0
DA:84,0
DA:85,0
DA:86,0
DA:87,0
DA:88,0
DA:89,0
DA:96,0
DA:97,0
DA:98,0
DA:99,0
DA:102,0
DA:109,0
DA:112,0
DA:113,0
DA:120,0
DA:121,0
DA:127,0
DA:132,0
DA:133,0
DA:142,0
DA:145,0
DA:146,0
DA:148,0
DA:149,0
DA:158,0
DA:162,0
DA:173,0
DA:177,1
DA:178,1
DA:179,1
DA:180,0
DA:204,0
DA:213,1
LF:51
LH:11
BRDA:49,0,0,0
BRDA:49,0,1,0
BRDA:145,1,0,0
BRDA:145,1,1,0
BRDA:152,2,0,0
BRDA:152,2,1,0
BRDA:183,3,0,0
BRDA:183,3,1,0
BRDA:216,4,0,1
BRDA:216,4,1,0
BRDA:273,5,0,1
BRDA:273,5,1,0
BRF:12
BRH:2
end_of_record
TN:
SF:C:\Users\NicoMendoza\Documents\dwla-web-app\Client\src\features\app\RegistrarViewEnrolledView.js
FN:20,(anonymous_0)
FN:28,(anonymous_1)
FN:31,(anonymous_2)
FN:34,(anonymous_3)
FN:39,(anonymous_4)
FN:49,(anonymous_5)
FNF:6
FNH:3
FNDA:1,(anonymous_0)
FNDA:1,(anonymous_1)
FNDA:0,(anonymous_2)
FNDA:0,(anonymous_3)
FNDA:0,(anonymous_4)
FNDA:1,(anonymous_5)
DA:21,1
DA:22,1
DA:29,1
DA:32,0
DA:35,0
DA:40,0
DA:41,0
DA:43,0
DA:44,0
DA:50,1
LF:10
LH:4
BRDA:40,0,0,0
BRDA:40,0,1,0
BRDA:43,1,0,0
BRDA:43,1,1,0
BRDA:52,2,0,1
BRDA:52,2,1,0
BRDA:54,3,0,0
BRDA:54,3,1,0
BRF:8
BRH:1
end_of_record
TN:
SF:C:\Users\NicoMendoza\Documents\dwla-web-app\Client\src\features\app\RegistrarViewPastRecords.js
FN:18,(anonymous_0)
FN:40,(anonymous_1)
FN:41,(anonymous_2)
FN:50,(anonymous_3)
FN:61,(anonymous_4)
FN:68,(anonymous_5)
FN:77,(anonymous_6)
FN:84,(anonymous_7)
FN:86,(anonymous_8)
FN:88,(anonymous_9)
FN:92,(anonymous_10)
FN:102,(anonymous_11)
FN:103,(anonymous_12)
FN:110,(anonymous_13)
FN:118,(anonymous_14)
FN:119,(anonymous_15)
FN:170,(anonymous_16)
FNF:17
FNH:3
FNDA:1,(anonymous_0)
FNDA:0,(anonymous_1)
FNDA:0,(anonymous_2)
FNDA:0,(anonymous_3)
FNDA:0,(anonymous_4)
FNDA:0,(anonymous_5)
FNDA:0,(anonymous_6)
FNDA:1,(anonymous_7)
FNDA:0,(anonymous_8)
FNDA:0,(anonymous_9)
FNDA:0,(anonymous_10)
FNDA:0,(anonymous_11)
FNDA:0,(anonymous_12)
FNDA:0,(anonymous_13)
FNDA:1,(anonymous_14)
FNDA:0,(anonymous_15)
FNDA:0,(anonymous_16)
DA:19,1
DA:20,1
DA:36,1
DA:37,1
DA:41,0
DA:42,0
DA:51,0
DA:52,0
DA:53,0
DA:54,0
DA:62,0
DA:63,0
DA:64,0
DA:69,0
DA:70,0
DA:71,0
DA:78,0
DA:79,0
DA:80,0
DA:85,1
DA:86,1
DA:87,0
DA:88,0
DA:89,0
DA:90,0
DA:93,0
DA:94,0
DA:95,0
DA:103,0
DA:104,0
DA:105,0
DA:106,0
DA:107,0
DA:111,0
DA:119,1
DA:120,0
DA:122,0
DA:124,0
DA:126,0
DA:128,0
DA:130,0
DA:132,0
DA:134,0
DA:136,0
DA:138,0
DA:140,0
DA:142,0
DA:144,0
DA:146,0
DA:148,0
DA:150,0
DA:152,0
DA:155,1
DA:156,1
DA:157,0
DA:171,0
DA:180,1
LF:57
LH:10
BRDA:120,0,0,0
BRDA:120,0,1,0
BRDA:120,0,2,0
BRDA:120,0,3,0
BRDA:120,0,4,0
BRDA:120,0,5,0
BRDA:120,0,6,0
BRDA:120,0,7,0
BRDA:120,0,8,0
BRDA:120,0,9,0
BRDA:120,0,10,0
BRDA:120,0,11,0
BRDA:120,0,12,0
BRDA:120,0,13,0
BRDA:120,0,14,0
BRDA:120,0,15,0
BRDA:160,1,0,0
BRDA:160,1,1,0
BRDA:183,2,0,1
BRDA:183,2,1,0
BRDA:228,3,0,1
BRDA:228,3,1,0
BRF:22
BRH:2
end_of_record
TN:
SF:C:\Users\NicoMendoza\Documents\dwla-web-app\Client\src\features\app\RegistrarViewPastRecordsView.js
FN:19,(anonymous_0)
FN:27,(anonymous_1)
FN:37,(anonymous_2)
FN:40,(anonymous_3)
FN:43,(anonymous_4)
FN:48,(anonymous_5)
FNF:6
FNH:3
FNDA:1,(anonymous_0)
FNDA:0,(anonymous_1)
FNDA:1,(anonymous_2)
FNDA:0,(anonymous_3)
FNDA:0,(anonymous_4)
FNDA:1,(anonymous_5)
DA:20,1
DA:21,1
DA:28,0
DA:29,0
DA:31,0
DA:32,0
DA:38,1
DA:41,0
DA:44,0
DA:49,1
LF:10
LH:4
BRDA:28,0,0,0
BRDA:28,0,1,0
BRDA:31,1,0,0
BRDA:31,1,1,0
BRDA:51,2,0,1
BRDA:51,2,1,0
BRDA:53,3,0,0
BRDA:53,3,1,0
BRF:8
BRH:1
end_of_record
TN:
SF:C:\Users\NicoMendoza\Documents\dwla-web-app\Client\src\features\app\RegistrarViewSubjectLoad.js
FN:18,ProfileImage
FN:22,Profile
FN:42,(anonymous_2)
FN:61,(anonymous_3)
FN:62,(anonymous_4)
FN:64,(anonymous_5)
FN:78,(anonymous_6)
FN:85,(anonymous_7)
FN:92,(anonymous_8)
FN:104,(anonymous_9)
FN:111,(anonymous_10)
FN:116,(anonymous_11)
FN:120,(anonymous_12)
FN:121,(anonymous_13)
FN:123,(anonymous_14)
FN:137,(anonymous_15)
FN:144,(anonymous_16)
FN:151,(anonymous_17)
FN:152,(anonymous_18)
FN:202,(anonymous_19)
FNF:20
FNH:2
FNDA:0,ProfileImage
FNDA:0,Profile
FNDA:1,(anonymous_2)
FNDA:0,(anonymous_3)
FNDA:0,(anonymous_4)
FNDA:0,(anonymous_5)
FNDA:0,(anonymous_6)
FNDA:0,(anonymous_7)
FNDA:0,(anonymous_8)
FNDA:0,(anonymous_9)
FNDA:0,(anonymous_10)
FNDA:0,(anonymous_11)
FNDA:0,(anonymous_12)
FNDA:0,(anonymous_13)
FNDA:0,(anonymous_14)
FNDA:0,(anonymous_15)
FNDA:0,(anonymous_16)
FNDA:1,(anonymous_17)
FNDA:0,(anonymous_18)
FNDA:0,(anonymous_19)
DA:16,5
DA:19,0
DA:23,0
DA:24,0
DA:43,1
DA:44,1
DA:62,0
DA:63,0
DA:64,0
DA:65,0
DA:71,0
DA:79,0
DA:86,0
DA:93,0
DA:96,0
DA:97,0
DA:105,0
DA:106,0
DA:112,0
DA:117,0
DA:121,0
DA:122,0
DA:123,0
DA:124,0
DA:130,0
DA:138,0
DA:145,0
DA:152,1
DA:153,0
DA:155,0
DA:157,0
DA:159,0
DA:161,0
DA:163,0
DA:165,0
DA:167,0
DA:169,0
DA:171,0
DA:173,0
DA:175,0
DA:177,0
DA:179,0
DA:181,0
DA:183,0
DA:185,0
DA:188,1
DA:189,1
DA:190,0
DA:202,0
DA:212,1
LF:50
LH:7
BRDA:22,0,0,0
BRDA:22,1,0,0
BRDA:30,2,0,0
BRDA:30,2,1,0
BRDA:153,3,0,0
BRDA:153,3,1,0
BRDA:153,3,2,0
BRDA:153,3,3,0
BRDA:153,3,4,0
BRDA:153,3,5,0
BRDA:153,3,6,0
BRDA:153,3,7,0
BRDA:153,3,8,0
BRDA:153,3,9,0
BRDA:153,3,10,0
BRDA:153,3,11,0
BRDA:153,3,12,0
BRDA:153,3,13,0
BRDA:153,3,14,0
BRDA:153,3,15,0
BRDA:217,4,0,1
BRDA:217,4,1,0
BRDA:225,5,0,0
BRDA:225,5,1,0
BRDA:235,6,0,1
BRDA:235,6,1,0
BRDA:264,7,0,1
BRDA:264,7,1,0
BRDA:289,8,0,1
BRDA:289,8,1,0
BRF:30
BRH:4
end_of_record
TN:
SF:C:\Users\NicoMendoza\Documents\dwla-web-app\Client\src\features\app\RegistrarViewSubjectLoadView.js
FN:19,(anonymous_0)
FN:27,(anonymous_1)
FN:37,(anonymous_2)
FN:40,(anonymous_3)
FN:43,(anonymous_4)
FN:48,(anonymous_5)
FNF:6
FNH:3
FNDA:1,(anonymous_0)
FNDA:0,(anonymous_1)
FNDA:1,(anonymous_2)
FNDA:0,(anonymous_3)
FNDA:0,(anonymous_4)
FNDA:1,(anonymous_5)
DA:20,1
DA:21,1
DA:28,0
DA:29,0
DA:31,0
DA:32,0
DA:38,1
DA:41,0
DA:44,0
DA:49,1
LF:10
LH:4
BRDA:28,0,0,0
BRDA:28,0,1,0
BRDA:31,1,0,0
BRDA:31,1,1,0
BRDA:51,2,0,1
BRDA:51,2,1,0
BRDA:53,3,0,0
BRDA:53,3,1,0
BRF:8
BRH:1
end_of_record
TN:
SF:C:\Users\NicoMendoza\Documents\dwla-web-app\Client\src\features\app\SampleComponent.js
FN:13,(anonymous_0)
FNF:1
FNH:1
FNDA:1,(anonymous_0)
DA:14,1
LF:1
LH:1
BRF:0
BRH:0
end_of_record
TN:
SF:C:\Users\NicoMendoza\Documents\dwla-web-app\Client\src\features\app\StudentDashboard.js
FN:13,(anonymous_0)
FNF:1
FNH:1
FNDA:1,(anonymous_0)
DA:14,1
LF:1
LH:1
BRF:0
BRH:0
end_of_record
TN:
SF:C:\Users\NicoMendoza\Documents\dwla-web-app\Client\src\features\app\StudentProfile.js
FN:13,(anonymous_0)
FNF:1
FNH:1
FNDA:1,(anonymous_0)
DA:14,1
LF:1
LH:1
BRF:0
BRH:0
end_of_record
TN:
SF:C:\Users\NicoMendoza\Documents\dwla-web-app\Client\src\features\app\StudentTooltip.js
FN:16,(anonymous_0)
FN:39,(anonymous_1)
FN:43,(anonymous_2)
FN:64,(anonymous_3)
FN:69,(anonymous_4)
FNF:5
FNH:2
FNDA:1,(anonymous_0)
FNDA:0,(anonymous_1)
FNDA:0,(anonymous_2)
FNDA:0,(anonymous_3)
FNDA:1,(anonymous_4)
DA:17,1
DA:18,1
DA:40,0
DA:41,0
DA:44,0
DA:65,0
DA:70,1
LF:7
LH:3
BRDA:72,0,0,1
BRDA:72,0,1,0
BRF:2
BRH:1
end_of_record
TN:
SF:C:\Users\NicoMendoza\Documents\dwla-web-app\Client\src\features\app\TeacherAddRecord.js
FN:44,(anonymous_0)
FN:65,(anonymous_1)
FN:78,(anonymous_2)
FN:85,(anonymous_3)
FN:99,(anonymous_4)
FN:118,(anonymous_5)
FN:135,(anonymous_6)
FN:207,(anonymous_7)
FN:218,(anonymous_8)
FN:246,(anonymous_9)
FNF:10
FNH:2
FNDA:1,(anonymous_0)
FNDA:0,(anonymous_1)
FNDA:0,(anonymous_2)
FNDA:0,(anonymous_3)
FNDA:0,(anonymous_4)
FNDA:1,(anonymous_5)
FNDA:0,(anonymous_6)
FNDA:0,(anonymous_7)
FNDA:0,(anonymous_8)
FNDA:0,(anonymous_9)
DA:36,5
DA:45,1
DA:46,1
DA:62,1
DA:66,0
DA:79,0
DA:80,0
DA:86,0
DA:92,0
DA:100,0
DA:101,0
DA:102,0
DA:103,0
DA:105,0
DA:119,1
DA:120,1
DA:121,1
DA:122,1
DA:123,0
DA:136,0
DA:137,0
DA:139,0
DA:144,0
DA:145,0
DA:154,1
DA:208,0
DA:219,0
DA:247,0
DA:249,0
DA:254,0
LF:30
LH:9
BRDA:126,0,0,0
BRDA:126,0,1,0
BRDA:139,1,0,0
BRDA:139,1,1,0
BRDA:140,2,0,0
BRDA:140,2,1,0
BRDA:140,2,2,0
BRDA:140,2,3,0
BRDA:160,3,0,1
BRDA:160,3,1,0
BRDA:249,4,0,0
BRDA:249,4,1,0
BRDA:250,5,0,0
BRDA:250,5,1,0
BRDA:250,5,2,0
BRDA:250,5,3,0
BRF:16
BRH:1
end_of_record
TN:
SF:C:\Users\NicoMendoza\Documents\dwla-web-app\Client\src\features\app\TeacherAddRecordView.js
FN:19,(anonymous_0)
FN:27,(anonymous_1)
FN:37,(anonymous_2)
FN:40,(anonymous_3)
FN:43,(anonymous_4)
FN:48,(anonymous_5)
FNF:6
FNH:3
FNDA:1,(anonymous_0)
FNDA:0,(anonymous_1)
FNDA:1,(anonymous_2)
FNDA:0,(anonymous_3)
FNDA:0,(anonymous_4)
FNDA:1,(anonymous_5)
DA:20,1
DA:21,1
DA:28,0
DA:29,0
DA:31,0
DA:32,0
DA:38,1
DA:41,0
DA:44,0
DA:49,1
LF:10
LH:4
BRDA:28,0,0,0
BRDA:28,0,1,0
BRDA:31,1,0,0
BRDA:31,1,1,0
BRDA:51,2,0,1
BRDA:51,2,1,0
BRDA:53,3,0,0
BRDA:53,3,1,0
BRF:8
BRH:1
end_of_record
TN:
SF:C:\Users\NicoMendoza\Documents\dwla-web-app\Client\src\features\app\TeacherComponent.js
FN:44,(anonymous_0)
FN:60,(anonymous_1)
FN:67,(anonymous_2)
FN:80,(anonymous_3)
FN:93,(anonymous_4)
FN:121,(anonymous_5)
FN:128,(anonymous_6)
FNF:7
FNH:2
FNDA:1,(anonymous_0)
FNDA:0,(anonymous_1)
FNDA:0,(anonymous_2)
FNDA:0,(anonymous_3)
FNDA:1,(anonymous_4)
FNDA:0,(anonymous_5)
FNDA:0,(anonymous_6)
DA:36,5
DA:45,1
DA:46,1
DA:61,0
DA:62,0
DA:68,0
DA:74,0
DA:81,0
DA:94,1
DA:95,1
DA:96,1
DA:97,1
DA:98,0
DA:99,0
DA:114,0
DA:115,0
DA:116,0
DA:117,0
DA:118,0
DA:119,0
DA:120,0
DA:121,0
DA:122,0
DA:128,0
DA:129,0
DA:134,0
DA:146,1
LF:27
LH:8
BRDA:97,0,0,0
BRDA:97,0,1,1
BRDA:124,1,0,0
BRDA:124,1,1,0
BRDA:131,2,0,0
BRDA:131,2,1,0
BRDA:137,3,0,0
BRDA:137,3,1,0
BRDA:152,4,0,1
BRDA:152,4,1,0
BRDA:178,5,0,1
BRDA:178,5,1,0
BRF:12
BRH:3
end_of_record
TN:
SF:C:\Users\NicoMendoza\Documents\dwla-web-app\Client\src\features\app\TeacherComponentView.js
FN:19,(anonymous_0)
FN:27,(anonymous_1)
FN:37,(anonymous_2)
FN:40,(anonymous_3)
FN:43,(anonymous_4)
FN:48,(anonymous_5)
FNF:6
FNH:3
FNDA:1,(anonymous_0)
FNDA:0,(anonymous_1)
FNDA:1,(anonymous_2)
FNDA:0,(anonymous_3)
FNDA:0,(anonymous_4)
FNDA:1,(anonymous_5)
DA:20,1
DA:21,1
DA:28,0
DA:29,0
DA:31,0
DA:32,0
DA:38,1
DA:41,0
DA:44,0
DA:49,1
LF:10
LH:4
BRDA:28,0,0,0
BRDA:28,0,1,0
BRDA:31,1,0,0
BRDA:31,1,1,0
BRDA:51,2,0,1
BRDA:51,2,1,0
BRDA:53,3,0,0
BRDA:53,3,1,0
BRF:8
BRH:1
end_of_record
TN:
SF:C:\Users\NicoMendoza\Documents\dwla-web-app\Client\src\features\app\TeacherDashboard.js
FN:12,ProfileImage
FN:16,Profile
FN:44,(anonymous_2)
FN:77,(anonymous_3)
FN:108,(anonymous_4)
FN:141,(anonymous_5)
FN:172,(anonymous_6)
FN:193,(anonymous_7)
FN:200,(anonymous_8)
FNF:9
FNH:4
FNDA:0,ProfileImage
FNDA:0,Profile
FNDA:1,(anonymous_2)
FNDA:0,(anonymous_3)
FNDA:0,(anonymous_4)
FNDA:1,(anonymous_5)
FNDA:2,(anonymous_6)
FNDA:0,(anonymous_7)
FNDA:2,(anonymous_8)
DA:13,0
DA:25,0
DA:26,0
DA:45,1
DA:46,1
DA:78,0
DA:109,0
DA:110,0
DA:168,1
DA:169,1
DA:170,1
DA:171,1
DA:172,1
DA:173,2
DA:175,0
DA:177,0
DA:179,0
DA:181,0
DA:183,0
DA:185,0
DA:187,0
DA:189,2
DA:193,1
DA:194,0
DA:195,0
DA:196,0
DA:197,0
DA:198,0
DA:200,1
DA:201,2
DA:203,1
LF:31
LH:13
BRDA:20,0,0,0
BRDA:21,1,0,0
BRDA:22,2,0,0
BRDA:32,3,0,0
BRDA:32,3,1,0
BRDA:109,4,0,0
BRDA:109,4,1,0
BRDA:173,5,0,0
BRDA:173,5,1,0
BRDA:173,5,2,0
BRDA:173,5,3,0
BRDA:173,5,4,0
BRDA:173,5,5,0
BRDA:173,5,6,0
BRDA:173,5,7,2
BRDA:193,6,0,0
BRDA:194,7,0,0
BRDA:194,7,1,0
BRDA:213,8,0,0
BRDA:213,8,1,1
BRF:20
BRH:2
end_of_record
TN:
SF:C:\Users\NicoMendoza\Documents\dwla-web-app\Client\src\features\app\TeacherEditRecord.js
FN:44,(anonymous_0)
FN:67,(anonymous_1)
FN:91,(anonymous_2)
FN:98,(anonymous_3)
FN:113,(anonymous_4)
FN:132,(anonymous_5)
FN:149,(anonymous_6)
FN:222,(anonymous_7)
FN:233,(anonymous_8)
FN:261,(anonymous_9)
FNF:10
FNH:2
FNDA:1,(anonymous_0)
FNDA:0,(anonymous_1)
FNDA:0,(anonymous_2)
FNDA:0,(anonymous_3)
FNDA:0,(anonymous_4)
FNDA:1,(anonymous_5)
FNDA:0,(anonymous_6)
FNDA:0,(anonymous_7)
FNDA:0,(anonymous_8)
FNDA:0,(anonymous_9)
DA:36,5
DA:45,1
DA:46,1
DA:64,1
DA:77,0
DA:78,0
DA:79,0
DA:92,0
DA:93,0
DA:99,0
DA:105,0
DA:114,0
DA:133,1
DA:134,1
DA:135,1
DA:136,1
DA:137,0
DA:150,0
DA:151,0
DA:153,0
DA:158,0
DA:159,0
DA:168,1
DA:223,0
DA:234,0
DA:262,0
DA:264,0
DA:269,0
LF:28
LH:9
BRDA:140,0,0,0
BRDA:140,0,1,0
BRDA:153,1,0,0
BRDA:153,1,1,0
BRDA:154,2,0,0
BRDA:154,2,1,0
BRDA:154,2,2,0
BRDA:154,2,3,0
BRDA:174,3,0,1
BRDA:174,3,1,0
BRDA:264,4,0,0
BRDA:264,4,1,0
BRDA:265,5,0,0
BRDA:265,5,1,0
BRDA:265,5,2,0
BRDA:265,5,3,0
BRF:16
BRH:1
end_of_record
TN:
SF:C:\Users\NicoMendoza\Documents\dwla-web-app\Client\src\features\app\TeacherEditRecordView.js
FN:19,(anonymous_0)
FN:27,(anonymous_1)
FN:37,(anonymous_2)
FN:40,(anonymous_3)
FN:43,(anonymous_4)
FN:48,(anonymous_5)
FNF:6
FNH:3
FNDA:1,(anonymous_0)
FNDA:0,(anonymous_1)
FNDA:1,(anonymous_2)
FNDA:0,(anonymous_3)
FNDA:0,(anonymous_4)
FNDA:1,(anonymous_5)
DA:20,1
DA:21,1
DA:28,0
DA:29,0
DA:31,0
DA:32,0
DA:38,1
DA:41,0
DA:44,0
DA:49,1
LF:10
LH:4
BRDA:28,0,0,0
BRDA:28,0,1,0
BRDA:31,1,0,0
BRDA:31,1,1,0
BRDA:51,2,0,1
BRDA:51,2,1,0
BRDA:53,3,0,0
BRDA:53,3,1,0
BRF:8
BRH:1
end_of_record
TN:
SF:C:\Users\NicoMendoza\Documents\dwla-web-app\Client\src\features\app\TeacherManageGrades.js
FN:32,(anonymous_0)
FN:71,(anonymous_1)
FN:75,(anonymous_2)
FN:84,(anonymous_3)
FN:94,(anonymous_4)
FN:98,(anonymous_5)
FN:102,(anonymous_6)
FN:106,(anonymous_7)
FN:113,(anonymous_8)
FN:130,(anonymous_9)
FN:139,(anonymous_10)
FN:161,(anonymous_11)
FN:183,(anonymous_12)
FN:203,(anonymous_13)
FN:210,(anonymous_14)
FN:242,(anonymous_15)
FN:255,(anonymous_16)
FN:265,(anonymous_17)
FN:294,(anonymous_18)
FN:317,(anonymous_19)
FN:327,(anonymous_20)
FN:356,(anonymous_21)
FN:379,(anonymous_22)
FN:389,(anonymous_23)
FN:418,(anonymous_24)
FN:487,(anonymous_25)
FN:568,(anonymous_26)
FN:637,(anonymous_27)
FN:665,(anonymous_28)
FN:675,(anonymous_29)
FN:676,(anonymous_30)
FN:690,(anonymous_31)
FN:723,(anonymous_32)
FN:751,(anonymous_33)
FN:761,(anonymous_34)
FN:762,(anonymous_35)
FN:776,(anonymous_36)
FN:809,(anonymous_37)
FN:837,(anonymous_38)
FN:847,(anonymous_39)
FN:848,(anonymous_40)
FN:862,(anonymous_41)
FNF:42
FNH:2
FNDA:1,(anonymous_0)
FNDA:0,(anonymous_1)
FNDA:0,(anonymous_2)
FNDA:0,(anonymous_3)
FNDA:0,(anonymous_4)
FNDA:0,(anonymous_5)
FNDA:0,(anonymous_6)
FNDA:0,(anonymous_7)
FNDA:0,(anonymous_8)
FNDA:0,(anonymous_9)
FNDA:0,(anonymous_10)
FNDA:0,(anonymous_11)
FNDA:0,(anonymous_12)
FNDA:0,(anonymous_13)
FNDA:0,(anonymous_14)
FNDA:1,(anonymous_15)
FNDA:0,(anonymous_16)
FNDA:0,(anonymous_17)
FNDA:0,(anonymous_18)
FNDA:0,(anonymous_19)
FNDA:0,(anonymous_20)
FNDA:0,(anonymous_21)
FNDA:0,(anonymous_22)
FNDA:0,(anonymous_23)
FNDA:0,(anonymous_24)
FNDA:0,(anonymous_25)
FNDA:0,(anonymous_26)
FNDA:0,(anonymous_27)
FNDA:0,(anonymous_28)
FNDA:0,(anonymous_29)
FNDA:0,(anonymous_30)
FNDA:0,(anonymous_31)
FNDA:0,(anonymous_32)
FNDA:0,(anonymous_33)
FNDA:0,(anonymous_34)
FNDA:0,(anonymous_35)
FNDA:0,(anonymous_36)
FNDA:0,(anonymous_37)
FNDA:0,(anonymous_38)
FNDA:0,(anonymous_39)
FNDA:0,(anonymous_40)
FNDA:0,(anonymous_41)
DA:24,5
DA:33,1
DA:34,1
DA:62,1
DA:63,1
DA:64,1
DA:65,1
DA:66,1
DA:67,1
DA:68,1
DA:72,0
DA:76,0
DA:77,0
DA:79,0
DA:80,0
DA:85,0
DA:91,0
DA:95,0
DA:99,0
DA:103,0
DA:107,0
DA:108,0
DA:114,0
DA:131,0
DA:133,0
DA:134,0
DA:140,0
DA:155,0
DA:156,0
DA:162,0
DA:177,0
DA:178,0
DA:184,0
DA:204,0
DA:205,0
DA:211,0
DA:223,0
DA:225,0
DA:226,0
DA:229,0
DA:230,0
DA:233,0
DA:234,0
DA:237,0
DA:243,1
DA:244,1
DA:245,1
DA:246,1
DA:247,1
DA:248,0
DA:249,0
DA:250,0
DA:256,0
DA:257,0
DA:258,0
DA:266,0
DA:267,0
DA:272,0
DA:273,0
DA:274,0
DA:284,0
DA:285,0
DA:295,0
DA:310,0
DA:311,0
DA:312,0
DA:318,0
DA:319,0
DA:320,0
DA:328,0
DA:329,0
DA:334,0
DA:335,0
DA:336,0
DA:346,0
DA:347,0
DA:357,0
DA:372,0
DA:373,0
DA:374,0
DA:380,0
DA:381,0
DA:382,0
DA:390,0
DA:391,0
DA:396,0
DA:397,0
DA:398,0
DA:408,0
DA:409,0
DA:419,0
DA:435,0
DA:436,0
DA:444,1
DA:445,1
DA:453,1
DA:454,1
DA:462,1
DA:463,1
DA:471,1
DA:472,1
DA:480,1
DA:487,0
DA:569,0
DA:638,0
DA:666,0
DA:667,0
DA:676,0
DA:677,0
DA:691,0
DA:724,0
DA:752,0
DA:753,0
DA:762,0
DA:763,0
DA:777,0
DA:810,0
DA:838,0
DA:839,0
DA:848,0
DA:849,0
DA:863,0
LF:122
LH:24
BRDA:76,0,0,0
BRDA:76,0,1,0
BRDA:131,1,0,0
BRDA:131,1,1,0
BRDA:131,1,2,0
BRDA:131,1,3,0
BRDA:204,2,0,0
BRDA:204,2,1,0
BRDA:204,3,0,0
BRDA:204,3,1,0
BRDA:223,4,0,0
BRDA:223,4,1,0
BRDA:223,4,2,0
BRDA:223,4,3,0
BRDA:247,5,0,0
BRDA:247,5,1,1
BRDA:248,6,0,0
BRDA:248,6,1,0
BRDA:267,7,0,0
BRDA:267,7,1,0
BRDA:268,8,0,0
BRDA:268,8,1,0
BRDA:268,8,2,0
BRDA:268,8,3,0
BRDA:310,9,0,0
BRDA:310,9,1,0
BRDA:329,10,0,0
BRDA:329,10,1,0
BRDA:330,11,0,0
BRDA:330,11,1,0
BRDA:330,11,2,0
BRDA:330,11,3,0
BRDA:372,12,0,0
BRDA:372,12,1,0
BRDA:391,13,0,0
BRDA:391,13,1,0
BRDA:392,14,0,0
BRDA:392,14,1,0
BRDA:392,14,2,0
BRDA:392,14,3,0
BRDA:444,15,0,1
BRDA:444,15,1,0
BRDA:453,16,0,1
BRDA:453,16,1,0
BRDA:462,17,0,1
BRDA:462,17,1,0
BRDA:471,18,0,1
BRDA:471,18,1,0
BRDA:542,19,0,1
BRDA:542,19,1,0
BRDA:600,20,0,1
BRDA:600,20,1,0
BRDA:605,21,0,0
BRDA:605,21,1,0
BRDA:616,22,0,0
BRDA:616,22,1,0
BRDA:622,23,0,0
BRDA:622,23,1,0
BRDA:660,24,0,0
BRDA:660,24,1,0
BRDA:704,25,0,0
BRDA:704,25,1,0
BRDA:708,26,0,0
BRDA:708,26,1,0
BRDA:746,27,0,0
BRDA:746,27,1,0
BRDA:790,28,0,0
BRDA:790,28,1,0
BRDA:794,29,0,0
BRDA:794,29,1,0
BRDA:832,30,0,0
BRDA:832,30,1,0
BRF:72
BRH:7
end_of_record
TN:
SF:C:\Users\NicoMendoza\Documents\dwla-web-app\Client\src\features\app\TeacherManageGradesView.js
FN:19,(anonymous_0)
FN:27,(anonymous_1)
FN:41,(anonymous_2)
FN:44,(anonymous_3)
FN:47,(anonymous_4)
FN:52,(anonymous_5)
FNF:6
FNH:3
FNDA:1,(anonymous_0)
FNDA:0,(anonymous_1)
FNDA:1,(anonymous_2)
FNDA:0,(anonymous_3)
FNDA:0,(anonymous_4)
FNDA:1,(anonymous_5)
DA:20,1
DA:21,1
DA:28,0
DA:29,0
DA:31,0
DA:32,0
DA:34,0
DA:35,0
DA:42,1
DA:45,0
DA:48,0
DA:53,1
LF:12
LH:4
BRDA:28,0,0,0
BRDA:28,0,1,0
BRDA:31,1,0,0
BRDA:31,1,1,0
BRDA:34,2,0,0
BRDA:34,2,1,0
BRDA:55,3,0,1
BRDA:55,3,1,0
BRDA:57,4,0,0
BRDA:57,4,1,0
BRF:10
BRH:1
end_of_record
TN:
SF:C:\Users\NicoMendoza\Documents\dwla-web-app\Client\src\features\app\TeacherProfile.js
FN:15,ProfileImage
FN:19,Profile
FN:46,(anonymous_2)
FN:82,(anonymous_3)
FN:115,(anonymous_4)
FN:119,(anonymous_5)
FN:123,(anonymous_6)
FN:179,(anonymous_7)
FN:211,(anonymous_8)
FN:229,(anonymous_9)
FN:251,(anonymous_10)
FN:261,(anonymous_11)
FN:264,(anonymous_12)
FN:268,(anonymous_13)
FNF:14
FNH:2
FNDA:0,ProfileImage
FNDA:0,Profile
FNDA:1,(anonymous_2)
FNDA:0,(anonymous_3)
FNDA:0,(anonymous_4)
FNDA:0,(anonymous_5)
FNDA:0,(anonymous_6)
FNDA:1,(anonymous_7)
FNDA:0,(anonymous_8)
FNDA:0,(anonymous_9)
FNDA:0,(anonymous_10)
FNDA:0,(anonymous_11)
FNDA:0,(anonymous_12)
FNDA:0,(anonymous_13)
DA:16,0
DA:28,0
DA:29,0
DA:47,1
DA:48,1
DA:78,1
DA:79,1
DA:80,1
DA:83,0
DA:84,0
DA:116,0
DA:120,0
DA:124,0
DA:149,0
DA:150,0
DA:175,0
DA:176,0
DA:206,1
DA:207,1
DA:208,1
DA:209,1
DA:210,1
DA:211,1
DA:212,0
DA:214,0
DA:216,0
DA:218,0
DA:220,0
DA:222,0
DA:224,0
DA:226,0
DA:229,1
DA:230,0
DA:232,1
DA:253,0
DA:254,0
DA:255,0
DA:256,0
DA:262,0
DA:263,0
DA:264,0
DA:265,0
DA:269,0
DA:270,0
DA:271,0
LF:45
LH:13
BRDA:23,0,0,0
BRDA:24,1,0,0
BRDA:25,2,0,0
BRDA:35,3,0,0
BRDA:35,3,1,0
BRDA:83,4,0,0
BRDA:83,4,1,0
BRDA:83,5,0,0
BRDA:83,5,1,0
BRDA:212,6,0,0
BRDA:212,6,1,0
BRDA:212,6,2,0
BRDA:212,6,3,0
BRDA:212,6,4,0
BRDA:212,6,5,0
BRDA:212,6,6,0
BRDA:234,7,0,1
BRDA:234,7,1,0
BRDA:244,8,0,0
BRDA:244,8,1,0
BRF:20
BRH:1
end_of_record
TN:
SF:C:\Users\NicoMendoza\Documents\dwla-web-app\Client\src\features\app\TeacherSubcomponent.js
FN:44,(anonymous_0)
FN:70,(anonymous_1)
FN:74,(anonymous_2)
FN:89,(anonymous_3)
FN:96,(anonymous_4)
FN:110,(anonymous_5)
FN:125,(anonymous_6)
FN:132,(anonymous_7)
FN:146,(anonymous_8)
FN:162,(anonymous_9)
FN:195,(anonymous_10)
FN:205,(anonymous_11)
FN:273,(anonymous_12)
FN:381,(anonymous_13)
FNF:14
FNH:2
FNDA:1,(anonymous_0)
FNDA:0,(anonymous_1)
FNDA:0,(anonymous_2)
FNDA:0,(anonymous_3)
FNDA:0,(anonymous_4)
FNDA:0,(anonymous_5)
FNDA:0,(anonymous_6)
FNDA:0,(anonymous_7)
FNDA:0,(anonymous_8)
FNDA:1,(anonymous_9)
FNDA:0,(anonymous_10)
FNDA:0,(anonymous_11)
FNDA:0,(anonymous_12)
FNDA:0,(anonymous_13)
DA:36,5
DA:45,1
DA:46,1
DA:66,1
DA:67,1
DA:71,0
DA:75,0
DA:76,0
DA:78,0
DA:90,0
DA:91,0
DA:97,0
DA:103,0
DA:111,0
DA:126,0
DA:127,0
DA:133,0
DA:139,0
DA:147,0
DA:163,1
DA:164,1
DA:165,1
DA:166,1
DA:167,0
DA:168,0
DA:196,0
DA:206,0
DA:220,0
DA:221,0
DA:222,0
DA:223,0
DA:224,0
DA:225,0
DA:226,0
DA:227,0
DA:250,0
DA:255,0
DA:266,1
DA:274,0
DA:382,0
DA:383,0
DA:384,0
LF:42
LH:10
BRDA:75,0,0,0
BRDA:75,0,1,0
BRDA:166,1,0,0
BRDA:166,1,1,1
BRDA:252,2,0,0
BRDA:252,2,1,0
BRDA:258,3,0,0
BRDA:258,3,1,0
BRDA:311,4,0,1
BRDA:311,4,1,0
BRDA:356,5,0,1
BRDA:356,5,1,0
BRDA:380,6,0,0
BRDA:380,6,1,0
BRF:14
BRH:3
end_of_record
TN:
SF:C:\Users\NicoMendoza\Documents\dwla-web-app\Client\src\features\app\TeacherSubcomponentView.js
FN:19,(anonymous_0)
FN:27,(anonymous_1)
FN:37,(anonymous_2)
FN:40,(anonymous_3)
FN:43,(anonymous_4)
FN:48,(anonymous_5)
FNF:6
FNH:3
FNDA:1,(anonymous_0)
FNDA:0,(anonymous_1)
FNDA:1,(anonymous_2)
FNDA:0,(anonymous_3)
FNDA:0,(anonymous_4)
FNDA:1,(anonymous_5)
DA:20,1
DA:21,1
DA:28,0
DA:29,0
DA:31,0
DA:32,0
DA:38,1
DA:41,0
DA:44,0
DA:49,1
LF:10
LH:4
BRDA:28,0,0,0
BRDA:28,0,1,0
BRDA:31,1,0,0
BRDA:31,1,1,0
BRDA:51,2,0,1
BRDA:51,2,1,0
BRDA:53,3,0,0
BRDA:53,3,1,0
BRF:8
BRH:1
end_of_record
TN:
SF:C:\Users\NicoMendoza\Documents\dwla-web-app\Client\src\features\app\TeacherSummary.js
FN:44,(anonymous_0)
FN:62,(anonymous_1)
FN:64,(anonymous_2)
FN:94,(anonymous_3)
FN:95,(anonymous_4)
FN:194,(anonymous_5)
FN:202,(anonymous_6)
FN:208,(anonymous_7)
FN:216,(anonymous_8)
FN:222,(anonymous_9)
FN:230,(anonymous_10)
FN:236,(anonymous_11)
FN:244,(anonymous_12)
FN:250,(anonymous_13)
FN:258,(anonymous_14)
FN:264,(anonymous_15)
FN:272,(anonymous_16)
FN:286,(anonymous_17)
FN:295,(anonymous_18)
FN:306,(anonymous_19)
FN:315,(anonymous_20)
FN:326,(anonymous_21)
FN:335,(anonymous_22)
FN:346,(anonymous_23)
FN:355,(anonymous_24)
FN:366,(anonymous_25)
FN:375,(anonymous_26)
FNF:27
FNH:2
FNDA:1,(anonymous_0)
FNDA:0,(anonymous_1)
FNDA:0,(anonymous_2)
FNDA:1,(anonymous_3)
FNDA:0,(anonymous_4)
FNDA:0,(anonymous_5)
FNDA:0,(anonymous_6)
FNDA:0,(anonymous_7)
FNDA:0,(anonymous_8)
FNDA:0,(anonymous_9)
FNDA:0,(anonymous_10)
FNDA:0,(anonymous_11)
FNDA:0,(anonymous_12)
FNDA:0,(anonymous_13)
FNDA:0,(anonymous_14)
FNDA:0,(anonymous_15)
FNDA:0,(anonymous_16)
FNDA:0,(anonymous_17)
FNDA:0,(anonymous_18)
FNDA:0,(anonymous_19)
FNDA:0,(anonymous_20)
FNDA:0,(anonymous_21)
FNDA:0,(anonymous_22)
FNDA:0,(anonymous_23)
FNDA:0,(anonymous_24)
FNDA:0,(anonymous_25)
FNDA:0,(anonymous_26)
DA:36,5
DA:45,1
DA:46,1
DA:63,0
DA:64,0
DA:76,0
DA:77,0
DA:95,1
DA:96,0
DA:98,0
DA:99,0
DA:102,0
DA:103,0
DA:106,0
DA:107,0
DA:110,0
DA:113,1
DA:114,1
DA:115,0
DA:157,1
DA:195,0
DA:196,0
DA:197,0
DA:202,0
DA:209,0
DA:210,0
DA:211,0
DA:216,0
DA:223,0
DA:224,0
DA:225,0
DA:230,0
DA:237,0
DA:238,0
DA:239,0
DA:244,0
DA:251,0
DA:252,0
DA:253,0
DA:258,0
DA:265,0
DA:266,0
DA:267,0
DA:272,0
DA:287,0
DA:288,0
DA:289,0
DA:296,0
DA:297,0
DA:298,0
DA:307,0
DA:308,0
DA:309,0
DA:316,0
DA:317,0
DA:318,0
DA:327,0
DA:328,0
DA:329,0
DA:336,0
DA:337,0
DA:338,0
DA:347,0
DA:348,0
DA:349,0
DA:356,0
DA:357,0
DA:358,0
DA:367,0
DA:368,0
DA:369,0
DA:376,0
DA:377,0
DA:378,0
LF:74
LH:7
BRDA:96,0,0,0
BRDA:96,0,1,0
BRDA:96,0,2,0
BRDA:96,0,3,0
BRDA:118,1,0,0
BRDA:118,1,1,0
BRDA:123,2,0,0
BRDA:123,2,1,0
BRDA:130,3,0,0
BRDA:130,3,1,0
BRDA:137,4,0,0
BRDA:137,4,1,0
BRDA:144,5,0,0
BRDA:144,5,1,0
BRDA:151,6,0,0
BRDA:151,6,1,0
BRDA:161,7,0,1
BRDA:161,7,1,0
BRDA:192,8,0,0
BRDA:192,8,1,0
BRDA:192,9,0,0
BRDA:192,9,1,0
BRDA:202,10,0,0
BRDA:202,10,1,0
BRDA:206,11,0,0
BRDA:206,11,1,0
BRDA:206,12,0,0
BRDA:206,12,1,0
BRDA:216,13,0,0
BRDA:216,13,1,0
BRDA:220,14,0,0
BRDA:220,14,1,0
BRDA:220,15,0,0
BRDA:220,15,1,0
BRDA:230,16,0,0
BRDA:230,16,1,0
BRDA:234,17,0,0
BRDA:234,17,1,0
BRDA:234,18,0,0
BRDA:234,18,1,0
BRDA:244,19,0,0
BRDA:244,19,1,0
BRDA:248,20,0,0
BRDA:248,20,1,0
BRDA:248,21,0,0
BRDA:248,21,1,0
BRDA:258,22,0,0
BRDA:258,22,1,0
BRDA:262,23,0,0
BRDA:262,23,1,0
BRDA:262,24,0,0
BRDA:262,24,1,0
BRDA:284,25,0,0
BRDA:284,25,1,0
BRDA:284,26,0,0
BRDA:284,26,1,0
BRDA:304,27,0,0
BRDA:304,27,1,0
BRDA:304,28,0,0
BRDA:304,28,1,0
BRDA:324,29,0,0
BRDA:324,29,1,0
BRDA:324,30,0,0
BRDA:324,30,1,0
BRDA:344,31,0,0
BRDA:344,31,1,0
BRDA:344,32,0,0
BRDA:344,32,1,0
BRDA:364,33,0,0
BRDA:364,33,1,0
BRDA:364,34,0,0
BRDA:364,34,1,0
BRDA:393,35,0,1
BRDA:393,35,1,0
BRF:74
BRH:2
end_of_record
TN:
SF:C:\Users\NicoMendoza\Documents\dwla-web-app\Client\src\features\app\TeacherSummaryPerQuarter.js
FN:44,(anonymous_0)
FN:63,(anonymous_1)
FN:71,(anonymous_2)
FN:78,(anonymous_3)
FN:95,(anonymous_4)
FN:101,(anonymous_5)
FN:118,(anonymous_6)
FN:221,(anonymous_7)
FN:241,(anonymous_8)
FN:255,(anonymous_9)
FN:273,(anonymous_10)
FN:283,(anonymous_11)
FN:290,(anonymous_12)
FN:300,(anonymous_13)
FN:307,(anonymous_14)
FN:317,(anonymous_15)
FN:324,(anonymous_16)
FN:334,(anonymous_17)
FN:341,(anonymous_18)
FN:351,(anonymous_19)
FN:358,(anonymous_20)
FN:367,(anonymous_21)
FN:381,(anonymous_22)
FN:390,(anonymous_23)
FN:401,(anonymous_24)
FN:411,(anonymous_25)
FN:423,(anonymous_26)
FN:433,(anonymous_27)
FN:445,(anonymous_28)
FN:455,(anonymous_29)
FNF:30
FNH:2
FNDA:1,(anonymous_0)
FNDA:0,(anonymous_1)
FNDA:0,(anonymous_2)
FNDA:0,(anonymous_3)
FNDA:0,(anonymous_4)
FNDA:0,(anonymous_5)
FNDA:1,(anonymous_6)
FNDA:0,(anonymous_7)
FNDA:0,(anonymous_8)
FNDA:0,(anonymous_9)
FNDA:0,(anonymous_10)
FNDA:0,(anonymous_11)
FNDA:0,(anonymous_12)
FNDA:0,(anonymous_13)
FNDA:0,(anonymous_14)
FNDA:0,(anonymous_15)
FNDA:0,(anonymous_16)
FNDA:0,(anonymous_17)
FNDA:0,(anonymous_18)
FNDA:0,(anonymous_19)
FNDA:0,(anonymous_20)
FNDA:0,(anonymous_21)
FNDA:0,(anonymous_22)
FNDA:0,(anonymous_23)
FNDA:0,(anonymous_24)
FNDA:0,(anonymous_25)
FNDA:0,(anonymous_26)
FNDA:0,(anonymous_27)
FNDA:0,(anonymous_28)
FNDA:0,(anonymous_29)
DA:36,5
DA:45,1
DA:46,1
DA:60,1
DA:64,0
DA:72,0
DA:73,0
DA:79,0
DA:96,0
DA:102,0
DA:119,1
DA:120,1
DA:121,1
DA:122,0
DA:178,1
DA:222,0
DA:242,0
DA:256,0
DA:274,0
DA:275,0
DA:277,0
DA:283,0
DA:291,0
DA:292,0
DA:294,0
DA:300,0
DA:308,0
DA:309,0
DA:311,0
DA:317,0
DA:325,0
DA:326,0
DA:328,0
DA:334,0
DA:342,0
DA:343,0
DA:345,0
DA:351,0
DA:359,0
DA:360,0
DA:362,0
DA:367,0
DA:382,0
DA:383,0
DA:384,0
DA:391,0
DA:392,0
DA:393,0
DA:402,0
DA:403,0
DA:405,0
DA:412,0
DA:413,0
DA:415,0
DA:424,0
DA:425,0
DA:427,0
DA:434,0
DA:435,0
DA:437,0
DA:446,0
DA:447,0
DA:449,0
DA:456,0
DA:457,0
DA:459,0
LF:66
LH:8
BRDA:119,0,0,1
BRDA:119,0,1,0
BRDA:119,1,0,0
BRDA:119,1,1,0
BRDA:125,2,0,0
BRDA:125,2,1,0
BRDA:142,3,0,0
BRDA:142,3,1,0
BRDA:149,4,0,0
BRDA:149,4,1,0
BRDA:155,5,0,0
BRDA:155,5,1,0
BRDA:161,6,0,0
BRDA:161,6,1,0
BRDA:167,7,0,0
BRDA:167,7,1,0
BRDA:169,8,0,0
BRDA:169,8,1,0
BRDA:182,9,0,1
BRDA:182,9,1,0
BRDA:271,10,0,0
BRDA:271,10,1,0
BRDA:271,11,0,0
BRDA:271,11,1,0
BRDA:283,12,0,0
BRDA:283,12,1,0
BRDA:288,13,0,0
BRDA:288,13,1,0
BRDA:288,14,0,0
BRDA:288,14,1,0
BRDA:300,15,0,0
BRDA:300,15,1,0
BRDA:305,16,0,0
BRDA:305,16,1,0
BRDA:305,17,0,0
BRDA:305,17,1,0
BRDA:317,18,0,0
BRDA:317,18,1,0
BRDA:322,19,0,0
BRDA:322,19,1,0
BRDA:322,20,0,0
BRDA:322,20,1,0
BRDA:334,21,0,0
BRDA:334,21,1,0
BRDA:339,22,0,0
BRDA:339,22,1,0
BRDA:339,23,0,0
BRDA:339,23,1,0
BRDA:351,24,0,0
BRDA:351,24,1,0
BRDA:356,25,0,0
BRDA:356,25,1,0
BRDA:356,26,0,0
BRDA:356,26,1,0
BRDA:379,27,0,0
BRDA:379,27,1,0
BRDA:379,28,0,0
BRDA:379,28,1,0
BRDA:399,29,0,0
BRDA:399,29,1,0
BRDA:399,30,0,0
BRDA:399,30,1,0
BRDA:421,31,0,0
BRDA:421,31,1,0
BRDA:421,32,0,0
BRDA:421,32,1,0
BRDA:443,33,0,0
BRDA:443,33,1,0
BRDA:443,34,0,0
BRDA:443,34,1,0
BRF:70
BRH:2
end_of_record
TN:
SF:C:\Users\NicoMendoza\Documents\dwla-web-app\Client\src\features\app\TeacherSummaryPerQuarterView.js
FN:19,(anonymous_0)
FN:27,(anonymous_1)
FN:41,(anonymous_2)
FN:44,(anonymous_3)
FN:47,(anonymous_4)
FN:52,(anonymous_5)
FNF:6
FNH:3
FNDA:1,(anonymous_0)
FNDA:0,(anonymous_1)
FNDA:1,(anonymous_2)
FNDA:0,(anonymous_3)
FNDA:0,(anonymous_4)
FNDA:1,(anonymous_5)
DA:20,1
DA:21,1
DA:28,0
DA:29,0
DA:31,0
DA:32,0
DA:34,0
DA:35,0
DA:42,1
DA:45,0
DA:48,0
DA:53,1
LF:12
LH:4
BRDA:28,0,0,0
BRDA:28,0,1,0
BRDA:31,1,0,0
BRDA:31,1,1,0
BRDA:34,2,0,0
BRDA:34,2,1,0
BRDA:55,3,0,1
BRDA:55,3,1,0
BRDA:57,4,0,0
BRDA:57,4,1,0
BRF:10
BRH:1
end_of_record
TN:
SF:C:\Users\NicoMendoza\Documents\dwla-web-app\Client\src\features\app\TeacherSummaryView.js
FN:19,(anonymous_0)
FN:27,(anonymous_1)
FN:37,(anonymous_2)
FN:40,(anonymous_3)
FN:43,(anonymous_4)
FN:48,(anonymous_5)
FNF:6
FNH:3
FNDA:1,(anonymous_0)
FNDA:0,(anonymous_1)
FNDA:1,(anonymous_2)
FNDA:0,(anonymous_3)
FNDA:0,(anonymous_4)
FNDA:1,(anonymous_5)
DA:20,1
DA:21,1
DA:28,0
DA:29,0
DA:31,0
DA:32,0
DA:38,1
DA:41,0
DA:44,0
DA:49,1
LF:10
LH:4
BRDA:28,0,0,0
BRDA:28,0,1,0
BRDA:31,1,0,0
BRDA:31,1,1,0
BRDA:51,2,0,1
BRDA:51,2,1,0
BRDA:53,3,0,0
BRDA:53,3,1,0
BRF:8
BRH:1
end_of_record
TN:
SF:C:\Users\NicoMendoza\Documents\dwla-web-app\Client\src\features\app\TeacherViewSubjectLoad.js
FN:22,(anonymous_0)
FN:36,(anonymous_1)
FN:37,(anonymous_2)
FN:48,(anonymous_3)
FN:55,(anonymous_4)
FN:61,(anonymous_5)
FN:71,(anonymous_6)
FN:78,(anonymous_7)
FN:83,(anonymous_8)
FN:84,(anonymous_9)
FNF:10
FNH:2
FNDA:1,(anonymous_0)
FNDA:0,(anonymous_1)
FNDA:0,(anonymous_2)
FNDA:0,(anonymous_3)
FNDA:0,(anonymous_4)
FNDA:0,(anonymous_5)
FNDA:0,(anonymous_6)
FNDA:0,(anonymous_7)
FNDA:1,(anonymous_8)
FNDA:0,(anonymous_9)
DA:14,5
DA:23,1
DA:24,1
DA:37,0
DA:38,0
DA:43,0
DA:49,0
DA:56,0
DA:62,0
DA:65,0
DA:66,0
DA:72,0
DA:73,0
DA:79,0
DA:84,1
DA:85,0
DA:87,0
DA:89,0
DA:91,0
DA:93,0
DA:95,0
DA:97,0
DA:99,0
DA:101,0
DA:103,0
DA:105,0
DA:107,0
DA:109,0
DA:111,0
DA:113,0
DA:115,0
DA:117,0
DA:120,1
DA:121,1
DA:122,0
DA:138,1
LF:36
LH:7
BRDA:85,0,0,0
BRDA:85,0,1,0
BRDA:85,0,2,0
BRDA:85,0,3,0
BRDA:85,0,4,0
BRDA:85,0,5,0
BRDA:85,0,6,0
BRDA:85,0,7,0
BRDA:85,0,8,0
BRDA:85,0,9,0
BRDA:85,0,10,0
BRDA:85,0,11,0
BRDA:85,0,12,0
BRDA:85,0,13,0
BRDA:85,0,14,0
BRDA:85,0,15,0
BRDA:146,1,0,1
BRDA:146,1,1,0
BRDA:171,2,0,1
BRDA:171,2,1,0
BRF:20
BRH:2
end_of_record
TN:
SF:C:\Users\NicoMendoza\Documents\dwla-web-app\Client\src\features\app\TeacherViewSubjectLoadById.js
FN:32,(anonymous_0)
FN:47,(anonymous_1)
FN:54,(anonymous_2)
FN:67,(anonymous_3)
FN:79,(anonymous_4)
FN:87,(anonymous_5)
FN:92,(anonymous_6)
FN:93,(anonymous_7)
FNF:8
FNH:3
FNDA:1,(anonymous_0)
FNDA:0,(anonymous_1)
FNDA:0,(anonymous_2)
FNDA:0,(anonymous_3)
FNDA:0,(anonymous_4)
FNDA:0,(anonymous_5)
FNDA:1,(anonymous_6)
FNDA:1,(anonymous_7)
DA:24,5
DA:33,1
DA:34,1
DA:48,0
DA:55,0
DA:68,0
DA:72,0
DA:73,0
DA:80,0
DA:81,0
DA:88,0
DA:93,1
DA:94,1
DA:96,1
DA:98,0
DA:100,0
DA:102,0
DA:104,0
DA:106,0
DA:108,0
DA:110,0
DA:112,0
DA:114,0
DA:116,0
DA:118,0
DA:120,0
DA:122,0
DA:124,0
DA:126,0
DA:129,1
DA:130,1
DA:131,0
DA:143,1
DA:144,1
DA:152,1
LF:35
LH:11
BRDA:94,0,0,1
BRDA:94,0,1,0
BRDA:94,0,2,0
BRDA:94,0,3,0
BRDA:94,0,4,0
BRDA:94,0,5,0
BRDA:94,0,6,0
BRDA:94,0,7,0
BRDA:94,0,8,0
BRDA:94,0,9,0
BRDA:94,0,10,0
BRDA:94,0,11,0
BRDA:94,0,12,0
BRDA:94,0,13,0
BRDA:94,0,14,0
BRDA:94,0,15,0
BRDA:134,1,0,0
BRDA:134,1,1,0
BRDA:143,2,0,1
BRDA:143,2,1,0
BRDA:159,3,0,1
BRDA:159,3,1,0
BRF:22
BRH:3
end_of_record
TN:
SF:C:\Users\NicoMendoza\Documents\dwla-web-app\Client\src\features\app\TeacherViewSubjectLoadByIdView.js
FN:19,(anonymous_0)
FN:27,(anonymous_1)
FN:37,(anonymous_2)
FN:40,(anonymous_3)
FN:43,(anonymous_4)
FN:48,(anonymous_5)
FNF:6
FNH:3
FNDA:1,(anonymous_0)
FNDA:0,(anonymous_1)
FNDA:1,(anonymous_2)
FNDA:0,(anonymous_3)
FNDA:0,(anonymous_4)
FNDA:1,(anonymous_5)
DA:20,1
DA:21,1
DA:28,0
DA:29,0
DA:31,0
DA:32,0
DA:38,1
DA:41,0
DA:44,0
DA:49,1
LF:10
LH:4
BRDA:28,0,0,0
BRDA:28,0,1,0
BRDA:31,1,0,0
BRDA:31,1,1,0
BRDA:51,2,0,1
BRDA:51,2,1,0
BRDA:53,3,0,0
BRDA:53,3,1,0
BRF:8
BRH:1
end_of_record
TN:
SF:C:\Users\NicoMendoza\Documents\dwla-web-app\Client\src\features\app\TeacherViewSubjectLoadView.js
FN:19,(anonymous_0)
FN:27,(anonymous_1)
FN:37,(anonymous_2)
FN:40,(anonymous_3)
FN:43,(anonymous_4)
FN:48,(anonymous_5)
FNF:6
FNH:3
FNDA:1,(anonymous_0)
FNDA:0,(anonymous_1)
FNDA:1,(anonymous_2)
FNDA:0,(anonymous_3)
FNDA:0,(anonymous_4)
FNDA:1,(anonymous_5)
DA:20,1
DA:21,1
DA:28,0
DA:29,0
DA:31,0
DA:32,0
DA:38,1
DA:41,0
DA:44,0
DA:49,1
LF:10
LH:4
BRDA:28,0,0,0
BRDA:28,0,1,0
BRDA:31,1,0,0
BRDA:31,1,1,0
BRDA:51,2,0,1
BRDA:51,2,1,0
BRDA:53,3,0,0
BRDA:53,3,1,0
BRF:8
BRH:1
end_of_record
TN:
SF:C:\Users\NicoMendoza\Documents\dwla-web-app\Client\src\features\app\index.js
FNF:0
FNH:0
LF:0
LH:0
BRF:0
BRH:0
end_of_record
TN:
SF:C:\Users\NicoMendoza\Documents\dwla-web-app\Client\src\features\app\route.js
FNF:0
FNH:0
LF:0
LH:0
BRF:0
BRH:0
end_of_record
TN:
SF:C:\Users\NicoMendoza\Documents\dwla-web-app\Client\src\features\app\redux\actions.js
FNF:0
FNH:0
LF:0
LH:0
BRF:0
BRH:0
end_of_record
TN:
SF:C:\Users\NicoMendoza\Documents\dwla-web-app\Client\src\features\app\redux\activateAccount.js
FN:10,(anonymous_0)
FN:10,(anonymous_1)
FN:13,(anonymous_2)
FN:17,(anonymous_3)
FN:22,reducer
FNF:5
FNH:2
FNDA:1,(anonymous_0)
FNDA:0,(anonymous_1)
FNDA:0,(anonymous_2)
FNDA:0,(anonymous_3)
FNDA:7,reducer
DA:10,90
DA:11,0
DA:14,0
DA:15,0
DA:18,0
DA:23,7
DA:25,1
DA:30,6
LF:8
LH:4
BRDA:23,0,0,1
BRDA:23,0,1,6
BRF:2
BRH:2
end_of_record
TN:
SF:C:\Users\NicoMendoza\Documents\dwla-web-app\Client\src\features\app\redux\addNewRecord.js
FN:10,(anonymous_0)
FN:10,(anonymous_1)
FN:14,(anonymous_2)
FN:20,(anonymous_3)
FN:27,reducer
FNF:5
FNH:2
FNDA:1,(anonymous_0)
FNDA:0,(anonymous_1)
FNDA:0,(anonymous_2)
FNDA:0,(anonymous_3)
FNDA:7,reducer
DA:10,90
DA:11,0
DA:12,0
DA:15,0
DA:16,0
DA:17,0
DA:18,0
DA:21,0
DA:22,0
DA:23,0
DA:28,7
DA:30,1
DA:35,6
LF:13
LH:4
BRDA:28,0,0,1
BRDA:28,0,1,6
BRF:2
BRH:2
end_of_record
TN:
SF:C:\Users\NicoMendoza\Documents\dwla-web-app\Client\src\features\app\redux\addNewSubcomponent.js
FN:10,(anonymous_0)
FN:10,(anonymous_1)
FN:14,(anonymous_2)
FN:19,(anonymous_3)
FN:26,reducer
FNF:5
FNH:2
FNDA:1,(anonymous_0)
FNDA:0,(anonymous_1)
FNDA:0,(anonymous_2)
FNDA:0,(anonymous_3)
FNDA:7,reducer
DA:10,90
DA:11,0
DA:12,0
DA:15,0
DA:16,0
DA:17,0
DA:20,0
DA:21,0
DA:22,0
DA:27,7
DA:29,1
DA:34,6
LF:12
LH:4
BRDA:27,0,0,1
BRDA:27,0,1,6
BRF:2
BRH:2
end_of_record
TN:
SF:C:\Users\NicoMendoza\Documents\dwla-web-app\Client\src\features\app\redux\addSection.js
FN:10,(anonymous_0)
FN:10,(anonymous_1)
FN:14,(anonymous_2)
FN:20,(anonymous_3)
FN:29,reducer
FNF:5
FNH:2
FNDA:1,(anonymous_0)
FNDA:0,(anonymous_1)
FNDA:0,(anonymous_2)
FNDA:0,(anonymous_3)
FNDA:7,reducer
DA:10,90
DA:11,0
DA:12,0
DA:15,0
DA:16,0
DA:17,0
DA:18,0
DA:21,0
DA:22,0
DA:24,0
DA:30,7
DA:32,1
DA:37,6
LF:13
LH:4
BRDA:30,0,0,1
BRDA:30,0,1,6
BRF:2
BRH:2
end_of_record
TN:
SF:C:\Users\NicoMendoza\Documents\dwla-web-app\Client\src\features\app\redux\addSubjectSectionStudent.js
FN:10,(anonymous_0)
FN:10,(anonymous_1)
FN:15,(anonymous_2)
FN:20,(anonymous_3)
FN:27,reducer
FNF:5
FNH:2
FNDA:1,(anonymous_0)
FNDA:0,(anonymous_1)
FNDA:0,(anonymous_2)
FNDA:0,(anonymous_3)
FNDA:7,reducer
DA:10,90
DA:11,0
DA:12,0
DA:13,0
DA:16,0
DA:17,0
DA:18,0
DA:21,0
DA:22,0
DA:23,0
DA:28,7
DA:30,1
DA:35,6
LF:13
LH:4
BRDA:28,0,0,1
BRDA:28,0,1,6
BRF:2
BRH:2
end_of_record
TN:
SF:C:\Users\NicoMendoza\Documents\dwla-web-app\Client\src\features\app\redux\assignAdvisorySection.js
FN:10,(anonymous_0)
FN:10,(anonymous_1)
FN:15,(anonymous_2)
FN:20,(anonymous_3)
FN:27,reducer
FNF:5
FNH:2
FNDA:1,(anonymous_0)
FNDA:0,(anonymous_1)
FNDA:0,(anonymous_2)
FNDA:0,(anonymous_3)
FNDA:7,reducer
DA:10,90
DA:11,0
DA:12,0
DA:13,0
DA:16,0
DA:17,0
DA:18,0
DA:21,0
DA:22,0
DA:23,0
DA:28,7
DA:30,1
DA:35,6
LF:13
LH:4
BRDA:28,0,0,1
BRDA:28,0,1,6
BRF:2
BRH:2
end_of_record
TN:
SF:C:\Users\NicoMendoza\Documents\dwla-web-app\Client\src\features\app\redux\changePassword.js
FN:10,(anonymous_0)
FN:10,(anonymous_1)
FN:14,(anonymous_2)
FN:20,(anonymous_3)
FN:27,reducer
FNF:5
FNH:2
FNDA:1,(anonymous_0)
FNDA:0,(anonymous_1)
FNDA:0,(anonymous_2)
FNDA:0,(anonymous_3)
FNDA:7,reducer
DA:10,90
DA:11,0
DA:12,0
DA:15,0
DA:16,0
DA:17,0
DA:18,0
DA:21,0
DA:22,0
DA:24,0
DA:28,7
DA:30,1
DA:35,6
LF:13
LH:4
BRDA:28,0,0,1
BRDA:28,0,1,6
BRF:2
BRH:2
end_of_record
TN:
SF:C:\Users\NicoMendoza\Documents\dwla-web-app\Client\src\features\app\redux\changeTransmutation.js
FN:10,(anonymous_0)
FN:10,(anonymous_1)
FN:14,(anonymous_2)
FN:20,(anonymous_3)
FN:27,reducer
FNF:5
FNH:2
FNDA:1,(anonymous_0)
FNDA:0,(anonymous_1)
FNDA:0,(anonymous_2)
FNDA:0,(anonymous_3)
FNDA:7,reducer
DA:10,90
DA:11,0
DA:12,0
DA:15,0
DA:16,0
DA:17,0
DA:18,0
DA:21,0
DA:22,0
DA:23,0
DA:28,7
DA:30,1
DA:35,6
LF:13
LH:4
BRDA:28,0,0,1
BRDA:28,0,1,6
BRF:2
BRH:2
end_of_record
TN:
SF:C:\Users\NicoMendoza\Documents\dwla-web-app\Client\src\features\app\redux\constants.js
FNF:0
FNH:0
DA:1,94
DA:2,94
DA:3,94
DA:4,94
DA:5,94
DA:6,94
DA:7,94
DA:8,94
DA:9,94
DA:10,94
DA:11,94
DA:12,94
DA:13,94
DA:14,94
DA:15,94
DA:16,94
DA:17,94
DA:18,94
DA:19,94
DA:20,94
DA:21,94
DA:22,94
DA:23,94
DA:24,94
DA:25,94
DA:26,94
DA:27,94
DA:28,94
DA:29,94
DA:30,94
DA:31,94
DA:32,94
DA:33,94
DA:34,94
DA:35,94
LF:35
LH:35
BRF:0
BRH:0
end_of_record
TN:
SF:C:\Users\NicoMendoza\Documents\dwla-web-app\Client\src\features\app\redux\createAccount.js
FN:9,(anonymous_0)
FN:9,(anonymous_1)
FN:13,(anonymous_2)
FN:19,(anonymous_3)
FN:28,reducer
FNF:5
FNH:2
FNDA:1,(anonymous_0)
FNDA:0,(anonymous_1)
FNDA:0,(anonymous_2)
FNDA:0,(anonymous_3)
FNDA:7,reducer
DA:9,90
DA:10,0
DA:11,0
DA:14,0
DA:15,0
DA:20,0
DA:21,0
DA:29,7
DA:31,1
DA:36,6
LF:10
LH:4
BRDA:29,0,0,1
BRDA:29,0,1,6
BRF:2
BRH:2
end_of_record
TN:
SF:C:\Users\NicoMendoza\Documents\dwla-web-app\Client\src\features\app\redux\createStudentSection.js
FN:10,(anonymous_0)
FN:10,(anonymous_1)
FN:15,(anonymous_2)
FN:20,(anonymous_3)
FN:27,reducer
FNF:5
FNH:2
FNDA:1,(anonymous_0)
FNDA:0,(anonymous_1)
FNDA:0,(anonymous_2)
FNDA:0,(anonymous_3)
FNDA:7,reducer
DA:10,90
DA:11,0
DA:12,0
DA:13,0
DA:16,0
DA:17,0
DA:18,0
DA:21,0
DA:22,0
DA:23,0
DA:28,7
DA:30,1
DA:35,6
LF:13
LH:4
BRDA:28,0,0,1
BRDA:28,0,1,6
BRF:2
BRH:2
end_of_record
TN:
SF:C:\Users\NicoMendoza\Documents\dwla-web-app\Client\src\features\app\redux\createSubjectSection.js
FN:10,(anonymous_0)
FN:10,(anonymous_1)
FN:15,(anonymous_2)
FN:20,(anonymous_3)
FN:27,reducer
FNF:5
FNH:2
FNDA:1,(anonymous_0)
FNDA:0,(anonymous_1)
FNDA:0,(anonymous_2)
FNDA:0,(anonymous_3)
FNDA:7,reducer
DA:10,90
DA:11,0
DA:12,0
DA:13,0
DA:16,0
DA:17,0
DA:18,0
DA:21,0
DA:22,0
DA:23,0
DA:28,7
DA:30,1
DA:35,6
LF:13
LH:4
BRDA:28,0,0,1
BRDA:28,0,1,6
BRF:2
BRH:2
end_of_record
TN:
SF:C:\Users\NicoMendoza\Documents\dwla-web-app\Client\src\features\app\redux\deactivateAccount.js
FN:10,(anonymous_0)
FN:10,(anonymous_1)
FN:13,(anonymous_2)
FN:17,(anonymous_3)
FN:22,reducer
FNF:5
FNH:2
FNDA:1,(anonymous_0)
FNDA:0,(anonymous_1)
FNDA:0,(anonymous_2)
FNDA:0,(anonymous_3)
FNDA:7,reducer
DA:10,90
DA:11,0
DA:14,0
DA:15,0
DA:18,0
DA:23,7
DA:25,1
DA:30,6
LF:8
LH:4
BRDA:23,0,0,1
BRDA:23,0,1,6
BRF:2
BRH:2
end_of_record
TN:
SF:C:\Users\NicoMendoza\Documents\dwla-web-app\Client\src\features\app\redux\deleteRecord.js
FN:10,(anonymous_0)
FN:10,(anonymous_1)
FN:14,(anonymous_2)
FN:19,(anonymous_3)
FN:26,reducer
FNF:5
FNH:2
FNDA:1,(anonymous_0)
FNDA:0,(anonymous_1)
FNDA:0,(anonymous_2)
FNDA:0,(anonymous_3)
FNDA:7,reducer
DA:10,90
DA:11,0
DA:12,0
DA:15,0
DA:16,0
DA:17,0
DA:20,0
DA:21,0
DA:22,0
DA:27,7
DA:29,1
DA:34,6
LF:12
LH:4
BRDA:27,0,0,1
BRDA:27,0,1,6
BRF:2
BRH:2
end_of_record
TN:
SF:C:\Users\NicoMendoza\Documents\dwla-web-app\Client\src\features\app\redux\deleteSection.js
FN:10,(anonymous_0)
FN:10,(anonymous_1)
FN:14,(anonymous_2)
FN:19,(anonymous_3)
FN:27,reducer
FNF:5
FNH:2
FNDA:1,(anonymous_0)
FNDA:0,(anonymous_1)
FNDA:0,(anonymous_2)
FNDA:0,(anonymous_3)
FNDA:7,reducer
DA:10,90
DA:11,0
DA:12,0
DA:15,0
DA:16,0
DA:17,0
DA:20,0
DA:21,0
DA:23,0
DA:28,7
DA:30,1
DA:35,6
LF:12
LH:4
BRDA:28,0,0,1
BRDA:28,0,1,6
BRF:2
BRH:2
end_of_record
TN:
SF:C:\Users\NicoMendoza\Documents\dwla-web-app\Client\src\features\app\redux\deleteStudentSection.js
FN:10,(anonymous_0)
FN:10,(anonymous_1)
FN:14,(anonymous_2)
FN:20,(anonymous_3)
FN:28,reducer
FNF:5
FNH:2
FNDA:1,(anonymous_0)
FNDA:0,(anonymous_1)
FNDA:0,(anonymous_2)
FNDA:0,(anonymous_3)
FNDA:7,reducer
DA:10,90
DA:11,0
DA:12,0
DA:15,0
DA:16,0
DA:17,0
DA:18,0
DA:21,0
DA:22,0
DA:23,0
DA:24,0
DA:29,7
DA:31,1
DA:36,6
LF:14
LH:4
BRDA:29,0,0,1
BRDA:29,0,1,6
BRF:2
BRH:2
end_of_record
TN:
SF:C:\Users\NicoMendoza\Documents\dwla-web-app\Client\src\features\app\redux\deleteSubcomponent.js
FN:10,(anonymous_0)
FN:10,(anonymous_1)
FN:14,(anonymous_2)
FN:19,(anonymous_3)
FN:26,reducer
FNF:5
FNH:2
FNDA:1,(anonymous_0)
FNDA:0,(anonymous_1)
FNDA:0,(anonymous_2)
FNDA:0,(anonymous_3)
FNDA:7,reducer
DA:10,90
DA:11,0
DA:12,0
DA:15,0
DA:16,0
DA:17,0
DA:20,0
DA:21,0
DA:22,0
DA:27,7
DA:29,1
DA:34,6
LF:12
LH:4
BRDA:27,0,0,1
BRDA:27,0,1,6
BRF:2
BRH:2
end_of_record
TN:
SF:C:\Users\NicoMendoza\Documents\dwla-web-app\Client\src\features\app\redux\deleteSubjectSection.js
FN:10,(anonymous_0)
FN:10,(anonymous_1)
FN:15,(anonymous_2)
FN:20,(anonymous_3)
FN:27,reducer
FNF:5
FNH:2
FNDA:1,(anonymous_0)
FNDA:0,(anonymous_1)
FNDA:0,(anonymous_2)
FNDA:0,(anonymous_3)
FNDA:7,reducer
DA:10,90
DA:11,0
DA:12,0
DA:13,0
DA:16,0
DA:17,0
DA:18,0
DA:21,0
DA:22,0
DA:23,0
DA:28,7
DA:30,1
DA:35,6
LF:13
LH:4
BRDA:28,0,0,1
BRDA:28,0,1,6
BRF:2
BRH:2
end_of_record
TN:
SF:C:\Users\NicoMendoza\Documents\dwla-web-app\Client\src\features\app\redux\deleteSubjectSectionStudent.js
FN:10,(anonymous_0)
FN:10,(anonymous_1)
FN:15,(anonymous_2)
FN:20,(anonymous_3)
FN:27,reducer
FNF:5
FNH:2
FNDA:1,(anonymous_0)
FNDA:0,(anonymous_1)
FNDA:0,(anonymous_2)
FNDA:0,(anonymous_3)
FNDA:7,reducer
DA:10,90
DA:11,0
DA:12,0
DA:13,0
DA:16,0
DA:17,0
DA:18,0
DA:21,0
DA:22,0
DA:23,0
DA:28,7
DA:30,1
DA:35,6
LF:13
LH:4
BRDA:28,0,0,1
BRDA:28,0,1,6
BRF:2
BRH:2
end_of_record
TN:
SF:C:\Users\NicoMendoza\Documents\dwla-web-app\Client\src\features\app\redux\editRecord.js
FN:10,(anonymous_0)
FN:10,(anonymous_1)
FN:14,(anonymous_2)
FN:20,(anonymous_3)
FN:26,reducer
FNF:5
FNH:2
FNDA:1,(anonymous_0)
FNDA:0,(anonymous_1)
FNDA:0,(anonymous_2)
FNDA:0,(anonymous_3)
FNDA:7,reducer
DA:10,90
DA:11,0
DA:12,0
DA:15,0
DA:16,0
DA:17,0
DA:18,0
DA:21,0
DA:22,0
DA:23,0
DA:27,7
DA:29,1
DA:34,6
LF:13
LH:4
BRDA:27,0,0,1
BRDA:27,0,1,6
BRF:2
BRH:2
end_of_record
TN:
SF:C:\Users\NicoMendoza\Documents\dwla-web-app\Client\src\features\app\redux\editSection.js
FN:10,(anonymous_0)
FN:10,(anonymous_1)
FN:14,(anonymous_2)
FN:19,(anonymous_3)
FN:25,reducer
FNF:5
FNH:2
FNDA:1,(anonymous_0)
FNDA:0,(anonymous_1)
FNDA:0,(anonymous_2)
FNDA:0,(anonymous_3)
FNDA:7,reducer
DA:10,90
DA:11,0
DA:12,0
DA:15,0
DA:16,0
DA:17,0
DA:20,0
DA:21,0
DA:26,7
DA:28,1
DA:33,6
LF:11
LH:4
BRDA:26,0,0,1
BRDA:26,0,1,6
BRF:2
BRH:2
end_of_record
TN:
SF:C:\Users\NicoMendoza\Documents\dwla-web-app\Client\src\features\app\redux\editSubcomponent.js
FN:10,(anonymous_0)
FN:10,(anonymous_1)
FN:14,(anonymous_2)
FN:19,(anonymous_3)
FN:26,reducer
FNF:5
FNH:2
FNDA:1,(anonymous_0)
FNDA:0,(anonymous_1)
FNDA:0,(anonymous_2)
FNDA:0,(anonymous_3)
FNDA:7,reducer
DA:10,90
DA:11,0
DA:12,0
DA:15,0
DA:16,0
DA:17,0
DA:20,0
DA:21,0
DA:22,0
DA:27,7
DA:29,1
DA:34,6
LF:12
LH:4
BRDA:27,0,0,1
BRDA:27,0,1,6
BRF:2
BRH:2
end_of_record
TN:
SF:C:\Users\NicoMendoza\Documents\dwla-web-app\Client\src\features\app\redux\getAccountList.js
FN:9,(anonymous_0)
FN:9,(anonymous_1)
FN:12,(anonymous_2)
FN:15,(anonymous_3)
FN:20,reducer
FNF:5
FNH:2
FNDA:1,(anonymous_0)
FNDA:0,(anonymous_1)
FNDA:0,(anonymous_2)
FNDA:0,(anonymous_3)
FNDA:7,reducer
DA:9,90
DA:10,0
DA:13,0
DA:16,0
DA:21,7
DA:23,1
DA:29,6
LF:7
LH:4
BRDA:21,0,0,1
BRDA:21,0,1,6
BRF:2
BRH:2
end_of_record
TN:
SF:C:\Users\NicoMendoza\Documents\dwla-web-app\Client\src\features\app\redux\getCurrentProfile.js
FN:8,(anonymous_0)
FN:8,(anonymous_1)
FN:12,(anonymous_2)
FN:16,(anonymous_3)
FN:25,reducer
FNF:5
FNH:2
FNDA:2,(anonymous_0)
FNDA:0,(anonymous_1)
FNDA:0,(anonymous_2)
FNDA:0,(anonymous_3)
FNDA:7,reducer
DA:8,91
DA:9,0
DA:10,0
DA:13,0
DA:14,0
DA:17,0
DA:21,0
DA:26,7
DA:28,1
DA:34,6
LF:10
LH:4
BRDA:26,0,0,1
BRDA:26,0,1,6
BRF:2
BRH:2
end_of_record
TN:
SF:C:\Users\NicoMendoza\Documents\dwla-web-app\Client\src\features\app\redux\getErrors.js
FN:7,(anonymous_0)
FN:7,(anonymous_1)
FN:11,reducer
FNF:3
FNH:2
FNDA:1,(anonymous_0)
FNDA:0,(anonymous_1)
FNDA:7,reducer
DA:7,91
DA:8,0
DA:12,7
DA:14,1
DA:20,6
LF:5
LH:4
BRDA:12,0,0,1
BRDA:12,0,1,6
BRF:2
BRH:2
end_of_record
TN:
SF:C:\Users\NicoMendoza\Documents\dwla-web-app\Client\src\features\app\redux\initialState.js
FNF:0
FNH:0
DA:1,2
LF:1
LH:1
BRF:0
BRH:0
end_of_record
TN:
SF:C:\Users\NicoMendoza\Documents\dwla-web-app\Client\src\features\app\redux\loginUser.js
FN:12,(anonymous_0)
FN:12,(anonymous_1)
FN:16,(anonymous_2)
FN:25,(anonymous_3)
FN:37,reducer
FNF:5
FNH:2
FNDA:1,(anonymous_0)
FNDA:0,(anonymous_1)
FNDA:0,(anonymous_2)
FNDA:0,(anonymous_3)
FNDA:7,reducer
DA:12,90
DA:13,0
DA:14,0
DA:17,0
DA:18,0
DA:19,0
DA:20,0
DA:21,0
DA:22,0
DA:23,0
DA:26,0
DA:27,0
DA:28,0
DA:29,0
DA:32,0
DA:38,7
DA:40,1
DA:45,6
LF:18
LH:4
BRDA:28,0,0,0
BRDA:28,0,1,0
BRDA:38,1,0,1
BRDA:38,1,1,6
BRF:4
BRH:2
end_of_record
TN:
SF:C:\Users\NicoMendoza\Documents\dwla-web-app\Client\src\features\app\redux\logoutUser.js
FN:9,logoutUser
FN:19,reducer
FNF:2
FNH:2
FNDA:1,logoutUser
FNDA:7,reducer
DA:10,1
DA:11,1
DA:12,0
DA:13,0
DA:14,0
DA:20,7
DA:22,1
DA:32,6
LF:8
LH:5
BRDA:20,0,0,1
BRDA:20,0,1,6
BRF:2
BRH:2
end_of_record
TN:
SF:C:\Users\NicoMendoza\Documents\dwla-web-app\Client\src\features\app\redux\reducer.js
FN:76,reducer
FNF:1
FNH:1
FNDA:6,reducer
DA:38,2
DA:78,6
DA:81,6
DA:82,6
LF:4
LH:4
BRDA:76,0,0,6
BRDA:78,1,0,6
BRF:2
BRH:2
end_of_record
TN:
SF:C:\Users\NicoMendoza\Documents\dwla-web-app\Client\src\features\app\redux\sampleAction.js
FN:9,sampleAction
FN:15,reducer
FNF:2
FNH:2
FNDA:1,sampleAction
FNDA:7,reducer
DA:10,1
DA:16,7
DA:18,1
DA:24,6
LF:4
LH:4
BRDA:16,0,0,1
BRDA:16,0,1,6
BRF:2
BRH:2
end_of_record
TN:
SF:C:\Users\NicoMendoza\Documents\dwla-web-app\Client\src\features\app\redux\setCurrentUser.js
FN:8,setCurrentUser
FN:16,reducer
FNF:2
FNH:2
FNDA:1,setCurrentUser
FNDA:7,reducer
DA:9,1
DA:10,1
DA:17,7
DA:19,1
DA:28,6
LF:5
LH:5
BRDA:17,0,0,1
BRDA:17,0,1,6
BRF:2
BRH:2
end_of_record
TN:
SF:C:\Users\NicoMendoza\Documents\dwla-web-app\Client\src\features\app\redux\setLoading.js
FN:9,setLoading
FN:16,reducer
FNF:2
FNH:2
FNDA:2,setLoading
FNDA:7,reducer
DA:10,2
DA:17,7
DA:19,1
DA:25,6
LF:4
LH:4
BRDA:17,0,0,1
BRDA:17,0,1,6
BRF:2
BRH:2
end_of_record
TN:
SF:C:\Users\NicoMendoza\Documents\dwla-web-app\Client\src\features\app\redux\unassignAdvisorySection.js
FN:10,(anonymous_0)
FN:10,(anonymous_1)
FN:15,(anonymous_2)
FN:20,(anonymous_3)
FN:27,reducer
FNF:5
FNH:2
FNDA:1,(anonymous_0)
FNDA:0,(anonymous_1)
FNDA:0,(anonymous_2)
FNDA:0,(anonymous_3)
FNDA:7,reducer
DA:10,90
DA:11,0
DA:12,0
DA:13,0
DA:16,0
DA:17,0
DA:18,0
DA:21,0
DA:22,0
DA:23,0
DA:28,7
DA:30,1
DA:35,6
LF:13
LH:4
BRDA:28,0,0,1
BRDA:28,0,1,6
BRF:2
BRH:2
end_of_record
TN:
SF:C:\Users\NicoMendoza\Documents\dwla-web-app\Client\src\features\app\redux\updateAdminProfile.js
FN:10,(anonymous_0)
FN:10,(anonymous_1)
FN:14,(anonymous_2)
FN:20,(anonymous_3)
FN:32,reducer
FNF:5
FNH:2
FNDA:1,(anonymous_0)
FNDA:0,(anonymous_1)
FNDA:0,(anonymous_2)
FNDA:0,(anonymous_3)
FNDA:7,reducer
DA:10,90
DA:11,0
DA:12,0
DA:15,0
DA:16,0
DA:17,0
DA:18,0
DA:21,0
DA:25,0
DA:27,0
DA:33,7
DA:35,1
DA:40,6
LF:13
LH:4
BRDA:33,0,0,1
BRDA:33,0,1,6
BRF:2
BRH:2
end_of_record
TN:
SF:C:\Users\NicoMendoza\Documents\dwla-web-app\Client\src\features\app\redux\updateDirectorProfile.js
FN:10,(anonymous_0)
FN:10,(anonymous_1)
FN:14,(anonymous_2)
FN:20,(anonymous_3)
FN:32,reducer
FNF:5
FNH:2
FNDA:1,(anonymous_0)
FNDA:0,(anonymous_1)
FNDA:0,(anonymous_2)
FNDA:0,(anonymous_3)
FNDA:7,reducer
DA:10,90
DA:11,0
DA:12,0
DA:15,0
DA:16,0
DA:17,0
DA:18,0
DA:21,0
DA:25,0
DA:27,0
DA:33,7
DA:35,1
DA:40,6
LF:13
LH:4
BRDA:33,0,0,1
BRDA:33,0,1,6
BRF:2
BRH:2
end_of_record
TN:
SF:C:\Users\NicoMendoza\Documents\dwla-web-app\Client\src\features\app\redux\updateParentProfile.js
FN:10,(anonymous_0)
FN:10,(anonymous_1)
FN:14,(anonymous_2)
FN:20,(anonymous_3)
FN:29,reducer
FNF:5
FNH:2
FNDA:1,(anonymous_0)
FNDA:0,(anonymous_1)
FNDA:0,(anonymous_2)
FNDA:0,(anonymous_3)
FNDA:7,reducer
DA:10,90
DA:11,0
DA:12,0
DA:15,0
DA:16,0
DA:17,0
DA:18,0
DA:21,0
DA:22,0
DA:24,0
DA:30,7
DA:32,1
DA:37,6
LF:13
LH:4
BRDA:30,0,0,1
BRDA:30,0,1,6
BRF:2
BRH:2
end_of_record
TN:
SF:C:\Users\NicoMendoza\Documents\dwla-web-app\Client\src\features\app\redux\updateRegistrarProfile.js
FN:10,(anonymous_0)
FN:10,(anonymous_1)
FN:14,(anonymous_2)
FN:20,(anonymous_3)
FN:32,reducer
FNF:5
FNH:2
FNDA:1,(anonymous_0)
FNDA:0,(anonymous_1)
FNDA:0,(anonymous_2)
FNDA:0,(anonymous_3)
FNDA:7,reducer
DA:10,90
DA:11,0
DA:12,0
DA:15,0
DA:16,0
DA:17,0
DA:18,0
DA:21,0
DA:25,0
DA:27,0
DA:33,7
DA:35,1
DA:40,6
LF:13
LH:4
BRDA:33,0,0,1
BRDA:33,0,1,6
BRF:2
BRH:2
end_of_record
TN:
SF:C:\Users\NicoMendoza\Documents\dwla-web-app\Client\src\features\app\redux\updateTeacherProfile.js
FN:10,(anonymous_0)
FN:10,(anonymous_1)
FN:14,(anonymous_2)
FN:20,(anonymous_3)
FN:29,reducer
FNF:5
FNH:2
FNDA:1,(anonymous_0)
FNDA:0,(anonymous_1)
FNDA:0,(anonymous_2)
FNDA:0,(anonymous_3)
FNDA:7,reducer
DA:10,90
DA:11,0
DA:12,0
DA:15,0
DA:16,0
DA:17,0
DA:18,0
DA:21,0
DA:22,0
DA:24,0
DA:30,7
DA:32,1
DA:37,6
LF:13
LH:4
BRDA:30,0,0,1
BRDA:30,0,1,6
BRF:2
BRH:2
end_of_record
TN:
SF:C:\Users\NicoMendoza\Documents\dwla-web-app\Client\src\features\common\PageNotFound.js
FN:6,(anonymous_0)
FNF:1
FNH:1
FNDA:1,(anonymous_0)
DA:7,1
LF:1
LH:1
BRF:0
BRH:0
end_of_record
TN:
SF:C:\Users\NicoMendoza\Documents\dwla-web-app\Client\src\features\common\index.js
FNF:0
FNH:0
LF:0
LH:0
BRF:0
BRH:0
end_of_record
TN:
SF:C:\Users\NicoMendoza\Documents\dwla-web-app\Client\src\features\common\route.js
FNF:0
FNH:0
LF:0
LH:0
BRF:0
BRH:0
end_of_record
TN:
SF:C:\Users\NicoMendoza\Documents\dwla-web-app\Client\src\features\common\redux\actions.js
FN:1,(anonymous_0)
FNF:1
FNH:0
FNDA:0,(anonymous_0)
DA:1,0
LF:1
LH:0
BRDA:1,0,0,0
BRDA:1,0,1,0
BRF:2
BRH:0
end_of_record
TN:
SF:C:\Users\NicoMendoza\Documents\dwla-web-app\Client\src\features\common\redux\constants.js
FN:1,(anonymous_0)
FNF:1
FNH:0
FNDA:0,(anonymous_0)
DA:1,0
LF:1
LH:0
BRDA:1,0,0,0
BRDA:1,0,1,0
BRF:2
BRH:0
end_of_record
TN:
SF:C:\Users\NicoMendoza\Documents\dwla-web-app\Client\src\features\common\redux\initialState.js
FNF:0
FNH:0
DA:9,2
LF:1
LH:1
BRF:0
BRH:0
end_of_record
TN:
SF:C:\Users\NicoMendoza\Documents\dwla-web-app\Client\src\features\common\redux\reducer.js
FN:14,reducer
FNF:1
FNH:1
FNDA:6,reducer
DA:11,2
DA:16,6
DA:19,6
DA:20,6
LF:4
LH:4
BRDA:14,0,0,6
BRDA:16,1,0,6
BRF:2
BRH:2
end_of_record
TN:
SF:C:\Users\NicoMendoza\Documents\dwla-web-app\Client\src\utils\index.js
FN:4,(anonymous_0)
FNF:1
FNH:1
FNDA:2,(anonymous_0)
DA:3,43
DA:4,43
DA:5,2
LF:3
LH:3
BRF:0
BRH:0
end_of_record
